01:02:25.937 INFO  =-=-=-=-=-=-=- Loading shard(s) -=-=-=-=-=-=-= 
01:02:26.904 INFO  =-=-=-=-=-=-=- Loading commands -=-=-=-=-=-=-= 
01:02:26.915 INFO  Loading Command: ban. 
01:02:26.917 INFO  Loading Command: prefix. 
01:02:26.919 INFO  Loading Command: setup. 
01:02:26.921 INFO  Loading Command: test. 
01:02:26.923 INFO  Loading Command: unban. 
01:02:26.925 INFO  Loading Command: help. 
01:02:26.927 INFO  Loading Command: ping. 
01:02:26.955 INFO  Loading Command: docs. 
01:02:26.956 INFO  Loading Command: eval. 
01:02:26.958 INFO  Loading Command: lavalink. 
01:02:26.970 INFO  Loading Command: node. 
01:02:26.972 INFO  Loading Command: reload. 
01:02:26.973 INFO  Loading Command: shutdown. 
01:02:26.974 INFO  Loading Command: suggestion. 
01:02:26.977 INFO  Loading Command: user. 
01:02:26.980 INFO  Loading Command: about. 
01:02:26.981 INFO  Loading Command: invite. 
01:02:26.984 INFO  Loading Command: shorturl. 
01:02:26.985 INFO  Loading Command: status. 
01:02:26.986 INFO  Loading Command: support. 
01:02:26.987 INFO  Loading Command: uptime. 
01:02:26.988 INFO  =-=-=-=-=-=-=- Loading events -=-=-=-=-=-=-= 
01:02:27.046 INFO  Loading Command: 247. 
01:02:27.047 INFO  Loading Command: back. 
01:02:27.049 INFO  Loading Command: bassboost. 
01:02:27.050 INFO  Loading Command: dc. 
01:02:27.051 INFO  Loading Command: fast-forward. 
01:02:27.052 INFO  Loading Command: join. 
01:02:27.053 INFO  Loading Command: loop. 
01:02:27.147 INFO  Loading Command: lyrics. 
01:02:27.148 INFO  Loading Command: move. 
01:02:27.149 INFO  Loading Command: nightcore. 
01:02:27.152 INFO  Loading Command: np. 
01:02:27.153 INFO  Loading Command: p-add. 
01:02:27.155 INFO  Loading Command: p-create. 
01:02:27.156 INFO  Loading Command: p-delete. 
01:02:27.158 INFO  Loading Command: p-load. 
01:02:27.159 INFO  Loading Command: p-remove. 
01:02:27.160 INFO  Loading Command: p-view. 
01:02:27.161 INFO  Loading Command: pause. 
01:02:27.163 INFO  Loading Command: pitch. 
01:02:27.165 INFO  Loading Command: play. 
01:02:27.166 INFO  Loading Command: previous. 
01:02:27.167 INFO  Loading Command: queue. 
01:02:27.173 INFO  Loading Command: radio. 
01:02:27.175 INFO  Loading Command: remove. 
01:02:27.176 INFO  Loading Command: resume. 
01:02:27.177 INFO  Loading Command: rewind. 
01:02:27.178 INFO  Loading Command: search. 
01:02:27.180 INFO  Loading Command: seek. 
01:02:27.182 INFO  Loading Command: shuffle. 
01:02:27.183 INFO  Loading Command: skip. 
01:02:27.184 INFO  Loading Command: speed. 
01:02:27.186 INFO  Loading Command: vaporwave. 
01:02:27.187 INFO  Loading Command: volume. 
01:02:27.191 INFO  Loading Event: debug 
01:02:27.192 INFO  Loading Event: error 
01:02:27.194 INFO  Loading Event: guildCreate 
01:02:27.197 INFO  Loading Event: guildDelete 
01:02:27.198 INFO  Loading Event: guildUnavailable 
01:02:27.199 INFO  Loading Event: interactionCreate 
01:02:27.202 INFO  Loading Event: messageCreate 
01:02:27.203 INFO  Loading Event: rateLimit 
01:02:27.204 INFO  Loading Event: raw 
01:02:27.205 INFO  Loading Event: ready 
01:02:27.206 INFO  Loading Event: warn 
01:02:27.208 INFO  Loading Event: clickButton 
01:02:27.210 INFO  Loading Event: slashCreate 
01:02:27.212 INFO  Loading Event: channelDelete 
01:02:27.214 INFO  Loading Event: messageReactionAdd 
01:02:27.215 INFO  Loading Event: voiceStateUpdate 
01:02:27.217 INFO  Loading Event: shardDisconnect 
01:02:27.218 INFO  Loading Event: shardError 
01:02:27.219 INFO  Loading Event: shardReady 
01:02:27.220 INFO  Loading Event: shardReconnecting 
01:02:27.270 INFO  1 language(s) have loaded. (en-US) 
01:02:27.671 INFO  MongoDB successfully connected 
01:02:27.962 INFO  Shard: 0 has became ready with: 0 unavailable guilds. 
01:02:27.966 INFO  =-=-=-=-=-=-=- Loading Guild Specific Interaction(s) -=-=-=-=-=-=-= 
01:02:28.035 INFO  All guilds have been initialized. 
01:02:28.036 INFO  -=-=-=-=-=-=-=-=-=-=-=-=-=-=-=-=-=-=-=-=-=-=-=-=-=-=-=-= 
01:02:28.036 INFO  Moody 2#6662, ready to serve [2] users in [2] servers. 
01:02:28.036 INFO  -=-=-=-=-=-=-=-=-=-=-=-=-=-=-=-=-=-=-=-=-=-=-=-=-=-=-=-= 
01:02:28.046 INFO  Lavalink node: lava.link has connected. 
01:02:28.145 INFO  Loaded Interactions for guild: Moody 
01:02:28.200 INFO  Loaded Interactions for guild: TEST 
01:03:52.976 INFO  =-=-=-=-=-=-=- Loading shard(s) -=-=-=-=-=-=-= 
01:03:53.902 INFO  =-=-=-=-=-=-=- Loading commands -=-=-=-=-=-=-= 
01:03:53.912 INFO  Loading Command: help. 
01:03:53.914 INFO  Loading Command: ping. 
01:03:53.918 INFO  Loading Command: ban. 
01:03:53.920 INFO  Loading Command: prefix. 
01:03:53.922 INFO  Loading Command: setup. 
01:03:53.924 INFO  Loading Command: test. 
01:03:53.926 INFO  Loading Command: unban. 
01:03:53.952 INFO  Loading Command: docs. 
01:03:53.954 INFO  Loading Command: eval. 
01:03:53.955 INFO  Loading Command: lavalink. 
01:03:53.968 INFO  Loading Command: node. 
01:03:53.969 INFO  Loading Command: reload. 
01:03:53.970 INFO  Loading Command: shutdown. 
01:03:53.972 INFO  Loading Command: suggestion. 
01:03:53.974 INFO  Loading Command: user. 
01:03:53.977 INFO  Loading Command: about. 
01:03:53.978 INFO  Loading Command: invite. 
01:03:53.981 INFO  Loading Command: shorturl. 
01:03:53.982 INFO  Loading Command: status. 
01:03:53.983 INFO  Loading Command: support. 
01:03:53.985 INFO  Loading Command: uptime. 
01:03:53.985 INFO  =-=-=-=-=-=-=- Loading events -=-=-=-=-=-=-= 
01:03:54.044 INFO  Loading Command: 247. 
01:03:54.045 INFO  Loading Command: back. 
01:03:54.046 INFO  Loading Command: bassboost. 
01:03:54.047 INFO  Loading Command: dc. 
01:03:54.048 INFO  Loading Command: fast-forward. 
01:03:54.049 INFO  Loading Command: join. 
01:03:54.050 INFO  Loading Command: loop. 
01:03:54.138 INFO  Loading Command: lyrics. 
01:03:54.140 INFO  Loading Command: move. 
01:03:54.141 INFO  Loading Command: nightcore. 
01:03:54.144 INFO  Loading Command: np. 
01:03:54.145 INFO  Loading Command: p-add. 
01:03:54.146 INFO  Loading Command: p-create. 
01:03:54.147 INFO  Loading Command: p-delete. 
01:03:54.149 INFO  Loading Command: p-load. 
01:03:54.150 INFO  Loading Command: p-remove. 
01:03:54.151 INFO  Loading Command: p-view. 
01:03:54.153 INFO  Loading Command: pause. 
01:03:54.154 INFO  Loading Command: pitch. 
01:03:54.156 INFO  Loading Command: play. 
01:03:54.157 INFO  Loading Command: previous. 
01:03:54.158 INFO  Loading Command: queue. 
01:03:54.165 INFO  Loading Command: radio. 
01:03:54.166 INFO  Loading Command: remove. 
01:03:54.167 INFO  Loading Command: resume. 
01:03:54.168 INFO  Loading Command: rewind. 
01:03:54.169 INFO  Loading Command: search. 
01:03:54.171 INFO  Loading Command: seek. 
01:03:54.173 INFO  Loading Command: shuffle. 
01:03:54.174 INFO  Loading Command: skip. 
01:03:54.175 INFO  Loading Command: speed. 
01:03:54.177 INFO  Loading Command: vaporwave. 
01:03:54.178 INFO  Loading Command: volume. 
01:03:54.181 INFO  Loading Event: debug 
01:03:54.183 INFO  Loading Event: error 
01:03:54.185 INFO  Loading Event: guildCreate 
01:03:54.187 INFO  Loading Event: guildDelete 
01:03:54.188 INFO  Loading Event: guildUnavailable 
01:03:54.189 INFO  Loading Event: interactionCreate 
01:03:54.193 INFO  Loading Event: messageCreate 
01:03:54.194 INFO  Loading Event: rateLimit 
01:03:54.196 INFO  Loading Event: raw 
01:03:54.197 INFO  Loading Event: ready 
01:03:54.200 INFO  Loading Event: warn 
01:03:54.201 INFO  Loading Event: clickButton 
01:03:54.203 INFO  Loading Event: slashCreate 
01:03:54.205 INFO  Loading Event: channelDelete 
01:03:54.207 INFO  Loading Event: messageReactionAdd 
01:03:54.208 INFO  Loading Event: voiceStateUpdate 
01:03:54.209 INFO  Loading Event: shardDisconnect 
01:03:54.210 INFO  Loading Event: shardError 
01:03:54.212 INFO  Loading Event: shardReady 
01:03:54.213 INFO  Loading Event: shardReconnecting 
01:03:54.265 INFO  1 language(s) have loaded. (en-US) 
01:03:54.669 INFO  MongoDB successfully connected 
01:03:54.976 INFO  Shard: 0 has became ready with: 0 unavailable guilds. 
01:03:54.980 INFO  =-=-=-=-=-=-=- Loading Guild Specific Interaction(s) -=-=-=-=-=-=-= 
01:03:55.049 INFO  All guilds have been initialized. 
01:03:55.050 INFO  -=-=-=-=-=-=-=-=-=-=-=-=-=-=-=-=-=-=-=-=-=-=-=-=-=-=-=-= 
01:03:55.050 INFO  Moody 2#6662, ready to serve [2] users in [2] servers. 
01:03:55.050 INFO  -=-=-=-=-=-=-=-=-=-=-=-=-=-=-=-=-=-=-=-=-=-=-=-=-=-=-=-= 
01:03:55.086 INFO  Lavalink node: lava.link has connected. 
01:03:55.169 INFO  Loaded Interactions for guild: Moody 
01:03:55.224 INFO  Loaded Interactions for guild: TEST 
01:08:13.153 INFO  Found Track: Technotronic - Pump Up The Jam (Official Music Video) 
01:08:13.174 ERROR Unhandled promise rejection: Cannot convert undefined or null to object. 
01:11:41.297 INFO  =-=-=-=-=-=-=- Loading shard(s) -=-=-=-=-=-=-= 
01:11:42.246 INFO  =-=-=-=-=-=-=- Loading commands -=-=-=-=-=-=-= 
01:11:42.258 INFO  Loading Command: ban. 
01:11:42.260 INFO  Loading Command: prefix. 
01:11:42.262 INFO  Loading Command: setup. 
01:11:42.264 INFO  Loading Command: test. 
01:11:42.265 INFO  Loading Command: unban. 
01:11:42.267 INFO  Loading Command: help. 
01:11:42.269 INFO  Loading Command: ping. 
01:11:42.296 INFO  Loading Command: docs. 
01:11:42.297 INFO  Loading Command: eval. 
01:11:42.298 INFO  Loading Command: lavalink. 
01:11:42.312 INFO  Loading Command: node. 
01:11:42.313 INFO  Loading Command: reload. 
01:11:42.314 INFO  Loading Command: shutdown. 
01:11:42.315 INFO  Loading Command: suggestion. 
01:11:42.318 INFO  Loading Command: user. 
01:11:42.320 INFO  =-=-=-=-=-=-=- Loading events -=-=-=-=-=-=-= 
01:11:42.383 INFO  Loading Command: about. 
01:11:42.385 INFO  Loading Command: invite. 
01:11:42.387 INFO  Loading Command: shorturl. 
01:11:42.388 INFO  Loading Command: status. 
01:11:42.389 INFO  Loading Command: support. 
01:11:42.390 INFO  Loading Command: uptime. 
01:11:42.393 INFO  Loading Command: 247. 
01:11:42.394 INFO  Loading Command: back. 
01:11:42.395 INFO  Loading Command: bassboost. 
01:11:42.397 INFO  Loading Command: dc. 
01:11:42.398 INFO  Loading Command: fast-forward. 
01:11:42.399 INFO  Loading Command: join. 
01:11:42.400 INFO  Loading Command: loop. 
01:11:42.490 INFO  Loading Command: lyrics. 
01:11:42.491 INFO  Loading Command: move. 
01:11:42.493 INFO  Loading Command: nightcore. 
01:11:42.495 INFO  Loading Command: np. 
01:11:42.497 INFO  Loading Command: p-add. 
01:11:42.498 INFO  Loading Command: p-create. 
01:11:42.499 INFO  Loading Command: p-delete. 
01:11:42.501 INFO  Loading Command: p-load. 
01:11:42.502 INFO  Loading Command: p-remove. 
01:11:42.503 INFO  Loading Command: p-view. 
01:11:42.505 INFO  Loading Command: pause. 
01:11:42.507 INFO  Loading Command: pitch. 
01:11:42.508 INFO  Loading Command: play. 
01:11:42.509 INFO  Loading Command: previous. 
01:11:42.510 INFO  Loading Command: queue. 
01:11:42.517 INFO  Loading Command: radio. 
01:11:42.518 INFO  Loading Command: remove. 
01:11:42.519 INFO  Loading Command: resume. 
01:11:42.521 INFO  Loading Command: rewind. 
01:11:42.522 INFO  Loading Command: search. 
01:11:42.523 INFO  Loading Command: seek. 
01:11:42.525 INFO  Loading Command: shuffle. 
01:11:42.526 INFO  Loading Command: skip. 
01:11:42.527 INFO  Loading Command: speed. 
01:11:42.529 INFO  Loading Command: vaporwave. 
01:11:42.530 INFO  Loading Command: volume. 
01:11:42.533 INFO  Loading Event: clickButton 
01:11:42.535 INFO  Loading Event: slashCreate 
01:11:42.537 INFO  Loading Event: shardDisconnect 
01:11:42.538 INFO  Loading Event: shardError 
01:11:42.539 INFO  Loading Event: shardReady 
01:11:42.540 INFO  Loading Event: shardReconnecting 
01:11:42.541 INFO  Loading Event: debug 
01:11:42.542 INFO  Loading Event: error 
01:11:42.544 INFO  Loading Event: guildCreate 
01:11:42.547 INFO  Loading Event: guildDelete 
01:11:42.548 INFO  Loading Event: guildUnavailable 
01:11:42.549 INFO  Loading Event: interactionCreate 
01:11:42.553 INFO  Loading Event: messageCreate 
01:11:42.554 INFO  Loading Event: rateLimit 
01:11:42.555 INFO  Loading Event: raw 
01:11:42.556 INFO  Loading Event: ready 
01:11:42.557 INFO  Loading Event: warn 
01:11:42.559 INFO  Loading Event: channelDelete 
01:11:42.561 INFO  Loading Event: messageReactionAdd 
01:11:42.562 INFO  Loading Event: voiceStateUpdate 
01:11:42.612 INFO  1 language(s) have loaded. (en-US) 
01:11:43.052 INFO  MongoDB successfully connected 
01:11:43.357 INFO  Shard: 0 has became ready with: 0 unavailable guilds. 
01:11:43.362 INFO  =-=-=-=-=-=-=- Loading Guild Specific Interaction(s) -=-=-=-=-=-=-= 
01:11:43.449 INFO  All guilds have been initialized. 
01:11:43.449 INFO  -=-=-=-=-=-=-=-=-=-=-=-=-=-=-=-=-=-=-=-=-=-=-=-=-=-=-=-= 
01:11:43.450 INFO  Moody 2#6662, ready to serve [2] users in [2] servers. 
01:11:43.450 INFO  -=-=-=-=-=-=-=-=-=-=-=-=-=-=-=-=-=-=-=-=-=-=-=-=-=-=-=-= 
01:11:43.487 INFO  Lavalink node: lava.link has connected. 
01:11:43.557 INFO  Loaded Interactions for guild: Moody 
01:11:43.816 INFO  Loaded Interactions for guild: TEST 
01:17:18.910 INFO  =-=-=-=-=-=-=- Loading shard(s) -=-=-=-=-=-=-= 
01:17:19.898 INFO  =-=-=-=-=-=-=- Loading commands -=-=-=-=-=-=-= 
01:17:19.910 INFO  Loading Command: ban. 
01:17:19.912 INFO  Loading Command: prefix. 
01:17:19.914 INFO  Loading Command: setup. 
01:17:19.915 INFO  Loading Command: test. 
01:17:19.917 INFO  Loading Command: unban. 
01:17:19.942 INFO  Loading Command: docs. 
01:17:19.943 INFO  Loading Command: eval. 
01:17:19.944 INFO  Loading Command: lavalink. 
01:17:19.957 INFO  Loading Command: node. 
01:17:19.958 INFO  Loading Command: reload. 
01:17:19.959 INFO  Loading Command: shutdown. 
01:17:19.960 INFO  Loading Command: suggestion. 
01:17:19.963 INFO  Loading Command: user. 
01:17:19.965 INFO  Loading Command: help. 
01:17:19.966 INFO  Loading Command: ping. 
01:17:19.969 INFO  Loading Command: about. 
01:17:19.970 INFO  Loading Command: invite. 
01:17:19.973 INFO  Loading Command: shorturl. 
01:17:19.975 INFO  Loading Command: status. 
01:17:19.976 INFO  Loading Command: support. 
01:17:19.977 INFO  Loading Command: uptime. 
01:17:19.979 INFO  Loading Command: 247. 
01:17:19.980 INFO  Loading Command: back. 
01:17:19.982 INFO  Loading Command: bassboost. 
01:17:19.983 INFO  Loading Command: dc. 
01:17:19.985 INFO  Loading Command: fast-forward. 
01:17:19.986 INFO  Loading Command: join. 
01:17:19.987 INFO  Loading Command: loop. 
01:17:20.087 INFO  Loading Command: lyrics. 
01:17:20.089 INFO  Loading Command: move. 
01:17:20.091 INFO  Loading Command: nightcore. 
01:17:20.094 INFO  Loading Command: np. 
01:17:20.096 INFO  Loading Command: p-add. 
01:17:20.098 INFO  Loading Command: p-create. 
01:17:20.099 INFO  Loading Command: p-delete. 
01:17:20.101 INFO  Loading Command: p-load. 
01:17:20.102 INFO  Loading Command: p-remove. 
01:17:20.104 INFO  Loading Command: p-view. 
01:17:20.105 INFO  Loading Command: pause. 
01:17:20.107 INFO  Loading Command: pitch. 
01:17:20.109 INFO  Loading Command: play. 
01:17:20.111 INFO  Loading Command: previous. 
01:17:20.112 INFO  Loading Command: queue. 
01:17:20.120 INFO  Loading Command: radio. 
01:17:20.122 INFO  Loading Command: remove. 
01:17:20.123 INFO  Loading Command: resume. 
01:17:20.125 INFO  Loading Command: rewind. 
01:17:20.127 INFO  Loading Command: search. 
01:17:20.129 INFO  Loading Command: seek. 
01:17:20.132 INFO  Loading Command: shuffle. 
01:17:20.134 INFO  Loading Command: skip. 
01:17:20.137 INFO  Loading Command: speed. 
01:17:20.141 INFO  Loading Command: vaporwave. 
01:17:20.143 INFO  Loading Command: volume. 
01:17:20.145 INFO  =-=-=-=-=-=-=- Loading events -=-=-=-=-=-=-= 
01:17:20.215 INFO  Loading Event: shardDisconnect 
01:17:20.216 INFO  Loading Event: shardError 
01:17:20.217 INFO  Loading Event: shardReady 
01:17:20.218 INFO  Loading Event: shardReconnecting 
01:17:20.220 INFO  Loading Event: debug 
01:17:20.221 INFO  Loading Event: error 
01:17:20.223 INFO  Loading Event: guildCreate 
01:17:20.225 INFO  Loading Event: guildDelete 
01:17:20.226 INFO  Loading Event: guildUnavailable 
01:17:20.228 INFO  Loading Event: interactionCreate 
01:17:20.234 INFO  Loading Event: messageCreate 
01:17:20.235 INFO  Loading Event: rateLimit 
01:17:20.236 INFO  Loading Event: raw 
01:17:20.237 INFO  Loading Event: ready 
01:17:20.238 INFO  Loading Event: warn 
01:17:20.240 INFO  Loading Event: clickButton 
01:17:20.243 INFO  Loading Event: slashCreate 
01:17:20.245 INFO  Loading Event: channelDelete 
01:17:20.247 INFO  Loading Event: messageReactionAdd 
01:17:20.248 INFO  Loading Event: voiceStateUpdate 
01:17:20.309 INFO  1 language(s) have loaded. (en-US) 
01:17:20.772 INFO  MongoDB successfully connected 
01:17:21.024 INFO  Shard: 0 has became ready with: 0 unavailable guilds. 
01:17:21.029 INFO  =-=-=-=-=-=-=- Loading Guild Specific Interaction(s) -=-=-=-=-=-=-= 
01:17:21.102 INFO  All guilds have been initialized. 
01:17:21.103 INFO  -=-=-=-=-=-=-=-=-=-=-=-=-=-=-=-=-=-=-=-=-=-=-=-=-=-=-=-= 
01:17:21.103 INFO  Moody 2#6662, ready to serve [2] users in [2] servers. 
01:17:21.103 INFO  -=-=-=-=-=-=-=-=-=-=-=-=-=-=-=-=-=-=-=-=-=-=-=-=-=-=-=-= 
01:17:21.119 INFO  Lavalink node: lava.link has connected. 
01:17:21.220 INFO  Loaded Interactions for guild: Moody 
01:17:21.292 INFO  Loaded Interactions for guild: TEST 
01:17:38.428 INFO  Found Track: Fortnite Pump Up the Jam Emote 1 Hour Version! (ICON SERIES) 
01:18:14.587 ERROR Unhandled promise rejection: guild is not defined. 
01:19:56.606 INFO  =-=-=-=-=-=-=- Loading shard(s) -=-=-=-=-=-=-= 
01:19:57.533 INFO  =-=-=-=-=-=-=- Loading commands -=-=-=-=-=-=-= 
01:19:57.543 INFO  Loading Command: help. 
01:19:57.545 INFO  Loading Command: ping. 
01:19:57.571 INFO  Loading Command: docs. 
01:19:57.572 INFO  Loading Command: eval. 
01:19:57.575 INFO  Loading Command: lavalink. 
01:19:57.590 INFO  Loading Command: node. 
01:19:57.591 INFO  Loading Command: reload. 
01:19:57.592 INFO  Loading Command: shutdown. 
01:19:57.593 INFO  Loading Command: suggestion. 
01:19:57.596 INFO  Loading Command: user. 
01:19:57.599 INFO  Loading Command: ban. 
01:19:57.601 INFO  Loading Command: prefix. 
01:19:57.603 INFO  Loading Command: setup. 
01:19:57.605 INFO  Loading Command: test. 
01:19:57.607 INFO  Loading Command: unban. 
01:19:57.609 INFO  Loading Command: about. 
01:19:57.611 INFO  Loading Command: invite. 
01:19:57.614 INFO  Loading Command: shorturl. 
01:19:57.615 INFO  Loading Command: status. 
01:19:57.616 INFO  Loading Command: support. 
01:19:57.617 INFO  Loading Command: uptime. 
01:19:57.618 INFO  =-=-=-=-=-=-=- Loading events -=-=-=-=-=-=-= 
01:19:57.680 INFO  Loading Command: 247. 
01:19:57.681 INFO  Loading Command: back. 
01:19:57.683 INFO  Loading Command: bassboost. 
01:19:57.684 INFO  Loading Command: dc. 
01:19:57.686 INFO  Loading Command: fast-forward. 
01:19:57.687 INFO  Loading Command: join. 
01:19:57.689 INFO  Loading Command: loop. 
01:19:57.786 INFO  Loading Command: lyrics. 
01:19:57.787 INFO  Loading Command: move. 
01:19:57.788 INFO  Loading Command: nightcore. 
01:19:57.791 INFO  Loading Command: np. 
01:19:57.793 INFO  Loading Command: p-add. 
01:19:57.795 INFO  Loading Command: p-create. 
01:19:57.796 INFO  Loading Command: p-delete. 
01:19:57.798 INFO  Loading Command: p-load. 
01:19:57.799 INFO  Loading Command: p-remove. 
01:19:57.800 INFO  Loading Command: p-view. 
01:19:57.802 INFO  Loading Command: pause. 
01:19:57.804 INFO  Loading Command: pitch. 
01:19:57.805 INFO  Loading Command: play. 
01:19:57.807 INFO  Loading Command: previous. 
01:19:57.808 INFO  Loading Command: queue. 
01:19:57.815 INFO  Loading Command: radio. 
01:19:57.817 INFO  Loading Command: remove. 
01:19:57.818 INFO  Loading Command: resume. 
01:19:57.820 INFO  Loading Command: rewind. 
01:19:57.821 INFO  Loading Command: search. 
01:19:57.823 INFO  Loading Command: seek. 
01:19:57.825 INFO  Loading Command: shuffle. 
01:19:57.827 INFO  Loading Command: skip. 
01:19:57.828 INFO  Loading Command: speed. 
01:19:57.830 INFO  Loading Command: vaporwave. 
01:19:57.832 INFO  Loading Command: volume. 
01:19:57.836 INFO  Loading Event: channelDelete 
01:19:57.838 INFO  Loading Event: messageReactionAdd 
01:19:57.840 INFO  Loading Event: voiceStateUpdate 
01:19:57.842 INFO  Loading Event: clickButton 
01:19:57.844 INFO  Loading Event: slashCreate 
01:19:57.846 INFO  Loading Event: shardDisconnect 
01:19:57.848 INFO  Loading Event: shardError 
01:19:57.849 INFO  Loading Event: shardReady 
01:19:57.850 INFO  Loading Event: shardReconnecting 
01:19:57.852 INFO  Loading Event: debug 
01:19:57.853 INFO  Loading Event: error 
01:19:57.856 INFO  Loading Event: guildCreate 
01:19:57.858 INFO  Loading Event: guildDelete 
01:19:57.860 INFO  Loading Event: guildUnavailable 
01:19:57.861 INFO  Loading Event: interactionCreate 
01:19:57.866 INFO  Loading Event: messageCreate 
01:19:57.867 INFO  Loading Event: rateLimit 
01:19:57.869 INFO  Loading Event: raw 
01:19:57.870 INFO  Loading Event: ready 
01:19:57.872 INFO  Loading Event: warn 
01:19:57.932 INFO  1 language(s) have loaded. (en-US) 
01:19:58.337 INFO  MongoDB successfully connected 
01:19:58.668 INFO  Shard: 0 has became ready with: 0 unavailable guilds. 
01:19:58.673 INFO  =-=-=-=-=-=-=- Loading Guild Specific Interaction(s) -=-=-=-=-=-=-= 
01:19:58.745 INFO  Lavalink node: lava.link has connected. 
01:19:58.749 INFO  All guilds have been initialized. 
01:19:58.749 INFO  -=-=-=-=-=-=-=-=-=-=-=-=-=-=-=-=-=-=-=-=-=-=-=-=-=-=-=-= 
01:19:58.750 INFO  Moody 2#6662, ready to serve [2] users in [2] servers. 
01:19:58.750 INFO  -=-=-=-=-=-=-=-=-=-=-=-=-=-=-=-=-=-=-=-=-=-=-=-=-=-=-=-= 
01:19:58.869 INFO  Loaded Interactions for guild: Moody 
01:19:58.909 INFO  Loaded Interactions for guild: TEST 
01:20:09.492 INFO  Found Track: Pump Up The JAM! (Official Fortnite Music Video) ft. Beach Jules 
01:20:49.754 INFO  =-=-=-=-=-=-=- Loading shard(s) -=-=-=-=-=-=-= 
01:20:50.676 INFO  =-=-=-=-=-=-=- Loading commands -=-=-=-=-=-=-= 
01:20:50.687 INFO  Loading Command: ban. 
01:20:50.689 INFO  Loading Command: prefix. 
01:20:50.691 INFO  Loading Command: setup. 
01:20:50.692 INFO  Loading Command: test. 
01:20:50.694 INFO  Loading Command: unban. 
01:20:50.696 INFO  Loading Command: help. 
01:20:50.698 INFO  Loading Command: ping. 
01:20:50.726 INFO  Loading Command: docs. 
01:20:50.727 INFO  Loading Command: eval. 
01:20:50.728 INFO  Loading Command: lavalink. 
01:20:50.742 INFO  Loading Command: node. 
01:20:50.743 INFO  Loading Command: reload. 
01:20:50.744 INFO  Loading Command: shutdown. 
01:20:50.745 INFO  Loading Command: suggestion. 
01:20:50.747 INFO  Loading Command: user. 
01:20:50.750 INFO  Loading Command: about. 
01:20:50.752 INFO  Loading Command: invite. 
01:20:50.755 INFO  Loading Command: shorturl. 
01:20:50.756 INFO  Loading Command: status. 
01:20:50.757 INFO  Loading Command: support. 
01:20:50.759 INFO  Loading Command: uptime. 
01:20:50.762 INFO  Loading Command: 247. 
01:20:50.763 INFO  Loading Command: back. 
01:20:50.765 INFO  Loading Command: bassboost. 
01:20:50.766 INFO  Loading Command: dc. 
01:20:50.767 INFO  Loading Command: fast-forward. 
01:20:50.769 INFO  Loading Command: join. 
01:20:50.770 INFO  Loading Command: loop. 
01:20:50.864 INFO  Loading Command: lyrics. 
01:20:50.865 INFO  Loading Command: move. 
01:20:50.868 INFO  Loading Command: nightcore. 
01:20:50.870 INFO  Loading Command: np. 
01:20:50.872 INFO  Loading Command: p-add. 
01:20:50.873 INFO  Loading Command: p-create. 
01:20:50.875 INFO  Loading Command: p-delete. 
01:20:50.877 INFO  Loading Command: p-load. 
01:20:50.878 INFO  Loading Command: p-remove. 
01:20:50.880 INFO  Loading Command: p-view. 
01:20:50.881 INFO  Loading Command: pause. 
01:20:50.883 INFO  Loading Command: pitch. 
01:20:50.884 INFO  Loading Command: play. 
01:20:50.885 INFO  Loading Command: previous. 
01:20:50.887 INFO  Loading Command: queue. 
01:20:50.896 INFO  Loading Command: radio. 
01:20:50.898 INFO  Loading Command: remove. 
01:20:50.899 INFO  Loading Command: resume. 
01:20:50.900 INFO  Loading Command: rewind. 
01:20:50.902 INFO  Loading Command: search. 
01:20:50.904 INFO  Loading Command: seek. 
01:20:50.906 INFO  Loading Command: shuffle. 
01:20:50.907 INFO  Loading Command: skip. 
01:20:50.908 INFO  Loading Command: speed. 
01:20:50.910 INFO  Loading Command: vaporwave. 
01:20:50.912 INFO  Loading Command: volume. 
01:20:50.913 INFO  =-=-=-=-=-=-=- Loading events -=-=-=-=-=-=-= 
01:20:50.975 INFO  Loading Event: channelDelete 
01:20:50.977 INFO  Loading Event: messageReactionAdd 
01:20:50.979 INFO  Loading Event: voiceStateUpdate 
01:20:50.980 INFO  Loading Event: debug 
01:20:50.982 INFO  Loading Event: error 
01:20:50.984 INFO  Loading Event: guildCreate 
01:20:50.986 INFO  Loading Event: guildDelete 
01:20:50.987 INFO  Loading Event: guildUnavailable 
01:20:50.989 INFO  Loading Event: interactionCreate 
01:20:50.994 INFO  Loading Event: messageCreate 
01:20:50.996 INFO  Loading Event: rateLimit 
01:20:50.997 INFO  Loading Event: raw 
01:20:50.999 INFO  Loading Event: ready 
01:20:51.000 INFO  Loading Event: warn 
01:20:51.002 INFO  Loading Event: clickButton 
01:20:51.004 INFO  Loading Event: slashCreate 
01:20:51.006 INFO  Loading Event: shardDisconnect 
01:20:51.007 INFO  Loading Event: shardError 
01:20:51.009 INFO  Loading Event: shardReady 
01:20:51.010 INFO  Loading Event: shardReconnecting 
01:20:51.067 INFO  1 language(s) have loaded. (en-US) 
01:20:51.512 INFO  MongoDB successfully connected 
01:20:51.778 INFO  Shard: 0 has became ready with: 0 unavailable guilds. 
01:20:51.782 INFO  =-=-=-=-=-=-=- Loading Guild Specific Interaction(s) -=-=-=-=-=-=-= 
01:20:51.868 INFO  All guilds have been initialized. 
01:20:51.868 INFO  -=-=-=-=-=-=-=-=-=-=-=-=-=-=-=-=-=-=-=-=-=-=-=-=-=-=-=-= 
01:20:51.869 INFO  Moody 2#6662, ready to serve [2] users in [2] servers. 
01:20:51.869 INFO  -=-=-=-=-=-=-=-=-=-=-=-=-=-=-=-=-=-=-=-=-=-=-=-=-=-=-=-= 
01:20:51.883 INFO  Lavalink node: lava.link has connected. 
01:20:51.967 INFO  Loaded Interactions for guild: Moody 
01:20:52.030 INFO  Loaded Interactions for guild: TEST 
01:21:00.089 INFO  Found Track: Pump Up The JAM! (Official Fortnite Music Video) ft. Beach Jules 
01:21:21.245 INFO  Found Track: Timer 10 sec with jeopardy music 
01:23:03.599 INFO  =-=-=-=-=-=-=- Loading shard(s) -=-=-=-=-=-=-= 
01:23:04.651 INFO  =-=-=-=-=-=-=- Loading commands -=-=-=-=-=-=-= 
01:23:04.661 INFO  Loading Command: help. 
01:23:04.663 INFO  Loading Command: ping. 
01:23:04.667 INFO  Loading Command: ban. 
01:23:04.669 INFO  Loading Command: prefix. 
01:23:04.671 INFO  Loading Command: setup. 
01:23:04.673 INFO  Loading Command: test. 
01:23:04.675 INFO  Loading Command: unban. 
01:23:04.702 INFO  Loading Command: docs. 
01:23:04.704 INFO  Loading Command: eval. 
01:23:04.705 INFO  Loading Command: lavalink. 
01:23:04.719 INFO  Loading Command: node. 
01:23:04.720 INFO  Loading Command: reload. 
01:23:04.721 INFO  Loading Command: shutdown. 
01:23:04.723 INFO  Loading Command: suggestion. 
01:23:04.725 INFO  Loading Command: user. 
01:23:04.728 INFO  Loading Command: about. 
01:23:04.730 INFO  Loading Command: invite. 
01:23:04.733 INFO  Loading Command: shorturl. 
01:23:04.734 INFO  Loading Command: status. 
01:23:04.736 INFO  Loading Command: support. 
01:23:04.737 INFO  Loading Command: uptime. 
01:23:04.739 INFO  Loading Command: 247. 
01:23:04.740 INFO  Loading Command: back. 
01:23:04.742 INFO  Loading Command: bassboost. 
01:23:04.743 INFO  Loading Command: dc. 
01:23:04.744 INFO  Loading Command: fast-forward. 
01:23:04.746 INFO  Loading Command: join. 
01:23:04.747 INFO  Loading Command: loop. 
01:23:04.840 INFO  Loading Command: lyrics. 
01:23:04.841 INFO  Loading Command: move. 
01:23:04.842 INFO  Loading Command: nightcore. 
01:23:04.845 INFO  Loading Command: np. 
01:23:04.847 INFO  Loading Command: p-add. 
01:23:04.848 INFO  Loading Command: p-create. 
01:23:04.849 INFO  Loading Command: p-delete. 
01:23:04.851 INFO  Loading Command: p-load. 
01:23:04.852 INFO  Loading Command: p-remove. 
01:23:04.853 INFO  Loading Command: p-view. 
01:23:04.854 INFO  Loading Command: pause. 
01:23:04.856 INFO  Loading Command: pitch. 
01:23:04.858 INFO  Loading Command: play. 
01:23:04.859 INFO  Loading Command: previous. 
01:23:04.860 INFO  Loading Command: queue. 
01:23:04.868 INFO  Loading Command: radio. 
01:23:04.869 INFO  Loading Command: remove. 
01:23:04.870 INFO  Loading Command: resume. 
01:23:04.872 INFO  Loading Command: rewind. 
01:23:04.873 INFO  Loading Command: search. 
01:23:04.875 INFO  Loading Command: seek. 
01:23:04.876 INFO  Loading Command: shuffle. 
01:23:04.877 INFO  Loading Command: skip. 
01:23:04.879 INFO  Loading Command: speed. 
01:23:04.880 INFO  Loading Command: vaporwave. 
01:23:04.881 INFO  Loading Command: volume. 
01:23:04.883 INFO  =-=-=-=-=-=-=- Loading events -=-=-=-=-=-=-= 
01:23:04.941 INFO  Loading Event: debug 
01:23:04.942 INFO  Loading Event: error 
01:23:04.944 INFO  Loading Event: guildCreate 
01:23:04.946 INFO  Loading Event: guildDelete 
01:23:04.947 INFO  Loading Event: guildUnavailable 
01:23:04.948 INFO  Loading Event: interactionCreate 
01:23:04.952 INFO  Loading Event: messageCreate 
01:23:04.953 INFO  Loading Event: rateLimit 
01:23:04.954 INFO  Loading Event: raw 
01:23:04.956 INFO  Loading Event: ready 
01:23:04.957 INFO  Loading Event: warn 
01:23:04.959 INFO  Loading Event: clickButton 
01:23:04.961 INFO  Loading Event: slashCreate 
01:23:04.963 INFO  Loading Event: channelDelete 
01:23:04.965 INFO  Loading Event: messageReactionAdd 
01:23:04.966 INFO  Loading Event: voiceStateUpdate 
01:23:04.968 INFO  Loading Event: shardDisconnect 
01:23:04.969 INFO  Loading Event: shardError 
01:23:04.970 INFO  Loading Event: shardReady 
01:23:04.971 INFO  Loading Event: shardReconnecting 
01:23:05.026 INFO  1 language(s) have loaded. (en-US) 
01:23:05.386 INFO  MongoDB successfully connected 
01:23:05.779 INFO  Shard: 0 has became ready with: 0 unavailable guilds. 
01:23:05.784 INFO  =-=-=-=-=-=-=- Loading Guild Specific Interaction(s) -=-=-=-=-=-=-= 
01:23:05.836 INFO  All guilds have been initialized. 
01:23:05.837 INFO  -=-=-=-=-=-=-=-=-=-=-=-=-=-=-=-=-=-=-=-=-=-=-=-=-=-=-=-= 
01:23:05.837 INFO  Moody 2#6662, ready to serve [2] users in [2] servers. 
01:23:05.837 INFO  -=-=-=-=-=-=-=-=-=-=-=-=-=-=-=-=-=-=-=-=-=-=-=-=-=-=-=-= 
01:23:05.939 INFO  Lavalink node: lava.link has connected. 
01:23:06.021 INFO  Loaded Interactions for guild: TEST 
01:23:06.070 INFO  Loaded Interactions for guild: Moody 
01:23:11.164 INFO  Found Track: Technotronic - Pump Up The Jam (Official Music Video) 
01:25:43.976 INFO  =-=-=-=-=-=-=- Loading shard(s) -=-=-=-=-=-=-= 
01:25:44.907 INFO  =-=-=-=-=-=-=- Loading commands -=-=-=-=-=-=-= 
01:25:44.918 INFO  Loading Command: help. 
01:25:44.920 INFO  Loading Command: ping. 
01:25:44.923 INFO  Loading Command: ban. 
01:25:44.925 INFO  Loading Command: prefix. 
01:25:44.927 INFO  Loading Command: setup. 
01:25:44.929 INFO  Loading Command: test. 
01:25:44.937 INFO  Loading Command: unban. 
01:25:44.989 INFO  Loading Command: docs. 
01:25:44.990 INFO  Loading Command: eval. 
01:25:44.992 INFO  Loading Command: lavalink. 
01:25:45.008 INFO  Loading Command: node. 
01:25:45.009 INFO  Loading Command: reload. 
01:25:45.010 INFO  Loading Command: shutdown. 
01:25:45.011 INFO  Loading Command: suggestion. 
01:25:45.014 INFO  Loading Command: user. 
01:25:45.018 INFO  Loading Command: about. 
01:25:45.021 INFO  Loading Command: invite. 
01:25:45.025 INFO  Loading Command: shorturl. 
01:25:45.028 INFO  Loading Command: status. 
01:25:45.029 INFO  Loading Command: support. 
01:25:45.031 INFO  Loading Command: uptime. 
01:25:45.031 INFO  =-=-=-=-=-=-=- Loading events -=-=-=-=-=-=-= 
01:25:45.098 INFO  Loading Command: 247. 
01:25:45.099 INFO  Loading Command: back. 
01:25:45.100 INFO  Loading Command: bassboost. 
01:25:45.102 INFO  Loading Command: dc. 
01:25:45.103 INFO  Loading Command: fast-forward. 
01:25:45.104 INFO  Loading Command: join. 
01:25:45.105 INFO  Loading Command: loop. 
01:25:45.200 INFO  Loading Command: lyrics. 
01:25:45.201 INFO  Loading Command: move. 
01:25:45.203 INFO  Loading Command: nightcore. 
01:25:45.206 INFO  Loading Command: np. 
01:25:45.207 INFO  Loading Command: p-add. 
01:25:45.209 INFO  Loading Command: p-create. 
01:25:45.210 INFO  Loading Command: p-delete. 
01:25:45.212 INFO  Loading Command: p-load. 
01:25:45.214 INFO  Loading Command: p-remove. 
01:25:45.215 INFO  Loading Command: p-view. 
01:25:45.217 INFO  Loading Command: pause. 
01:25:45.219 INFO  Loading Command: pitch. 
01:25:45.220 INFO  Loading Command: play. 
01:25:45.222 INFO  Loading Command: previous. 
01:25:45.223 INFO  Loading Command: queue. 
01:25:45.231 INFO  Loading Command: radio. 
01:25:45.232 INFO  Loading Command: remove. 
01:25:45.233 INFO  Loading Command: resume. 
01:25:45.235 INFO  Loading Command: rewind. 
01:25:45.236 INFO  Loading Command: search. 
01:25:45.238 INFO  Loading Command: seek. 
01:25:45.240 INFO  Loading Command: shuffle. 
01:25:45.241 INFO  Loading Command: skip. 
01:25:45.242 INFO  Loading Command: speed. 
01:25:45.244 INFO  Loading Command: vaporwave. 
01:25:45.246 INFO  Loading Command: volume. 
01:25:45.250 INFO  Loading Event: clickButton 
01:25:45.252 INFO  Loading Event: slashCreate 
01:25:45.254 INFO  Loading Event: debug 
01:25:45.255 INFO  Loading Event: error 
01:25:45.258 INFO  Loading Event: guildCreate 
01:25:45.260 INFO  Loading Event: guildDelete 
01:25:45.261 INFO  Loading Event: guildUnavailable 
01:25:45.263 INFO  Loading Event: interactionCreate 
01:25:45.267 INFO  Loading Event: messageCreate 
01:25:45.268 INFO  Loading Event: rateLimit 
01:25:45.269 INFO  Loading Event: raw 
01:25:45.271 INFO  Loading Event: ready 
01:25:45.272 INFO  Loading Event: warn 
01:25:45.274 INFO  Loading Event: channelDelete 
01:25:45.276 INFO  Loading Event: messageReactionAdd 
01:25:45.278 INFO  Loading Event: voiceStateUpdate 
01:25:45.280 INFO  Loading Event: shardDisconnect 
01:25:45.281 INFO  Loading Event: shardError 
01:25:45.282 INFO  Loading Event: shardReady 
01:25:45.283 INFO  Loading Event: shardReconnecting 
01:25:45.339 INFO  1 language(s) have loaded. (en-US) 
01:25:45.759 INFO  MongoDB successfully connected 
01:25:46.088 INFO  Shard: 0 has became ready with: 0 unavailable guilds. 
01:25:46.093 INFO  =-=-=-=-=-=-=- Loading Guild Specific Interaction(s) -=-=-=-=-=-=-= 
01:25:46.155 INFO  Lavalink node: lava.link has connected. 
01:25:46.177 INFO  All guilds have been initialized. 
01:25:46.177 INFO  -=-=-=-=-=-=-=-=-=-=-=-=-=-=-=-=-=-=-=-=-=-=-=-=-=-=-=-= 
01:25:46.178 INFO  Moody 2#6662, ready to serve [2] users in [2] servers. 
01:25:46.178 INFO  -=-=-=-=-=-=-=-=-=-=-=-=-=-=-=-=-=-=-=-=-=-=-=-=-=-=-=-= 
01:25:46.292 INFO  Loaded Interactions for guild: Moody 
01:25:46.329 INFO  Loaded Interactions for guild: TEST 
01:25:48.887 INFO  Found Track: Technotronic - Pump Up The Jam (Official Music Video) 
01:27:10.138 INFO  =-=-=-=-=-=-=- Loading shard(s) -=-=-=-=-=-=-= 
01:27:11.034 INFO  =-=-=-=-=-=-=- Loading commands -=-=-=-=-=-=-= 
01:27:11.046 INFO  Loading Command: ban. 
01:27:11.048 INFO  Loading Command: prefix. 
01:27:11.050 INFO  Loading Command: setup. 
01:27:11.052 INFO  Loading Command: test. 
01:27:11.053 INFO  Loading Command: unban. 
01:27:11.055 INFO  Loading Command: help. 
01:27:11.057 INFO  Loading Command: ping. 
01:27:11.084 INFO  Loading Command: docs. 
01:27:11.085 INFO  Loading Command: eval. 
01:27:11.086 INFO  Loading Command: lavalink. 
01:27:11.100 INFO  Loading Command: node. 
01:27:11.101 INFO  Loading Command: reload. 
01:27:11.102 INFO  Loading Command: shutdown. 
01:27:11.103 INFO  Loading Command: suggestion. 
01:27:11.107 INFO  Loading Command: user. 
01:27:11.110 INFO  Loading Command: about. 
01:27:11.112 INFO  Loading Command: invite. 
01:27:11.114 INFO  Loading Command: shorturl. 
01:27:11.116 INFO  Loading Command: status. 
01:27:11.117 INFO  Loading Command: support. 
01:27:11.118 INFO  Loading Command: uptime. 
01:27:11.121 INFO  Loading Command: 247. 
01:27:11.122 INFO  Loading Command: back. 
01:27:11.124 INFO  Loading Command: bassboost. 
01:27:11.125 INFO  Loading Command: dc. 
01:27:11.127 INFO  Loading Command: fast-forward. 
01:27:11.128 INFO  Loading Command: join. 
01:27:11.129 INFO  Loading Command: loop. 
01:27:11.220 INFO  Loading Command: lyrics. 
01:27:11.221 INFO  Loading Command: move. 
01:27:11.222 INFO  Loading Command: nightcore. 
01:27:11.225 INFO  Loading Command: np. 
01:27:11.227 INFO  Loading Command: p-add. 
01:27:11.228 INFO  Loading Command: p-create. 
01:27:11.229 INFO  Loading Command: p-delete. 
01:27:11.231 INFO  Loading Command: p-load. 
01:27:11.232 INFO  Loading Command: p-remove. 
01:27:11.233 INFO  Loading Command: p-view. 
01:27:11.235 INFO  Loading Command: pause. 
01:27:11.237 INFO  Loading Command: pitch. 
01:27:11.238 INFO  Loading Command: play. 
01:27:11.240 INFO  Loading Command: previous. 
01:27:11.241 INFO  Loading Command: queue. 
01:27:11.250 INFO  Loading Command: radio. 
01:27:11.251 INFO  Loading Command: remove. 
01:27:11.252 INFO  Loading Command: resume. 
01:27:11.254 INFO  Loading Command: rewind. 
01:27:11.255 INFO  Loading Command: search. 
01:27:11.257 INFO  Loading Command: seek. 
01:27:11.259 INFO  Loading Command: shuffle. 
01:27:11.260 INFO  Loading Command: skip. 
01:27:11.262 INFO  Loading Command: speed. 
01:27:11.263 INFO  Loading Command: vaporwave. 
01:27:11.265 INFO  Loading Command: volume. 
01:27:11.266 INFO  =-=-=-=-=-=-=- Loading events -=-=-=-=-=-=-= 
01:27:11.326 INFO  Loading Event: debug 
01:27:11.327 INFO  Loading Event: error 
01:27:11.329 INFO  Loading Event: guildCreate 
01:27:11.331 INFO  Loading Event: guildDelete 
01:27:11.332 INFO  Loading Event: guildUnavailable 
01:27:11.334 INFO  Loading Event: interactionCreate 
01:27:11.337 INFO  Loading Event: messageCreate 
01:27:11.338 INFO  Loading Event: rateLimit 
01:27:11.339 INFO  Loading Event: raw 
01:27:11.341 INFO  Loading Event: ready 
01:27:11.341 INFO  Loading Event: warn 
01:27:11.343 INFO  Loading Event: clickButton 
01:27:11.345 INFO  Loading Event: slashCreate 
01:27:11.348 INFO  Loading Event: channelDelete 
01:27:11.351 INFO  Loading Event: messageReactionAdd 
01:27:11.352 INFO  Loading Event: voiceStateUpdate 
01:27:11.354 INFO  Loading Event: shardDisconnect 
01:27:11.355 INFO  Loading Event: shardError 
01:27:11.356 INFO  Loading Event: shardReady 
01:27:11.357 INFO  Loading Event: shardReconnecting 
01:27:11.408 INFO  1 language(s) have loaded. (en-US) 
01:27:11.815 INFO  MongoDB successfully connected 
01:27:12.074 INFO  Shard: 0 has became ready with: 0 unavailable guilds. 
01:27:12.079 INFO  =-=-=-=-=-=-=- Loading Guild Specific Interaction(s) -=-=-=-=-=-=-= 
01:27:12.140 INFO  All guilds have been initialized. 
01:27:12.140 INFO  -=-=-=-=-=-=-=-=-=-=-=-=-=-=-=-=-=-=-=-=-=-=-=-=-=-=-=-= 
01:27:12.141 INFO  Moody 2#6662, ready to serve [2] users in [2] servers. 
01:27:12.141 INFO  -=-=-=-=-=-=-=-=-=-=-=-=-=-=-=-=-=-=-=-=-=-=-=-=-=-=-=-= 
01:27:12.187 INFO  Lavalink node: lava.link has connected. 
01:27:12.267 INFO  Loaded Interactions for guild: Moody 
01:27:12.327 INFO  Loaded Interactions for guild: TEST 
01:27:15.138 INFO  Track Loaded: Technotronic - Pump Up The Jam (Official Music Video) 
01:28:26.078 INFO  =-=-=-=-=-=-=- Loading shard(s) -=-=-=-=-=-=-= 
01:28:27.017 INFO  =-=-=-=-=-=-=- Loading commands -=-=-=-=-=-=-= 
01:28:27.028 INFO  Loading Command: ban. 
01:28:27.030 INFO  Loading Command: prefix. 
01:28:27.032 INFO  Loading Command: setup. 
01:28:27.034 INFO  Loading Command: test. 
01:28:27.036 INFO  Loading Command: unban. 
01:28:27.066 INFO  Loading Command: docs. 
01:28:27.067 INFO  Loading Command: eval. 
01:28:27.069 INFO  Loading Command: lavalink. 
01:28:27.081 INFO  Loading Command: node. 
01:28:27.083 INFO  Loading Command: reload. 
01:28:27.084 INFO  Loading Command: shutdown. 
01:28:27.085 INFO  Loading Command: suggestion. 
01:28:27.088 INFO  Loading Command: user. 
01:28:27.090 INFO  Loading Command: help. 
01:28:27.092 INFO  Loading Command: ping. 
01:28:27.095 INFO  Loading Command: about. 
01:28:27.097 INFO  Loading Command: invite. 
01:28:27.099 INFO  Loading Command: shorturl. 
01:28:27.101 INFO  Loading Command: status. 
01:28:27.102 INFO  Loading Command: support. 
01:28:27.103 INFO  Loading Command: uptime. 
01:28:27.105 INFO  Loading Command: 247. 
01:28:27.106 INFO  Loading Command: back. 
01:28:27.108 INFO  Loading Command: bassboost. 
01:28:27.109 INFO  Loading Command: dc. 
01:28:27.110 INFO  Loading Command: fast-forward. 
01:28:27.112 INFO  Loading Command: join. 
01:28:27.113 INFO  Loading Command: loop. 
01:28:27.199 INFO  Loading Command: lyrics. 
01:28:27.200 INFO  Loading Command: move. 
01:28:27.202 INFO  Loading Command: nightcore. 
01:28:27.204 INFO  Loading Command: np. 
01:28:27.206 INFO  Loading Command: p-add. 
01:28:27.207 INFO  Loading Command: p-create. 
01:28:27.208 INFO  Loading Command: p-delete. 
01:28:27.210 INFO  Loading Command: p-load. 
01:28:27.211 INFO  Loading Command: p-remove. 
01:28:27.212 INFO  Loading Command: p-view. 
01:28:27.213 INFO  Loading Command: pause. 
01:28:27.215 INFO  Loading Command: pitch. 
01:28:27.216 INFO  Loading Command: play. 
01:28:27.217 INFO  Loading Command: previous. 
01:28:27.218 INFO  Loading Command: queue. 
01:28:27.227 INFO  Loading Command: radio. 
01:28:27.229 INFO  Loading Command: remove. 
01:28:27.230 INFO  Loading Command: resume. 
01:28:27.231 INFO  Loading Command: rewind. 
01:28:27.233 INFO  Loading Command: search. 
01:28:27.234 INFO  Loading Command: seek. 
01:28:27.236 INFO  Loading Command: shuffle. 
01:28:27.237 INFO  Loading Command: skip. 
01:28:27.238 INFO  Loading Command: speed. 
01:28:27.240 INFO  Loading Command: vaporwave. 
01:28:27.241 INFO  Loading Command: volume. 
01:28:27.242 INFO  =-=-=-=-=-=-=- Loading events -=-=-=-=-=-=-= 
01:28:27.300 INFO  Loading Event: debug 
01:28:27.301 INFO  Loading Event: error 
01:28:27.303 INFO  Loading Event: guildCreate 
01:28:27.306 INFO  Loading Event: guildDelete 
01:28:27.307 INFO  Loading Event: guildUnavailable 
01:28:27.309 INFO  Loading Event: interactionCreate 
01:28:27.313 INFO  Loading Event: messageCreate 
01:28:27.315 INFO  Loading Event: rateLimit 
01:28:27.317 INFO  Loading Event: raw 
01:28:27.319 INFO  Loading Event: ready 
01:28:27.321 INFO  Loading Event: warn 
01:28:27.324 INFO  Loading Event: clickButton 
01:28:27.326 INFO  Loading Event: slashCreate 
01:28:27.329 INFO  Loading Event: channelDelete 
01:28:27.331 INFO  Loading Event: messageReactionAdd 
01:28:27.332 INFO  Loading Event: voiceStateUpdate 
01:28:27.334 INFO  Loading Event: shardDisconnect 
01:28:27.335 INFO  Loading Event: shardError 
01:28:27.336 INFO  Loading Event: shardReady 
01:28:27.337 INFO  Loading Event: shardReconnecting 
01:28:27.397 INFO  1 language(s) have loaded. (en-US) 
01:28:27.838 INFO  MongoDB successfully connected 
01:28:28.132 INFO  Shard: 0 has became ready with: 0 unavailable guilds. 
01:28:28.136 INFO  =-=-=-=-=-=-=- Loading Guild Specific Interaction(s) -=-=-=-=-=-=-= 
01:28:28.236 INFO  All guilds have been initialized. 
01:28:28.236 INFO  -=-=-=-=-=-=-=-=-=-=-=-=-=-=-=-=-=-=-=-=-=-=-=-=-=-=-=-= 
01:28:28.237 INFO  Moody 2#6662, ready to serve [2] users in [2] servers. 
01:28:28.237 INFO  -=-=-=-=-=-=-=-=-=-=-=-=-=-=-=-=-=-=-=-=-=-=-=-=-=-=-=-= 
01:28:28.247 INFO  Lavalink node: lava.link has connected. 
01:28:28.355 INFO  Loaded Interactions for guild: Moody 
01:28:28.411 INFO  Loaded Interactions for guild: TEST 
01:28:31.947 INFO  Found Track: Technotronic - Pump Up The Jam (Official Music Video) 
01:29:51.773 INFO  =-=-=-=-=-=-=- Loading shard(s) -=-=-=-=-=-=-= 
01:29:52.699 INFO  =-=-=-=-=-=-=- Loading commands -=-=-=-=-=-=-= 
01:29:52.710 INFO  Loading Command: ban. 
01:29:52.712 INFO  Loading Command: prefix. 
01:29:52.713 INFO  Loading Command: setup. 
01:29:52.715 INFO  Loading Command: test. 
01:29:52.716 INFO  Loading Command: unban. 
01:29:52.718 INFO  Loading Command: help. 
01:29:52.720 INFO  Loading Command: ping. 
01:29:52.745 INFO  Loading Command: docs. 
01:29:52.746 INFO  Loading Command: eval. 
01:29:52.748 INFO  Loading Command: lavalink. 
01:29:52.766 INFO  Loading Command: node. 
01:29:52.768 INFO  Loading Command: reload. 
01:29:52.768 INFO  Loading Command: shutdown. 
01:29:52.769 INFO  Loading Command: suggestion. 
01:29:52.772 INFO  Loading Command: user. 
01:29:52.775 INFO  Loading Command: about. 
01:29:52.776 INFO  Loading Command: invite. 
01:29:52.779 INFO  Loading Command: shorturl. 
01:29:52.780 INFO  Loading Command: status. 
01:29:52.782 INFO  Loading Command: support. 
01:29:52.783 INFO  Loading Command: uptime. 
01:29:52.785 INFO  Loading Command: 247. 
01:29:52.786 INFO  Loading Command: back. 
01:29:52.788 INFO  Loading Command: bassboost. 
01:29:52.789 INFO  Loading Command: dc. 
01:29:52.790 INFO  Loading Command: fast-forward. 
01:29:52.791 INFO  Loading Command: join. 
01:29:52.792 INFO  Loading Command: loop. 
01:29:52.879 INFO  Loading Command: lyrics. 
01:29:52.880 INFO  Loading Command: move. 
01:29:52.882 INFO  Loading Command: nightcore. 
01:29:52.884 INFO  Loading Command: np. 
01:29:52.886 INFO  Loading Command: p-add. 
01:29:52.887 INFO  Loading Command: p-create. 
01:29:52.888 INFO  Loading Command: p-delete. 
01:29:52.890 INFO  Loading Command: p-load. 
01:29:52.891 INFO  Loading Command: p-remove. 
01:29:52.892 INFO  Loading Command: p-view. 
01:29:52.893 INFO  Loading Command: pause. 
01:29:52.895 INFO  Loading Command: pitch. 
01:29:52.896 INFO  Loading Command: play. 
01:29:52.898 INFO  Loading Command: previous. 
01:29:52.899 INFO  Loading Command: queue. 
01:29:52.906 INFO  Loading Command: radio. 
01:29:52.908 INFO  Loading Command: remove. 
01:29:52.909 INFO  Loading Command: resume. 
01:29:52.910 INFO  Loading Command: rewind. 
01:29:52.911 INFO  Loading Command: search. 
01:29:52.913 INFO  Loading Command: seek. 
01:29:52.914 INFO  Loading Command: shuffle. 
01:29:52.916 INFO  Loading Command: skip. 
01:29:52.917 INFO  Loading Command: speed. 
01:29:52.918 INFO  Loading Command: vaporwave. 
01:29:52.919 INFO  Loading Command: volume. 
01:29:52.921 INFO  =-=-=-=-=-=-=- Loading events -=-=-=-=-=-=-= 
01:29:52.982 INFO  Loading Event: debug 
01:29:52.983 INFO  Loading Event: error 
01:29:52.985 INFO  Loading Event: guildCreate 
01:29:52.988 INFO  Loading Event: guildDelete 
01:29:52.989 INFO  Loading Event: guildUnavailable 
01:29:52.990 INFO  Loading Event: interactionCreate 
01:29:52.995 INFO  Loading Event: messageCreate 
01:29:52.996 INFO  Loading Event: rateLimit 
01:29:52.997 INFO  Loading Event: raw 
01:29:52.999 INFO  Loading Event: ready 
01:29:53.000 INFO  Loading Event: warn 
01:29:53.002 INFO  Loading Event: clickButton 
01:29:53.004 INFO  Loading Event: slashCreate 
01:29:53.007 INFO  Loading Event: channelDelete 
01:29:53.009 INFO  Loading Event: messageReactionAdd 
01:29:53.010 INFO  Loading Event: voiceStateUpdate 
01:29:53.012 INFO  Loading Event: shardDisconnect 
01:29:53.013 INFO  Loading Event: shardError 
01:29:53.015 INFO  Loading Event: shardReady 
01:29:53.016 INFO  Loading Event: shardReconnecting 
01:29:53.070 INFO  1 language(s) have loaded. (en-US) 
01:29:53.447 INFO  MongoDB successfully connected 
01:29:53.816 INFO  Shard: 0 has became ready with: 0 unavailable guilds. 
01:29:53.820 INFO  =-=-=-=-=-=-=- Loading Guild Specific Interaction(s) -=-=-=-=-=-=-= 
01:29:53.874 INFO  All guilds have been initialized. 
01:29:53.875 INFO  -=-=-=-=-=-=-=-=-=-=-=-=-=-=-=-=-=-=-=-=-=-=-=-=-=-=-=-= 
01:29:53.875 INFO  Moody 2#6662, ready to serve [2] users in [2] servers. 
01:29:53.875 INFO  -=-=-=-=-=-=-=-=-=-=-=-=-=-=-=-=-=-=-=-=-=-=-=-=-=-=-=-= 
01:29:53.914 INFO  Lavalink node: lava.link has connected. 
01:29:54.007 INFO  Loaded Interactions for guild: Moody 
01:29:54.050 INFO  Loaded Interactions for guild: TEST 
01:29:58.026 INFO  Track Loaded: Technotronic - Pump Up The Jam (Official Music Video) 
01:30:51.472 INFO  Track Loaded: Qeeo - Green Summer Waves 
01:30:53.834 INFO  Track Loaded: Qeeo - Green Summer Waves 
01:30:54.377 INFO  Track Loaded: Qeeo - Green Summer Waves 
01:30:54.794 INFO  Track Loaded: Qeeo - Green Summer Waves 
01:30:55.066 INFO  Track Loaded: Qeeo - Green Summer Waves 
01:30:55.299 INFO  Track Loaded: Qeeo - Green Summer Waves 
01:30:55.781 INFO  Track Loaded: Qeeo - Green Summer Waves 
01:39:06.229 INFO  Found Track: Timer 10 sec with jeopardy music 
01:39:53.914 INFO  =-=-=-=-=-=-=- Loading shard(s) -=-=-=-=-=-=-= 
01:39:54.894 INFO  =-=-=-=-=-=-=- Loading commands -=-=-=-=-=-=-= 
01:39:54.922 INFO  Loading Command: docs. 
01:39:54.923 INFO  Loading Command: eval. 
01:39:54.929 INFO  Loading Command: lavalink. 
01:39:54.945 INFO  Loading Command: node. 
01:39:54.946 INFO  Loading Command: reload. 
01:39:54.947 INFO  Loading Command: shutdown. 
01:39:54.948 INFO  Loading Command: suggestion. 
01:39:54.951 INFO  Loading Command: user. 
01:39:54.955 INFO  Loading Command: ban. 
01:39:54.957 INFO  Loading Command: prefix. 
01:39:54.959 INFO  Loading Command: setup. 
01:39:54.960 INFO  Loading Command: test. 
01:39:54.962 INFO  Loading Command: unban. 
01:39:54.964 INFO  Loading Command: help. 
01:39:54.966 INFO  Loading Command: ping. 
01:39:54.966 INFO  =-=-=-=-=-=-=- Loading events -=-=-=-=-=-=-= 
01:39:55.027 INFO  Loading Command: about. 
01:39:55.029 INFO  Loading Command: invite. 
01:39:55.031 INFO  Loading Command: shorturl. 
01:39:55.032 INFO  Loading Command: status. 
01:39:55.033 INFO  Loading Command: support. 
01:39:55.035 INFO  Loading Command: uptime. 
01:39:55.037 INFO  Loading Command: 247. 
01:39:55.038 INFO  Loading Command: back. 
01:39:55.040 INFO  Loading Command: bassboost. 
01:39:55.041 INFO  Loading Command: dc. 
01:39:55.043 INFO  Loading Command: fast-forward. 
01:39:55.044 INFO  Loading Command: join. 
01:39:55.045 INFO  Loading Command: loop. 
01:39:55.150 INFO  Loading Command: lyrics. 
01:39:55.152 INFO  Loading Command: move. 
01:39:55.153 INFO  Loading Command: nightcore. 
01:39:55.157 INFO  Loading Command: np. 
01:39:55.159 INFO  Loading Command: p-add. 
01:39:55.161 INFO  Loading Command: p-create. 
01:39:55.163 INFO  Loading Command: p-delete. 
01:39:55.165 INFO  Loading Command: p-load. 
01:39:55.166 INFO  Loading Command: p-remove. 
01:39:55.168 INFO  Loading Command: p-view. 
01:39:55.169 INFO  Loading Command: pause. 
01:39:55.170 INFO  Loading Command: pitch. 
01:39:55.172 INFO  Loading Command: play. 
01:39:55.173 INFO  Loading Command: previous. 
01:39:55.174 INFO  Loading Command: queue. 
01:39:55.181 INFO  Loading Command: radio. 
01:39:55.183 INFO  Loading Command: remove. 
01:39:55.184 INFO  Loading Command: resume. 
01:39:55.185 INFO  Loading Command: rewind. 
01:39:55.186 INFO  Loading Command: search. 
01:39:55.188 INFO  Loading Command: seek. 
01:39:55.190 INFO  Loading Command: shuffle. 
01:39:55.191 INFO  Loading Command: skip. 
01:39:55.193 INFO  Loading Command: speed. 
01:39:55.194 INFO  Loading Command: vaporwave. 
01:39:55.195 INFO  Loading Command: volume. 
01:39:55.200 INFO  Loading Event: channelDelete 
01:39:55.203 INFO  Loading Event: messageReactionAdd 
01:39:55.206 INFO  Loading Event: voiceStateUpdate 
01:39:55.210 INFO  Loading Event: clickButton 
01:39:55.213 INFO  Loading Event: slashCreate 
01:39:55.215 INFO  Loading Event: debug 
01:39:55.218 INFO  Loading Event: error 
01:39:55.221 INFO  Loading Event: guildCreate 
01:39:55.225 INFO  Loading Event: guildDelete 
01:39:55.227 INFO  Loading Event: guildUnavailable 
01:39:55.229 INFO  Loading Event: interactionCreate 
01:39:55.234 INFO  Loading Event: messageCreate 
01:39:55.235 INFO  Loading Event: rateLimit 
01:39:55.236 INFO  Loading Event: raw 
01:39:55.238 INFO  Loading Event: ready 
01:39:55.239 INFO  Loading Event: warn 
01:39:55.242 INFO  Loading Event: shardDisconnect 
01:39:55.244 INFO  Loading Event: shardError 
01:39:55.245 INFO  Loading Event: shardReady 
01:39:55.246 INFO  Loading Event: shardReconnecting 
01:39:55.298 INFO  1 language(s) have loaded. (en-US) 
01:39:55.750 INFO  MongoDB successfully connected 
01:39:56.081 INFO  Shard: 0 has became ready with: 0 unavailable guilds. 
01:39:56.086 INFO  =-=-=-=-=-=-=- Loading Guild Specific Interaction(s) -=-=-=-=-=-=-= 
01:39:56.155 INFO  Lavalink node: lava.link has connected. 
01:39:56.192 INFO  All guilds have been initialized. 
01:39:56.192 INFO  -=-=-=-=-=-=-=-=-=-=-=-=-=-=-=-=-=-=-=-=-=-=-=-=-=-=-=-= 
01:39:56.192 INFO  Moody 2#6662, ready to serve [2] users in [2] servers. 
01:39:56.193 INFO  -=-=-=-=-=-=-=-=-=-=-=-=-=-=-=-=-=-=-=-=-=-=-=-=-=-=-=-= 
01:39:56.324 INFO  Loaded Interactions for guild: Moody 
01:39:56.358 INFO  Loaded Interactions for guild: TEST 
01:39:58.098 INFO  Found Track: Timer 10 sec with jeopardy music 
01:40:15.444 ERROR Unhandled promise rejection: Cannot read property 'defaultSettings' of undefined. 
01:43:06.435 INFO  =-=-=-=-=-=-=- Loading shard(s) -=-=-=-=-=-=-= 
01:43:07.396 INFO  =-=-=-=-=-=-=- Loading commands -=-=-=-=-=-=-= 
01:43:07.424 INFO  Loading Command: docs. 
01:43:07.425 INFO  Loading Command: eval. 
01:43:07.431 INFO  Loading Command: lavalink. 
01:43:07.447 INFO  Loading Command: node. 
01:43:07.448 INFO  Loading Command: reload. 
01:43:07.449 INFO  Loading Command: shutdown. 
01:43:07.450 INFO  Loading Command: suggestion. 
01:43:07.453 INFO  Loading Command: user. 
01:43:07.456 INFO  Loading Command: ban. 
01:43:07.458 INFO  Loading Command: prefix. 
01:43:07.460 INFO  Loading Command: setup. 
01:43:07.462 INFO  Loading Command: test. 
01:43:07.463 INFO  Loading Command: unban. 
01:43:07.465 INFO  Loading Command: help. 
01:43:07.467 INFO  Loading Command: ping. 
01:43:07.470 INFO  Loading Command: about. 
01:43:07.471 INFO  Loading Command: invite. 
01:43:07.474 INFO  Loading Command: shorturl. 
01:43:07.475 INFO  Loading Command: status. 
01:43:07.476 INFO  Loading Command: support. 
01:43:07.477 INFO  Loading Command: uptime. 
01:43:07.479 INFO  Loading Command: 247. 
01:43:07.481 INFO  Loading Command: back. 
01:43:07.482 INFO  Loading Command: bassboost. 
01:43:07.484 INFO  Loading Command: dc. 
01:43:07.484 INFO  Loading Command: fast-forward. 
01:43:07.486 INFO  Loading Command: join. 
01:43:07.487 INFO  Loading Command: loop. 
01:43:07.573 INFO  Loading Command: lyrics. 
01:43:07.575 INFO  Loading Command: move. 
01:43:07.576 INFO  Loading Command: nightcore. 
01:43:07.579 INFO  Loading Command: np. 
01:43:07.580 INFO  Loading Command: p-add. 
01:43:07.582 INFO  Loading Command: p-create. 
01:43:07.583 INFO  Loading Command: p-delete. 
01:43:07.585 INFO  Loading Command: p-load. 
01:43:07.586 INFO  Loading Command: p-remove. 
01:43:07.587 INFO  Loading Command: p-view. 
01:43:07.588 INFO  Loading Command: pause. 
01:43:07.590 INFO  Loading Command: pitch. 
01:43:07.591 INFO  Loading Command: play. 
01:43:07.592 INFO  Loading Command: previous. 
01:43:07.593 INFO  Loading Command: queue. 
01:43:07.601 INFO  Loading Command: radio. 
01:43:07.602 INFO  Loading Command: remove. 
01:43:07.603 INFO  Loading Command: resume. 
01:43:07.605 INFO  Loading Command: rewind. 
01:43:07.606 INFO  Loading Command: search. 
01:43:07.608 INFO  Loading Command: seek. 
01:43:07.609 INFO  Loading Command: shuffle. 
01:43:07.610 INFO  Loading Command: skip. 
01:43:07.612 INFO  Loading Command: speed. 
01:43:07.613 INFO  Loading Command: vaporwave. 
01:43:07.615 INFO  Loading Command: volume. 
01:43:07.616 INFO  =-=-=-=-=-=-=- Loading events -=-=-=-=-=-=-= 
01:43:07.721 INFO  Loading Event: debug 
01:43:07.726 INFO  Loading Event: error 
01:43:07.734 INFO  Loading Event: guildCreate 
01:43:07.742 INFO  Loading Event: guildDelete 
01:43:07.744 INFO  Loading Event: guildUnavailable 
01:43:07.747 INFO  Loading Event: interactionCreate 
01:43:07.754 INFO  Loading Event: messageCreate 
01:43:07.756 INFO  Loading Event: rateLimit 
01:43:07.758 INFO  Loading Event: raw 
01:43:07.760 INFO  Loading Event: ready 
01:43:07.761 INFO  Loading Event: warn 
01:43:07.764 INFO  Loading Event: clickButton 
01:43:07.766 INFO  Loading Event: slashCreate 
01:43:07.768 INFO  Loading Event: shardDisconnect 
01:43:07.770 INFO  Loading Event: shardError 
01:43:07.771 INFO  Loading Event: shardReady 
01:43:07.773 INFO  Loading Event: shardReconnecting 
01:43:07.775 INFO  Loading Event: channelDelete 
01:43:07.777 INFO  Loading Event: messageReactionAdd 
01:43:07.778 INFO  Loading Event: voiceStateUpdate 
01:43:07.837 INFO  1 language(s) have loaded. (en-US) 
01:43:08.310 INFO  MongoDB successfully connected 
01:43:08.675 INFO  Shard: 0 has became ready with: 0 unavailable guilds. 
01:43:08.682 INFO  =-=-=-=-=-=-=- Loading Guild Specific Interaction(s) -=-=-=-=-=-=-= 
01:43:08.753 INFO  Lavalink node: lava.link has connected. 
01:43:08.775 INFO  All guilds have been initialized. 
01:43:08.776 INFO  -=-=-=-=-=-=-=-=-=-=-=-=-=-=-=-=-=-=-=-=-=-=-=-=-=-=-=-= 
01:43:08.776 INFO  Moody 2#6662, ready to serve [2] users in [2] servers. 
01:43:08.776 INFO  -=-=-=-=-=-=-=-=-=-=-=-=-=-=-=-=-=-=-=-=-=-=-=-=-=-=-=-= 
01:43:08.873 INFO  Loaded Interactions for guild: Moody 
01:43:08.957 INFO  Loaded Interactions for guild: TEST 
01:43:10.431 INFO  Found Track: Timer 10 sec with jeopardy music 
01:43:48.067 INFO  =-=-=-=-=-=-=- Loading shard(s) -=-=-=-=-=-=-= 
01:43:49.107 INFO  =-=-=-=-=-=-=- Loading commands -=-=-=-=-=-=-= 
01:43:49.118 INFO  Loading Command: ban. 
01:43:49.120 INFO  Loading Command: prefix. 
01:43:49.123 INFO  Loading Command: setup. 
01:43:49.125 INFO  Loading Command: test. 
01:43:49.127 INFO  Loading Command: unban. 
01:43:49.130 INFO  Loading Command: help. 
01:43:49.133 INFO  Loading Command: ping. 
01:43:49.171 INFO  Loading Command: docs. 
01:43:49.173 INFO  Loading Command: eval. 
01:43:49.175 INFO  Loading Command: lavalink. 
01:43:49.190 INFO  Loading Command: node. 
01:43:49.191 INFO  Loading Command: reload. 
01:43:49.192 INFO  Loading Command: shutdown. 
01:43:49.194 INFO  Loading Command: suggestion. 
01:43:49.197 INFO  Loading Command: user. 
01:43:49.201 INFO  Loading Command: about. 
01:43:49.203 INFO  Loading Command: invite. 
01:43:49.205 INFO  Loading Command: shorturl. 
01:43:49.207 INFO  Loading Command: status. 
01:43:49.208 INFO  Loading Command: support. 
01:43:49.209 INFO  Loading Command: uptime. 
01:43:49.212 INFO  Loading Command: 247. 
01:43:49.213 INFO  Loading Command: back. 
01:43:49.215 INFO  Loading Command: bassboost. 
01:43:49.216 INFO  Loading Command: dc. 
01:43:49.217 INFO  Loading Command: fast-forward. 
01:43:49.218 INFO  Loading Command: join. 
01:43:49.219 INFO  Loading Command: loop. 
01:43:49.343 INFO  Loading Command: lyrics. 
01:43:49.345 INFO  Loading Command: move. 
01:43:49.347 INFO  Loading Command: nightcore. 
01:43:49.351 INFO  Loading Command: np. 
01:43:49.353 INFO  Loading Command: p-add. 
01:43:49.354 INFO  Loading Command: p-create. 
01:43:49.356 INFO  Loading Command: p-delete. 
01:43:49.358 INFO  Loading Command: p-load. 
01:43:49.360 INFO  Loading Command: p-remove. 
01:43:49.362 INFO  Loading Command: p-view. 
01:43:49.363 INFO  Loading Command: pause. 
01:43:49.365 INFO  Loading Command: pitch. 
01:43:49.366 INFO  Loading Command: play. 
01:43:49.368 INFO  Loading Command: previous. 
01:43:49.369 INFO  Loading Command: queue. 
01:43:49.379 INFO  Loading Command: radio. 
01:43:49.381 INFO  Loading Command: remove. 
01:43:49.383 INFO  Loading Command: resume. 
01:43:49.384 INFO  Loading Command: rewind. 
01:43:49.386 INFO  Loading Command: search. 
01:43:49.387 INFO  Loading Command: seek. 
01:43:49.389 INFO  Loading Command: shuffle. 
01:43:49.391 INFO  Loading Command: skip. 
01:43:49.392 INFO  Loading Command: speed. 
01:43:49.394 INFO  Loading Command: vaporwave. 
01:43:49.395 INFO  Loading Command: volume. 
01:43:49.396 INFO  =-=-=-=-=-=-=- Loading events -=-=-=-=-=-=-= 
01:43:49.471 INFO  Loading Event: channelDelete 
01:43:49.473 INFO  Loading Event: messageReactionAdd 
01:43:49.475 INFO  Loading Event: voiceStateUpdate 
01:43:49.477 INFO  Loading Event: clickButton 
01:43:49.479 INFO  Loading Event: slashCreate 
01:43:49.482 INFO  Loading Event: debug 
01:43:49.483 INFO  Loading Event: error 
01:43:49.485 INFO  Loading Event: guildCreate 
01:43:49.488 INFO  Loading Event: guildDelete 
01:43:49.489 INFO  Loading Event: guildUnavailable 
01:43:49.490 INFO  Loading Event: interactionCreate 
01:43:49.495 INFO  Loading Event: messageCreate 
01:43:49.497 INFO  Loading Event: rateLimit 
01:43:49.498 INFO  Loading Event: raw 
01:43:49.499 INFO  Loading Event: ready 
01:43:49.501 INFO  Loading Event: warn 
01:43:49.503 INFO  Loading Event: shardDisconnect 
01:43:49.504 INFO  Loading Event: shardError 
01:43:49.506 INFO  Loading Event: shardReady 
01:43:49.507 INFO  Loading Event: shardReconnecting 
01:43:49.578 INFO  1 language(s) have loaded. (en-US) 
01:43:49.979 INFO  MongoDB successfully connected 
01:43:50.299 INFO  Shard: 0 has became ready with: 0 unavailable guilds. 
01:43:50.303 INFO  =-=-=-=-=-=-=- Loading Guild Specific Interaction(s) -=-=-=-=-=-=-= 
01:43:50.359 INFO  All guilds have been initialized. 
01:43:50.359 INFO  -=-=-=-=-=-=-=-=-=-=-=-=-=-=-=-=-=-=-=-=-=-=-=-=-=-=-=-= 
01:43:50.359 INFO  Moody 2#6662, ready to serve [2] users in [2] servers. 
01:43:50.360 INFO  -=-=-=-=-=-=-=-=-=-=-=-=-=-=-=-=-=-=-=-=-=-=-=-=-=-=-=-= 
01:43:50.401 INFO  Lavalink node: lava.link has connected. 
01:43:50.500 INFO  Loaded Interactions for guild: Moody 
01:43:50.542 INFO  Loaded Interactions for guild: TEST 
01:45:13.245 INFO  =-=-=-=-=-=-=- Loading shard(s) -=-=-=-=-=-=-= 
01:45:14.243 INFO  =-=-=-=-=-=-=- Loading commands -=-=-=-=-=-=-= 
01:45:14.254 INFO  Loading Command: ban. 
01:45:14.255 INFO  Loading Command: prefix. 
01:45:14.257 INFO  Loading Command: setup. 
01:45:14.259 INFO  Loading Command: test. 
01:45:14.260 INFO  Loading Command: unban. 
01:45:14.263 INFO  Loading Command: help. 
01:45:14.264 INFO  Loading Command: ping. 
01:45:14.290 INFO  Loading Command: docs. 
01:45:14.291 INFO  Loading Command: eval. 
01:45:14.292 INFO  Loading Command: lavalink. 
01:45:14.304 INFO  Loading Command: node. 
01:45:14.306 INFO  Loading Command: reload. 
01:45:14.307 INFO  Loading Command: shutdown. 
01:45:14.308 INFO  Loading Command: suggestion. 
01:45:14.311 INFO  Loading Command: user. 
01:45:14.313 INFO  Loading Command: about. 
01:45:14.315 INFO  Loading Command: invite. 
01:45:14.317 INFO  Loading Command: shorturl. 
01:45:14.318 INFO  Loading Command: status. 
01:45:14.320 INFO  Loading Command: support. 
01:45:14.321 INFO  Loading Command: uptime. 
01:45:14.323 INFO  Loading Command: 247. 
01:45:14.324 INFO  Loading Command: back. 
01:45:14.326 INFO  Loading Command: bassboost. 
01:45:14.327 INFO  Loading Command: dc. 
01:45:14.328 INFO  Loading Command: fast-forward. 
01:45:14.329 INFO  Loading Command: join. 
01:45:14.330 INFO  Loading Command: loop. 
01:45:14.419 INFO  Loading Command: lyrics. 
01:45:14.421 INFO  Loading Command: move. 
01:45:14.422 INFO  Loading Command: nightcore. 
01:45:14.425 INFO  Loading Command: np. 
01:45:14.426 INFO  Loading Command: p-add. 
01:45:14.428 INFO  Loading Command: p-create. 
01:45:14.429 INFO  Loading Command: p-delete. 
01:45:14.432 INFO  Loading Command: p-load. 
01:45:14.433 INFO  Loading Command: p-remove. 
01:45:14.435 INFO  Loading Command: p-view. 
01:45:14.436 INFO  Loading Command: pause. 
01:45:14.438 INFO  Loading Command: pitch. 
01:45:14.440 INFO  Loading Command: play. 
01:45:14.441 INFO  Loading Command: previous. 
01:45:14.442 INFO  Loading Command: queue. 
01:45:14.451 INFO  Loading Command: radio. 
01:45:14.453 INFO  Loading Command: remove. 
01:45:14.455 INFO  Loading Command: resume. 
01:45:14.456 INFO  Loading Command: rewind. 
01:45:14.457 INFO  Loading Command: search. 
01:45:14.459 INFO  Loading Command: seek. 
01:45:14.461 INFO  Loading Command: shuffle. 
01:45:14.462 INFO  Loading Command: skip. 
01:45:14.463 INFO  Loading Command: speed. 
01:45:14.465 INFO  Loading Command: vaporwave. 
01:45:14.466 INFO  Loading Command: volume. 
01:45:14.468 INFO  =-=-=-=-=-=-=- Loading events -=-=-=-=-=-=-= 
01:45:14.528 INFO  Loading Event: clickButton 
01:45:14.530 INFO  Loading Event: slashCreate 
01:45:14.532 INFO  Loading Event: shardDisconnect 
01:45:14.533 INFO  Loading Event: shardError 
01:45:14.534 INFO  Loading Event: shardReady 
01:45:14.535 INFO  Loading Event: shardReconnecting 
01:45:14.537 INFO  Loading Event: debug 
01:45:14.538 INFO  Loading Event: error 
01:45:14.540 INFO  Loading Event: guildCreate 
01:45:14.543 INFO  Loading Event: guildDelete 
01:45:14.544 INFO  Loading Event: guildUnavailable 
01:45:14.545 INFO  Loading Event: interactionCreate 
01:45:14.549 INFO  Loading Event: messageCreate 
01:45:14.550 INFO  Loading Event: rateLimit 
01:45:14.551 INFO  Loading Event: raw 
01:45:14.553 INFO  Loading Event: ready 
01:45:14.554 INFO  Loading Event: warn 
01:45:14.556 INFO  Loading Event: channelDelete 
01:45:14.558 INFO  Loading Event: messageReactionAdd 
01:45:14.559 INFO  Loading Event: voiceStateUpdate 
01:45:14.614 INFO  1 language(s) have loaded. (en-US) 
01:45:14.996 INFO  MongoDB successfully connected 
01:45:15.330 INFO  Shard: 0 has became ready with: 0 unavailable guilds. 
01:45:15.334 INFO  =-=-=-=-=-=-=- Loading Guild Specific Interaction(s) -=-=-=-=-=-=-= 
01:45:15.403 INFO  All guilds have been initialized. 
01:45:15.403 INFO  -=-=-=-=-=-=-=-=-=-=-=-=-=-=-=-=-=-=-=-=-=-=-=-=-=-=-=-= 
01:45:15.403 INFO  Moody 2#6662, ready to serve [2] users in [2] servers. 
01:45:15.404 INFO  -=-=-=-=-=-=-=-=-=-=-=-=-=-=-=-=-=-=-=-=-=-=-=-=-=-=-=-= 
01:45:15.444 INFO  Lavalink node: lava.link has connected. 
01:45:15.559 INFO  Loaded Interactions for guild: Moody 
01:45:15.603 INFO  Loaded Interactions for guild: TEST 
01:48:03.491 INFO  =-=-=-=-=-=-=- Loading shard(s) -=-=-=-=-=-=-= 
01:48:04.406 INFO  =-=-=-=-=-=-=- Loading commands -=-=-=-=-=-=-= 
01:48:04.419 INFO  Loading Command: ban. 
01:48:04.421 INFO  Loading Command: prefix. 
01:48:04.424 INFO  Loading Command: setup. 
01:48:04.426 INFO  Loading Command: test. 
01:48:04.428 INFO  Loading Command: unban. 
01:48:04.431 INFO  Loading Command: about. 
01:48:04.433 INFO  Loading Command: invite. 
01:48:04.436 INFO  Loading Command: shorturl. 
01:48:04.438 INFO  Loading Command: status. 
01:48:04.439 INFO  Loading Command: support. 
01:48:04.440 INFO  Loading Command: uptime. 
01:48:04.474 INFO  Loading Command: docs. 
01:48:04.475 INFO  Loading Command: eval. 
01:48:04.477 INFO  Loading Command: lavalink. 
01:48:04.494 INFO  Loading Command: node. 
01:48:04.495 INFO  Loading Command: reload. 
01:48:04.497 INFO  Loading Command: shutdown. 
01:48:04.498 INFO  Loading Command: suggestion. 
01:48:04.502 INFO  Loading Command: user. 
01:48:04.504 INFO  Loading Command: help. 
01:48:04.507 INFO  Loading Command: ping. 
01:48:04.510 INFO  Loading Command: 247. 
01:48:04.511 INFO  Loading Command: back. 
01:48:04.513 INFO  Loading Command: bassboost. 
01:48:04.515 INFO  Loading Command: dc. 
01:48:04.517 INFO  Loading Command: fast-forward. 
01:48:04.518 INFO  Loading Command: join. 
01:48:04.520 INFO  Loading Command: loop. 
01:48:04.630 INFO  Loading Command: lyrics. 
01:48:04.631 INFO  Loading Command: move. 
01:48:04.633 INFO  Loading Command: nightcore. 
01:48:04.636 INFO  Loading Command: np. 
01:48:04.638 INFO  Loading Command: p-add. 
01:48:04.639 INFO  Loading Command: p-create. 
01:48:04.641 INFO  Loading Command: p-delete. 
01:48:04.643 INFO  Loading Command: p-load. 
01:48:04.644 INFO  Loading Command: p-remove. 
01:48:04.646 INFO  Loading Command: p-view. 
01:48:04.647 INFO  Loading Command: pause. 
01:48:04.649 INFO  Loading Command: pitch. 
01:48:04.651 INFO  Loading Command: play. 
01:48:04.652 INFO  Loading Command: previous. 
01:48:04.653 INFO  Loading Command: queue. 
01:48:04.663 INFO  Loading Command: radio. 
01:48:04.665 INFO  Loading Command: remove. 
01:48:04.666 INFO  Loading Command: resume. 
01:48:04.667 INFO  Loading Command: rewind. 
01:48:04.669 INFO  Loading Command: search. 
01:48:04.670 INFO  Loading Command: seek. 
01:48:04.672 INFO  Loading Command: shuffle. 
01:48:04.673 INFO  Loading Command: skip. 
01:48:04.675 INFO  Loading Command: speed. 
01:48:04.677 INFO  Loading Command: vaporwave. 
01:48:04.678 INFO  Loading Command: volume. 
01:48:04.679 INFO  =-=-=-=-=-=-=- Loading events -=-=-=-=-=-=-= 
01:48:04.744 INFO  Loading Event: debug 
01:48:04.746 INFO  Loading Event: error 
01:48:04.748 INFO  Loading Event: guildCreate 
01:48:04.750 INFO  Loading Event: guildDelete 
01:48:04.752 INFO  Loading Event: guildUnavailable 
01:48:04.753 INFO  Loading Event: interactionCreate 
01:48:04.758 INFO  Loading Event: messageCreate 
01:48:04.760 INFO  Loading Event: rateLimit 
01:48:04.761 INFO  Loading Event: raw 
01:48:04.763 INFO  Loading Event: ready 
01:48:04.765 INFO  Loading Event: warn 
01:48:04.768 INFO  Loading Event: channelDelete 
01:48:04.770 INFO  Loading Event: messageReactionAdd 
01:48:04.772 INFO  Loading Event: voiceStateUpdate 
01:48:04.774 INFO  Loading Event: shardDisconnect 
01:48:04.776 INFO  Loading Event: shardError 
01:48:04.778 INFO  Loading Event: shardReady 
01:48:04.779 INFO  Loading Event: shardReconnecting 
01:48:04.781 INFO  Loading Event: clickButton 
01:48:04.784 INFO  Loading Event: slashCreate 
01:48:04.848 INFO  1 language(s) have loaded. (en-US) 
01:48:05.339 INFO  MongoDB successfully connected 
01:48:05.637 INFO  Shard: 0 has became ready with: 0 unavailable guilds. 
01:48:05.641 INFO  =-=-=-=-=-=-=- Loading Guild Specific Interaction(s) -=-=-=-=-=-=-= 
01:48:05.735 INFO  All guilds have been initialized. 
01:48:05.736 INFO  -=-=-=-=-=-=-=-=-=-=-=-=-=-=-=-=-=-=-=-=-=-=-=-=-=-=-=-= 
01:48:05.736 INFO  Moody 2#6662, ready to serve [2] users in [2] servers. 
01:48:05.736 INFO  -=-=-=-=-=-=-=-=-=-=-=-=-=-=-=-=-=-=-=-=-=-=-=-=-=-=-=-= 
01:48:05.738 INFO  Lavalink node: lava.link has connected. 
01:48:05.838 INFO  Loaded Interactions for guild: Moody 
01:48:05.915 INFO  Loaded Interactions for guild: TEST 
02:01:06.697 INFO  =-=-=-=-=-=-=- Loading shard(s) -=-=-=-=-=-=-= 
02:01:07.665 INFO  =-=-=-=-=-=-=- Loading commands -=-=-=-=-=-=-= 
02:01:07.679 INFO  Loading Command: ban. 
02:01:07.681 INFO  Loading Command: prefix. 
02:01:07.683 INFO  Loading Command: setup. 
02:01:07.685 INFO  Loading Command: test. 
02:01:07.687 INFO  Loading Command: unban. 
02:01:07.689 INFO  Loading Command: help. 
02:01:07.692 INFO  Loading Command: ping. 
02:01:07.721 INFO  Loading Command: docs. 
02:01:07.722 INFO  Loading Command: eval. 
02:01:07.723 INFO  Loading Command: lavalink. 
02:01:07.738 INFO  Loading Command: node. 
02:01:07.740 INFO  Loading Command: reload. 
02:01:07.741 INFO  Loading Command: shutdown. 
02:01:07.743 INFO  Loading Command: suggestion. 
02:01:07.746 INFO  Loading Command: user. 
02:01:07.749 INFO  Loading Command: about. 
02:01:07.751 INFO  Loading Command: invite. 
02:01:07.754 INFO  Loading Command: shorturl. 
02:01:07.755 INFO  Loading Command: status. 
02:01:07.756 INFO  Loading Command: support. 
02:01:07.758 INFO  Loading Command: uptime. 
02:01:07.761 INFO  Loading Command: 247. 
02:01:07.763 INFO  Loading Command: back. 
02:01:07.765 INFO  Loading Command: bassboost. 
02:01:07.767 INFO  Loading Command: dc. 
02:01:07.768 INFO  Loading Command: fast-forward. 
02:01:07.769 INFO  Loading Command: join. 
02:01:07.771 INFO  Loading Command: loop. 
02:01:07.873 INFO  Loading Command: lyrics. 
02:01:07.875 INFO  Loading Command: move. 
02:01:07.876 INFO  Loading Command: nightcore. 
02:01:07.879 INFO  Loading Command: np. 
02:01:07.880 INFO  Loading Command: p-add. 
02:01:07.881 INFO  Loading Command: p-create. 
02:01:07.882 INFO  Loading Command: p-delete. 
02:01:07.885 INFO  Loading Command: p-load. 
02:01:07.886 INFO  Loading Command: p-remove. 
02:01:07.887 INFO  Loading Command: p-view. 
02:01:07.888 INFO  Loading Command: pause. 
02:01:07.889 INFO  Loading Command: pitch. 
02:01:07.891 INFO  Loading Command: play. 
02:01:07.892 INFO  Loading Command: previous. 
02:01:07.893 INFO  Loading Command: queue. 
02:01:07.901 INFO  Loading Command: radio. 
02:01:07.902 INFO  Loading Command: remove. 
02:01:07.903 INFO  Loading Command: resume. 
02:01:07.904 INFO  Loading Command: rewind. 
02:01:07.905 INFO  Loading Command: search. 
02:01:07.907 INFO  Loading Command: seek. 
02:01:07.909 INFO  Loading Command: shuffle. 
02:01:07.910 INFO  Loading Command: skip. 
02:01:07.911 INFO  Loading Command: speed. 
02:01:07.913 INFO  Loading Command: vaporwave. 
02:01:07.914 INFO  Loading Command: volume. 
02:01:07.915 INFO  =-=-=-=-=-=-=- Loading events -=-=-=-=-=-=-= 
02:01:07.990 INFO  Loading Event: clickButton 
02:01:07.993 INFO  Loading Event: slashCreate 
02:01:07.995 INFO  Loading Event: debug 
02:01:07.996 INFO  Loading Event: error 
02:01:07.999 INFO  Loading Event: guildCreate 
02:01:08.001 INFO  Loading Event: guildDelete 
02:01:08.002 INFO  Loading Event: guildUnavailable 
02:01:08.003 INFO  Loading Event: interactionCreate 
02:01:08.006 INFO  Loading Event: messageCreate 
02:01:08.007 INFO  Loading Event: rateLimit 
02:01:08.008 INFO  Loading Event: raw 
02:01:08.009 INFO  Loading Event: ready 
02:01:08.011 INFO  Loading Event: warn 
02:01:08.013 INFO  Loading Event: shardDisconnect 
02:01:08.014 INFO  Loading Event: shardError 
02:01:08.015 INFO  Loading Event: shardReady 
02:01:08.016 INFO  Loading Event: shardReconnecting 
02:01:08.018 INFO  Loading Event: channelDelete 
02:01:08.020 INFO  Loading Event: messageReactionAdd 
02:01:08.021 INFO  Loading Event: voiceStateUpdate 
02:01:08.073 INFO  1 language(s) have loaded. (en-US) 
02:01:08.444 INFO  MongoDB successfully connected 
02:01:08.834 INFO  Shard: 0 has became ready with: 0 unavailable guilds. 
02:01:08.839 INFO  =-=-=-=-=-=-=- Loading Guild Specific Interaction(s) -=-=-=-=-=-=-= 
02:01:08.909 INFO  All guilds have been initialized. 
02:01:08.909 INFO  -=-=-=-=-=-=-=-=-=-=-=-=-=-=-=-=-=-=-=-=-=-=-=-=-=-=-=-= 
02:01:08.910 INFO  Moody 2#6662, ready to serve [2] users in [2] servers. 
02:01:08.910 INFO  -=-=-=-=-=-=-=-=-=-=-=-=-=-=-=-=-=-=-=-=-=-=-=-=-=-=-=-= 
02:01:08.936 INFO  Lavalink node: lava.link has connected. 
02:01:09.028 INFO  Loaded Interactions for guild: Moody 
02:01:09.158 INFO  Loaded Interactions for guild: TEST 
02:01:18.179 INFO  Found Track: Timer 10 sec with jeopardy music 
02:01:18.987 ERROR Unhandled promise rejection: Invalid Form Body
embeds[0].description: This field is required. 
02:01:19.475 ERROR Unhandled promise rejection: Invalid Form Body
embeds[0].description: This field is required. 
02:01:35.122 ERROR Unhandled promise rejection: Invalid Form Body
embeds[0].description: This field is required. 
02:02:28.380 INFO  =-=-=-=-=-=-=- Loading shard(s) -=-=-=-=-=-=-= 
02:02:29.365 INFO  =-=-=-=-=-=-=- Loading commands -=-=-=-=-=-=-= 
02:02:29.377 INFO  Loading Command: ban. 
02:02:29.379 INFO  Loading Command: prefix. 
02:02:29.380 INFO  Loading Command: setup. 
02:02:29.382 INFO  Loading Command: test. 
02:02:29.383 INFO  Loading Command: unban. 
02:02:29.385 INFO  Loading Command: help. 
02:02:29.387 INFO  Loading Command: ping. 
02:02:29.414 INFO  Loading Command: docs. 
02:02:29.415 INFO  Loading Command: eval. 
02:02:29.417 INFO  Loading Command: lavalink. 
02:02:29.430 INFO  Loading Command: node. 
02:02:29.431 INFO  Loading Command: reload. 
02:02:29.432 INFO  Loading Command: shutdown. 
02:02:29.433 INFO  Loading Command: suggestion. 
02:02:29.436 INFO  Loading Command: user. 
02:02:29.439 INFO  Loading Command: about. 
02:02:29.441 INFO  Loading Command: invite. 
02:02:29.443 INFO  Loading Command: shorturl. 
02:02:29.444 INFO  Loading Command: status. 
02:02:29.445 INFO  Loading Command: support. 
02:02:29.447 INFO  Loading Command: uptime. 
02:02:29.449 INFO  Loading Command: 247. 
02:02:29.450 INFO  Loading Command: back. 
02:02:29.452 INFO  Loading Command: bassboost. 
02:02:29.453 INFO  Loading Command: dc. 
02:02:29.454 INFO  Loading Command: fast-forward. 
02:02:29.455 INFO  Loading Command: join. 
02:02:29.456 INFO  Loading Command: loop. 
02:02:29.544 INFO  Loading Command: lyrics. 
02:02:29.546 INFO  Loading Command: move. 
02:02:29.547 INFO  Loading Command: nightcore. 
02:02:29.549 INFO  Loading Command: np. 
02:02:29.551 INFO  Loading Command: p-add. 
02:02:29.552 INFO  Loading Command: p-create. 
02:02:29.553 INFO  Loading Command: p-delete. 
02:02:29.555 INFO  Loading Command: p-load. 
02:02:29.557 INFO  Loading Command: p-remove. 
02:02:29.558 INFO  Loading Command: p-view. 
02:02:29.559 INFO  Loading Command: pause. 
02:02:29.560 INFO  Loading Command: pitch. 
02:02:29.562 INFO  Loading Command: play. 
02:02:29.563 INFO  Loading Command: previous. 
02:02:29.564 INFO  Loading Command: queue. 
02:02:29.572 INFO  Loading Command: radio. 
02:02:29.574 INFO  Loading Command: remove. 
02:02:29.575 INFO  Loading Command: resume. 
02:02:29.576 INFO  Loading Command: rewind. 
02:02:29.577 INFO  Loading Command: search. 
02:02:29.579 INFO  Loading Command: seek. 
02:02:29.581 INFO  Loading Command: shuffle. 
02:02:29.582 INFO  Loading Command: skip. 
02:02:29.584 INFO  Loading Command: speed. 
02:02:29.585 INFO  Loading Command: vaporwave. 
02:02:29.587 INFO  Loading Command: volume. 
02:02:29.588 INFO  =-=-=-=-=-=-=- Loading events -=-=-=-=-=-=-= 
02:02:29.647 INFO  Loading Event: clickButton 
02:02:29.649 INFO  Loading Event: slashCreate 
02:02:29.650 INFO  Loading Event: channelDelete 
02:02:29.652 INFO  Loading Event: messageReactionAdd 
02:02:29.653 INFO  Loading Event: voiceStateUpdate 
02:02:29.655 INFO  Loading Event: shardDisconnect 
02:02:29.656 INFO  Loading Event: shardError 
02:02:29.657 INFO  Loading Event: shardReady 
02:02:29.658 INFO  Loading Event: shardReconnecting 
02:02:29.660 INFO  Loading Event: debug 
02:02:29.661 INFO  Loading Event: error 
02:02:29.663 INFO  Loading Event: guildCreate 
02:02:29.665 INFO  Loading Event: guildDelete 
02:02:29.667 INFO  Loading Event: guildUnavailable 
02:02:29.668 INFO  Loading Event: interactionCreate 
02:02:29.671 INFO  Loading Event: messageCreate 
02:02:29.672 INFO  Loading Event: rateLimit 
02:02:29.673 INFO  Loading Event: raw 
02:02:29.675 INFO  Loading Event: ready 
02:02:29.676 INFO  Loading Event: warn 
02:02:29.728 INFO  1 language(s) have loaded. (en-US) 
02:02:30.086 INFO  MongoDB successfully connected 
02:02:30.472 INFO  Shard: 0 has became ready with: 0 unavailable guilds. 
02:02:30.476 INFO  =-=-=-=-=-=-=- Loading Guild Specific Interaction(s) -=-=-=-=-=-=-= 
02:02:30.536 INFO  All guilds have been initialized. 
02:02:30.536 INFO  -=-=-=-=-=-=-=-=-=-=-=-=-=-=-=-=-=-=-=-=-=-=-=-=-=-=-=-= 
02:02:30.537 INFO  Moody 2#6662, ready to serve [2] users in [2] servers. 
02:02:30.537 INFO  -=-=-=-=-=-=-=-=-=-=-=-=-=-=-=-=-=-=-=-=-=-=-=-=-=-=-=-= 
02:02:30.586 INFO  Lavalink node: lava.link has connected. 
02:02:30.670 INFO  Loaded Interactions for guild: Moody 
02:02:30.754 INFO  Loaded Interactions for guild: TEST 
02:02:37.234 INFO  Found Track: Timer 10 sec with jeopardy music 
02:03:25.011 ERROR Unhandled promise rejection: Cannot read property 'identifier' of null. 
02:03:27.775 INFO  Found Track: Timer 10 sec with jeopardy music 
02:04:13.958 INFO  Found Track: Timer 10 sec with jeopardy music 
02:07:05.807 INFO  Found Track: Technotronic - Pump Up The Jam (Official Music Video) 
02:07:23.010 INFO  Found Track: Technotronic - Pump Up The Jam (Official Music Video) 
02:10:18.234 INFO  =-=-=-=-=-=-=- Loading shard(s) -=-=-=-=-=-=-= 
02:10:19.160 INFO  =-=-=-=-=-=-=- Loading commands -=-=-=-=-=-=-= 
02:10:19.171 INFO  Loading Command: ban. 
02:10:19.173 INFO  Loading Command: prefix. 
02:10:19.175 INFO  Loading Command: setup. 
02:10:19.176 INFO  Loading Command: test. 
02:10:19.178 INFO  Loading Command: unban. 
02:10:19.181 INFO  Loading Command: help. 
02:10:19.183 INFO  Loading Command: ping. 
02:10:19.209 INFO  Loading Command: docs. 
02:10:19.210 INFO  Loading Command: eval. 
02:10:19.212 INFO  Loading Command: lavalink. 
02:10:19.225 INFO  Loading Command: node. 
02:10:19.226 INFO  Loading Command: reload. 
02:10:19.227 INFO  Loading Command: shutdown. 
02:10:19.229 INFO  Loading Command: suggestion. 
02:10:19.232 INFO  Loading Command: user. 
02:10:19.235 INFO  Loading Command: about. 
02:10:19.237 INFO  Loading Command: invite. 
02:10:19.239 INFO  Loading Command: shorturl. 
02:10:19.240 INFO  Loading Command: status. 
02:10:19.242 INFO  Loading Command: support. 
02:10:19.243 INFO  Loading Command: uptime. 
02:10:19.245 INFO  Loading Command: 247. 
02:10:19.246 INFO  Loading Command: back. 
02:10:19.248 INFO  Loading Command: bassboost. 
02:10:19.249 INFO  Loading Command: dc. 
02:10:19.251 INFO  Loading Command: fast-forward. 
02:10:19.252 INFO  Loading Command: join. 
02:10:19.253 INFO  Loading Command: loop. 
02:10:19.340 INFO  Loading Command: lyrics. 
02:10:19.341 INFO  Loading Command: move. 
02:10:19.343 INFO  Loading Command: nightcore. 
02:10:19.345 INFO  Loading Command: np. 
02:10:19.347 INFO  Loading Command: p-add. 
02:10:19.348 INFO  Loading Command: p-create. 
02:10:19.349 INFO  Loading Command: p-delete. 
02:10:19.351 INFO  Loading Command: p-load. 
02:10:19.352 INFO  Loading Command: p-remove. 
02:10:19.353 INFO  Loading Command: p-view. 
02:10:19.354 INFO  Loading Command: pause. 
02:10:19.356 INFO  Loading Command: pitch. 
02:10:19.357 INFO  Loading Command: play. 
02:10:19.358 INFO  Loading Command: previous. 
02:10:19.359 INFO  Loading Command: queue. 
02:10:19.367 INFO  Loading Command: radio. 
02:10:19.368 INFO  Loading Command: remove. 
02:10:19.369 INFO  Loading Command: resume. 
02:10:19.370 INFO  Loading Command: rewind. 
02:10:19.372 INFO  Loading Command: search. 
02:10:19.374 INFO  Loading Command: seek. 
02:10:19.375 INFO  Loading Command: shuffle. 
02:10:19.376 INFO  Loading Command: skip. 
02:10:19.377 INFO  Loading Command: speed. 
02:10:19.379 INFO  Loading Command: vaporwave. 
02:10:19.380 INFO  Loading Command: volume. 
02:10:19.381 INFO  =-=-=-=-=-=-=- Loading events -=-=-=-=-=-=-= 
02:10:19.442 INFO  Loading Event: debug 
02:10:19.443 INFO  Loading Event: error 
02:10:19.445 INFO  Loading Event: guildCreate 
02:10:19.447 INFO  Loading Event: guildDelete 
02:10:19.448 INFO  Loading Event: guildUnavailable 
02:10:19.449 INFO  Loading Event: interactionCreate 
02:10:19.453 INFO  Loading Event: messageCreate 
02:10:19.454 INFO  Loading Event: rateLimit 
02:10:19.455 INFO  Loading Event: raw 
02:10:19.456 INFO  Loading Event: ready 
02:10:19.457 INFO  Loading Event: warn 
02:10:19.459 INFO  Loading Event: clickButton 
02:10:19.461 INFO  Loading Event: slashCreate 
02:10:19.463 INFO  Loading Event: shardDisconnect 
02:10:19.465 INFO  Loading Event: shardError 
02:10:19.466 INFO  Loading Event: shardReady 
02:10:19.467 INFO  Loading Event: shardReconnecting 
02:10:19.477 INFO  Loading Event: channelDelete 
02:10:19.482 INFO  Loading Event: messageReactionAdd 
02:10:19.483 INFO  Loading Event: voiceStateUpdate 
02:10:19.535 INFO  1 language(s) have loaded. (en-US) 
02:10:19.917 INFO  MongoDB successfully connected 
02:10:20.318 INFO  Shard: 0 has became ready with: 0 unavailable guilds. 
02:10:20.323 INFO  =-=-=-=-=-=-=- Loading Guild Specific Interaction(s) -=-=-=-=-=-=-= 
02:10:20.395 INFO  All guilds have been initialized. 
02:10:20.395 INFO  -=-=-=-=-=-=-=-=-=-=-=-=-=-=-=-=-=-=-=-=-=-=-=-=-=-=-=-= 
02:10:20.395 INFO  Moody 2#6662, ready to serve [3] users in [2] servers. 
02:10:20.396 INFO  -=-=-=-=-=-=-=-=-=-=-=-=-=-=-=-=-=-=-=-=-=-=-=-=-=-=-=-= 
02:10:20.397 INFO  Lavalink node: lava.link has connected. 
02:10:20.499 INFO  Loaded Interactions for guild: Moody 
02:10:20.545 INFO  Loaded Interactions for guild: TEST 
02:10:24.735 INFO  Found Track: Technotronic - Pump Up The Jam (Official Music Video) 
02:12:35.351 INFO  =-=-=-=-=-=-=- Loading shard(s) -=-=-=-=-=-=-= 
02:12:36.309 INFO  =-=-=-=-=-=-=- Loading commands -=-=-=-=-=-=-= 
02:12:36.321 INFO  Loading Command: ban. 
02:12:36.323 INFO  Loading Command: prefix. 
02:12:36.325 INFO  Loading Command: setup. 
02:12:36.328 INFO  Loading Command: test. 
02:12:36.330 INFO  Loading Command: unban. 
02:12:36.333 INFO  Loading Command: help. 
02:12:36.335 INFO  Loading Command: ping. 
02:12:36.363 INFO  Loading Command: docs. 
02:12:36.364 INFO  Loading Command: eval. 
02:12:36.365 INFO  Loading Command: lavalink. 
02:12:36.378 INFO  Loading Command: node. 
02:12:36.380 INFO  Loading Command: reload. 
02:12:36.381 INFO  Loading Command: shutdown. 
02:12:36.382 INFO  Loading Command: suggestion. 
02:12:36.385 INFO  Loading Command: user. 
02:12:36.388 INFO  Loading Command: about. 
02:12:36.390 INFO  Loading Command: invite. 
02:12:36.392 INFO  Loading Command: shorturl. 
02:12:36.394 INFO  Loading Command: status. 
02:12:36.395 INFO  Loading Command: support. 
02:12:36.397 INFO  Loading Command: uptime. 
02:12:36.397 INFO  =-=-=-=-=-=-=- Loading events -=-=-=-=-=-=-= 
02:12:36.457 INFO  Loading Command: 247. 
02:12:36.458 INFO  Loading Command: back. 
02:12:36.460 INFO  Loading Command: bassboost. 
02:12:36.461 INFO  Loading Command: dc. 
02:12:36.462 INFO  Loading Command: fast-forward. 
02:12:36.463 INFO  Loading Command: join. 
02:12:36.465 INFO  Loading Command: loop. 
02:12:36.555 INFO  Loading Command: lyrics. 
02:12:36.557 INFO  Loading Command: move. 
02:12:36.558 INFO  Loading Command: nightcore. 
02:12:36.561 INFO  Loading Command: np. 
02:12:36.562 INFO  Loading Command: p-add. 
02:12:36.564 INFO  Loading Command: p-create. 
02:12:36.565 INFO  Loading Command: p-delete. 
02:12:36.567 INFO  Loading Command: p-load. 
02:12:36.568 INFO  Loading Command: p-remove. 
02:12:36.569 INFO  Loading Command: p-view. 
02:12:36.570 INFO  Loading Command: pause. 
02:12:36.572 INFO  Loading Command: pitch. 
02:12:36.573 INFO  Loading Command: play. 
02:12:36.575 INFO  Loading Command: previous. 
02:12:36.576 INFO  Loading Command: queue. 
02:12:36.582 INFO  Loading Command: radio. 
02:12:36.584 INFO  Loading Command: remove. 
02:12:36.585 INFO  Loading Command: resume. 
02:12:36.586 INFO  Loading Command: rewind. 
02:12:36.587 INFO  Loading Command: search. 
02:12:36.589 INFO  Loading Command: seek. 
02:12:36.591 INFO  Loading Command: shuffle. 
02:12:36.592 INFO  Loading Command: skip. 
02:12:36.593 INFO  Loading Command: speed. 
02:12:36.595 INFO  Loading Command: vaporwave. 
02:12:36.596 INFO  Loading Command: volume. 
02:12:36.600 INFO  Loading Event: clickButton 
02:12:36.602 INFO  Loading Event: slashCreate 
02:12:36.603 INFO  Loading Event: debug 
02:12:36.604 INFO  Loading Event: error 
02:12:36.606 INFO  Loading Event: guildCreate 
02:12:36.609 INFO  Loading Event: guildDelete 
02:12:36.610 INFO  Loading Event: guildUnavailable 
02:12:36.611 INFO  Loading Event: interactionCreate 
02:12:36.614 INFO  Loading Event: messageCreate 
02:12:36.616 INFO  Loading Event: rateLimit 
02:12:36.617 INFO  Loading Event: raw 
02:12:36.618 INFO  Loading Event: ready 
02:12:36.619 INFO  Loading Event: warn 
02:12:36.621 INFO  Loading Event: shardDisconnect 
02:12:36.622 INFO  Loading Event: shardError 
02:12:36.624 INFO  Loading Event: shardReady 
02:12:36.625 INFO  Loading Event: shardReconnecting 
02:12:36.627 INFO  Loading Event: channelDelete 
02:12:36.629 INFO  Loading Event: messageReactionAdd 
02:12:36.630 INFO  Loading Event: voiceStateUpdate 
02:12:36.679 INFO  1 language(s) have loaded. (en-US) 
02:12:37.103 INFO  MongoDB successfully connected 
02:12:37.759 INFO  Shard: 0 has became ready with: 0 unavailable guilds. 
02:12:37.763 INFO  =-=-=-=-=-=-=- Loading Guild Specific Interaction(s) -=-=-=-=-=-=-= 
02:12:37.835 INFO  All guilds have been initialized. 
02:12:37.835 INFO  -=-=-=-=-=-=-=-=-=-=-=-=-=-=-=-=-=-=-=-=-=-=-=-=-=-=-=-= 
02:12:37.835 INFO  Moody 2#6662, ready to serve [2] users in [2] servers. 
02:12:37.836 INFO  -=-=-=-=-=-=-=-=-=-=-=-=-=-=-=-=-=-=-=-=-=-=-=-=-=-=-=-= 
02:12:37.841 INFO  Lavalink node: lava.link has connected. 
02:12:37.989 INFO  Loaded Interactions for guild: Moody 
02:12:38.021 INFO  Loaded Interactions for guild: TEST 
02:12:38.800 INFO  Found Track: Timer 10 sec with jeopardy music 
02:12:54.833 ERROR Unhandled promise rejection: Cannot read property 'defaultSettings' of undefined. 
02:13:20.524 INFO  =-=-=-=-=-=-=- Loading shard(s) -=-=-=-=-=-=-= 
02:13:21.480 INFO  =-=-=-=-=-=-=- Loading commands -=-=-=-=-=-=-= 
02:13:21.493 INFO  Loading Command: ban. 
02:13:21.495 INFO  Loading Command: prefix. 
02:13:21.497 INFO  Loading Command: setup. 
02:13:21.499 INFO  Loading Command: test. 
02:13:21.501 INFO  Loading Command: unban. 
02:13:21.503 INFO  Loading Command: help. 
02:13:21.506 INFO  Loading Command: ping. 
02:13:21.533 INFO  Loading Command: docs. 
02:13:21.534 INFO  Loading Command: eval. 
02:13:21.536 INFO  Loading Command: lavalink. 
02:13:21.550 INFO  Loading Command: node. 
02:13:21.551 INFO  Loading Command: reload. 
02:13:21.552 INFO  Loading Command: shutdown. 
02:13:21.553 INFO  Loading Command: suggestion. 
02:13:21.556 INFO  Loading Command: user. 
02:13:21.558 INFO  Loading Command: 247. 
02:13:21.560 INFO  Loading Command: back. 
02:13:21.562 INFO  Loading Command: bassboost. 
02:13:21.563 INFO  Loading Command: dc. 
02:13:21.564 INFO  Loading Command: fast-forward. 
02:13:21.565 INFO  Loading Command: join. 
02:13:21.566 INFO  Loading Command: loop. 
02:13:21.661 INFO  Loading Command: lyrics. 
02:13:21.662 INFO  Loading Command: move. 
02:13:21.664 INFO  Loading Command: nightcore. 
02:13:21.666 INFO  Loading Command: np. 
02:13:21.668 INFO  Loading Command: p-add. 
02:13:21.670 INFO  Loading Command: p-create. 
02:13:21.671 INFO  Loading Command: p-delete. 
02:13:21.673 INFO  Loading Command: p-load. 
02:13:21.674 INFO  Loading Command: p-remove. 
02:13:21.675 INFO  Loading Command: p-view. 
02:13:21.677 INFO  Loading Command: pause. 
02:13:21.679 INFO  Loading Command: pitch. 
02:13:21.680 INFO  Loading Command: play. 
02:13:21.681 INFO  Loading Command: previous. 
02:13:21.682 INFO  Loading Command: queue. 
02:13:21.690 INFO  Loading Command: radio. 
02:13:21.691 INFO  Loading Command: remove. 
02:13:21.692 INFO  Loading Command: resume. 
02:13:21.694 INFO  Loading Command: rewind. 
02:13:21.695 INFO  Loading Command: search. 
02:13:21.697 INFO  Loading Command: seek. 
02:13:21.699 INFO  Loading Command: shuffle. 
02:13:21.701 INFO  Loading Command: skip. 
02:13:21.702 INFO  Loading Command: speed. 
02:13:21.704 INFO  Loading Command: vaporwave. 
02:13:21.705 INFO  Loading Command: volume. 
02:13:21.706 INFO  =-=-=-=-=-=-=- Loading events -=-=-=-=-=-=-= 
02:13:21.766 INFO  Loading Command: about. 
02:13:21.768 INFO  Loading Command: invite. 
02:13:21.770 INFO  Loading Command: shorturl. 
02:13:21.772 INFO  Loading Command: status. 
02:13:21.773 INFO  Loading Command: support. 
02:13:21.774 INFO  Loading Command: uptime. 
02:13:21.777 INFO  Loading Event: debug 
02:13:21.778 INFO  Loading Event: error 
02:13:21.781 INFO  Loading Event: guildCreate 
02:13:21.783 INFO  Loading Event: guildDelete 
02:13:21.784 INFO  Loading Event: guildUnavailable 
02:13:21.785 INFO  Loading Event: interactionCreate 
02:13:21.789 INFO  Loading Event: messageCreate 
02:13:21.790 INFO  Loading Event: rateLimit 
02:13:21.791 INFO  Loading Event: raw 
02:13:21.792 INFO  Loading Event: ready 
02:13:21.793 INFO  Loading Event: warn 
02:13:21.795 INFO  Loading Event: clickButton 
02:13:21.798 INFO  Loading Event: slashCreate 
02:13:21.800 INFO  Loading Event: shardDisconnect 
02:13:21.801 INFO  Loading Event: shardError 
02:13:21.802 INFO  Loading Event: shardReady 
02:13:21.803 INFO  Loading Event: shardReconnecting 
02:13:21.807 INFO  Loading Event: channelDelete 
02:13:21.808 INFO  Loading Event: messageReactionAdd 
02:13:21.810 INFO  Loading Event: voiceStateUpdate 
02:13:21.872 INFO  1 language(s) have loaded. (en-US) 
02:13:22.298 INFO  MongoDB successfully connected 
02:13:22.622 INFO  Shard: 0 has became ready with: 0 unavailable guilds. 
02:13:22.627 INFO  =-=-=-=-=-=-=- Loading Guild Specific Interaction(s) -=-=-=-=-=-=-= 
02:13:22.692 INFO  Lavalink node: lava.link has connected. 
02:13:22.711 INFO  All guilds have been initialized. 
02:13:22.711 INFO  -=-=-=-=-=-=-=-=-=-=-=-=-=-=-=-=-=-=-=-=-=-=-=-=-=-=-=-= 
02:13:22.712 INFO  Moody 2#6662, ready to serve [2] users in [2] servers. 
02:13:22.712 INFO  -=-=-=-=-=-=-=-=-=-=-=-=-=-=-=-=-=-=-=-=-=-=-=-=-=-=-=-= 
02:13:22.826 INFO  Loaded Interactions for guild: Moody 
02:13:22.884 INFO  Loaded Interactions for guild: TEST 
02:13:25.593 INFO  Found Track: Timer 10 sec with jeopardy music 
02:13:54.876 INFO  =-=-=-=-=-=-=- Loading shard(s) -=-=-=-=-=-=-= 
02:13:55.849 INFO  =-=-=-=-=-=-=- Loading commands -=-=-=-=-=-=-= 
02:13:55.861 INFO  Loading Command: ban. 
02:13:55.863 INFO  Loading Command: prefix. 
02:13:55.865 INFO  Loading Command: setup. 
02:13:55.866 INFO  Loading Command: test. 
02:13:55.868 INFO  Loading Command: unban. 
02:13:55.871 INFO  Loading Command: help. 
02:13:55.873 INFO  Loading Command: ping. 
02:13:55.901 INFO  Loading Command: docs. 
02:13:55.902 INFO  Loading Command: eval. 
02:13:55.903 INFO  Loading Command: lavalink. 
02:13:55.916 INFO  Loading Command: node. 
02:13:55.917 INFO  Loading Command: reload. 
02:13:55.918 INFO  Loading Command: shutdown. 
02:13:55.920 INFO  Loading Command: suggestion. 
02:13:55.922 INFO  Loading Command: user. 
02:13:55.923 INFO  =-=-=-=-=-=-=- Loading events -=-=-=-=-=-=-= 
02:13:55.988 INFO  Loading Command: about. 
02:13:55.990 INFO  Loading Command: invite. 
02:13:55.992 INFO  Loading Command: shorturl. 
02:13:55.994 INFO  Loading Command: status. 
02:13:55.995 INFO  Loading Command: support. 
02:13:55.997 INFO  Loading Command: uptime. 
02:13:55.999 INFO  Loading Command: 247. 
02:13:56.000 INFO  Loading Command: back. 
02:13:56.002 INFO  Loading Command: bassboost. 
02:13:56.004 INFO  Loading Command: dc. 
02:13:56.005 INFO  Loading Command: fast-forward. 
02:13:56.006 INFO  Loading Command: join. 
02:13:56.007 INFO  Loading Command: loop. 
02:13:56.100 INFO  Loading Command: lyrics. 
02:13:56.101 INFO  Loading Command: move. 
02:13:56.103 INFO  Loading Command: nightcore. 
02:13:56.105 INFO  Loading Command: np. 
02:13:56.107 INFO  Loading Command: p-add. 
02:13:56.109 INFO  Loading Command: p-create. 
02:13:56.110 INFO  Loading Command: p-delete. 
02:13:56.112 INFO  Loading Command: p-load. 
02:13:56.113 INFO  Loading Command: p-remove. 
02:13:56.114 INFO  Loading Command: p-view. 
02:13:56.115 INFO  Loading Command: pause. 
02:13:56.117 INFO  Loading Command: pitch. 
02:13:56.118 INFO  Loading Command: play. 
02:13:56.119 INFO  Loading Command: previous. 
02:13:56.121 INFO  Loading Command: queue. 
02:13:56.128 INFO  Loading Command: radio. 
02:13:56.129 INFO  Loading Command: remove. 
02:13:56.130 INFO  Loading Command: resume. 
02:13:56.131 INFO  Loading Command: rewind. 
02:13:56.132 INFO  Loading Command: search. 
02:13:56.134 INFO  Loading Command: seek. 
02:13:56.135 INFO  Loading Command: shuffle. 
02:13:56.137 INFO  Loading Command: skip. 
02:13:56.138 INFO  Loading Command: speed. 
02:13:56.139 INFO  Loading Command: vaporwave. 
02:13:56.141 INFO  Loading Command: volume. 
02:13:56.144 INFO  Loading Event: debug 
02:13:56.145 INFO  Loading Event: error 
02:13:56.147 INFO  Loading Event: guildCreate 
02:13:56.149 INFO  Loading Event: guildDelete 
02:13:56.151 INFO  Loading Event: guildUnavailable 
02:13:56.152 INFO  Loading Event: interactionCreate 
02:13:56.155 INFO  Loading Event: messageCreate 
02:13:56.156 INFO  Loading Event: rateLimit 
02:13:56.158 INFO  Loading Event: raw 
02:13:56.159 INFO  Loading Event: ready 
02:13:56.160 INFO  Loading Event: warn 
02:13:56.162 INFO  Loading Event: shardDisconnect 
02:13:56.163 INFO  Loading Event: shardError 
02:13:56.164 INFO  Loading Event: shardReady 
02:13:56.165 INFO  Loading Event: shardReconnecting 
02:13:56.166 INFO  Loading Event: clickButton 
02:13:56.169 INFO  Loading Event: slashCreate 
02:13:56.171 INFO  Loading Event: channelDelete 
02:13:56.172 INFO  Loading Event: messageReactionAdd 
02:13:56.174 INFO  Loading Event: voiceStateUpdate 
02:13:56.226 INFO  1 language(s) have loaded. (en-US) 
02:13:56.626 INFO  MongoDB successfully connected 
02:13:56.931 INFO  Shard: 0 has became ready with: 0 unavailable guilds. 
02:13:56.935 INFO  =-=-=-=-=-=-=- Loading Guild Specific Interaction(s) -=-=-=-=-=-=-= 
02:13:57.002 INFO  All guilds have been initialized. 
02:13:57.002 INFO  -=-=-=-=-=-=-=-=-=-=-=-=-=-=-=-=-=-=-=-=-=-=-=-=-=-=-=-= 
02:13:57.003 INFO  Moody 2#6662, ready to serve [2] users in [2] servers. 
02:13:57.003 INFO  -=-=-=-=-=-=-=-=-=-=-=-=-=-=-=-=-=-=-=-=-=-=-=-=-=-=-=-= 
02:13:57.013 INFO  Lavalink node: lava.link has connected. 
02:13:57.153 INFO  Loaded Interactions for guild: Moody 
02:13:57.183 INFO  Loaded Interactions for guild: TEST 
02:14:18.549 INFO  Found Track: Timer 10 sec with jeopardy music 
02:14:24.275 INFO  Found Track: Ping! 
