18:25:04.744 INFO  =-=-=-=-=-=-=- Loading shard(s) -=-=-=-=-=-=-= 
18:25:05.722 INFO  =-=-=-=-=-=-=- Loading commands -=-=-=-=-=-=-= 
18:25:05.733 INFO  Loading Command: help. 
18:25:05.735 INFO  Loading Command: ping. 
18:25:05.736 INFO  =-=-=-=-=-=-=- Loading events -=-=-=-=-=-=-= 
18:25:05.799 INFO  Loading Event: debug 
18:25:05.801 INFO  Loading Event: error 
18:25:05.803 INFO  Loading Event: guildCreate 
18:25:05.808 INFO  Loading Event: guildDelete 
18:25:05.810 INFO  Loading Event: guildUnavailable 
18:25:05.812 INFO  Loading Event: interactionCreate 
18:25:05.819 INFO  Loading Event: messageCreate 
18:25:05.821 INFO  Loading Event: rateLimit 
18:25:05.822 INFO  Loading Event: raw 
18:25:05.824 INFO  Loading Event: ready 
18:25:05.826 INFO  Loading Event: warn 
18:25:05.828 INFO  Loading Event: clickButton 
18:25:05.830 INFO  Loading Event: slashCreate 
18:25:05.833 INFO  Loading Event: channelDelete 
18:25:05.835 INFO  Loading Event: messageReactionAdd 
18:25:05.836 INFO  Loading Event: voiceStateUpdate 
18:25:05.839 INFO  Loading Event: shardDisconnect 
18:25:05.840 INFO  Loading Event: shardError 
18:25:05.841 INFO  Loading Event: shardReady 
18:25:05.842 INFO  Loading Event: shardReconnecting 
18:25:05.901 INFO  1 language(s) have loaded. (en-US) 
18:25:11.421 INFO  MongoDB successfully connected 
18:25:11.814 INFO  Shard: 0 has became ready with: 0 unavailable guilds. 
18:25:11.818 INFO  =-=-=-=-=-=-=- Loading Guild Specific Interaction(s) -=-=-=-=-=-=-= 
18:25:11.890 INFO  All guilds have been initialized. 
18:25:11.890 INFO  -=-=-=-=-=-=-=-=-=-=-=-=-=-=-=-=-=-=-=-=-=-=-=-=-=-=-=-= 
18:25:11.891 INFO  Friends#5108, ready to serve [1] users in [2] servers. 
18:25:11.891 INFO  -=-=-=-=-=-=-=-=-=-=-=-=-=-=-=-=-=-=-=-=-=-=-=-=-=-=-=-= 
18:25:11.943 INFO  Lavalink node: lava.link has connected. 
18:25:12.064 ERROR Failed to load interactions for guild: 709832515577184287 due to: Missing Access. 
18:25:12.092 ERROR Failed to load interactions for guild: 823543363688464455 due to: Missing Access. 
18:25:12.125 ERROR Error fetching logs channel 
18:25:12.126 ERROR Cannot read property 'send' of undefined
{}
TypeError: Cannot read property 'send' of undefined
    at guildDelete.run (D:\Bots\Discord Bots\Friends BOT\src\events\bot\guildDelete.js:33:15)
    at processTicksAndRejections (internal/process/task_queues.js:95:5) 
18:25:54.262 INFO  =-=-=-=-=-=-=- Loading shard(s) -=-=-=-=-=-=-= 
18:25:55.235 INFO  =-=-=-=-=-=-=- Loading commands -=-=-=-=-=-=-= 
18:25:55.246 INFO  Loading Command: help. 
18:25:55.248 INFO  Loading Command: ping. 
18:25:55.249 INFO  =-=-=-=-=-=-=- Loading events -=-=-=-=-=-=-= 
18:25:55.316 INFO  Loading Event: debug 
18:25:55.317 INFO  Loading Event: error 
18:25:55.319 INFO  Loading Event: guildCreate 
18:25:55.322 INFO  Loading Event: guildDelete 
18:25:55.323 INFO  Loading Event: guildUnavailable 
18:25:55.324 INFO  Loading Event: interactionCreate 
18:25:55.329 INFO  Loading Event: messageCreate 
18:25:55.331 INFO  Loading Event: rateLimit 
18:25:55.332 INFO  Loading Event: raw 
18:25:55.334 INFO  Loading Event: ready 
18:25:55.335 INFO  Loading Event: warn 
18:25:55.337 INFO  Loading Event: clickButton 
18:25:55.340 INFO  Loading Event: slashCreate 
18:25:55.342 INFO  Loading Event: channelDelete 
18:25:55.344 INFO  Loading Event: messageReactionAdd 
18:25:55.346 INFO  Loading Event: voiceStateUpdate 
18:25:55.348 INFO  Loading Event: shardDisconnect 
18:25:55.350 INFO  Loading Event: shardError 
18:25:55.351 INFO  Loading Event: shardReady 
18:25:55.352 INFO  Loading Event: shardReconnecting 
18:25:55.410 INFO  1 language(s) have loaded. (en-US) 
18:25:56.319 INFO  Shard: 0 has became ready with: 0 unavailable guilds. 
18:25:56.323 INFO  =-=-=-=-=-=-=- Loading Guild Specific Interaction(s) -=-=-=-=-=-=-= 
18:25:56.449 INFO  Lavalink node: lava.link has connected. 
18:26:06.336 ERROR Unhandled promise rejection: Operation `guilds.find()` buffering timed out after 10000ms. 
18:26:06.340 ERROR Unhandled promise rejection: Operation `guilds.findOne()` buffering timed out after 10000ms. 
18:26:06.341 ERROR Unhandled promise rejection: Operation `guilds.findOne()` buffering timed out after 10000ms. 
18:26:53.840 INFO  =-=-=-=-=-=-=- Loading shard(s) -=-=-=-=-=-=-= 
18:26:54.803 INFO  =-=-=-=-=-=-=- Loading commands -=-=-=-=-=-=-= 
18:26:54.814 INFO  Loading Command: help. 
18:26:54.817 INFO  Loading Command: ping. 
18:26:54.817 INFO  =-=-=-=-=-=-=- Loading events -=-=-=-=-=-=-= 
18:26:54.884 INFO  Loading Event: debug 
18:26:54.885 INFO  Loading Event: error 
18:26:54.887 INFO  Loading Event: guildCreate 
18:26:54.890 INFO  Loading Event: guildDelete 
18:26:54.891 INFO  Loading Event: guildUnavailable 
18:26:54.892 INFO  Loading Event: interactionCreate 
18:26:54.896 INFO  Loading Event: messageCreate 
18:26:54.897 INFO  Loading Event: rateLimit 
18:26:54.899 INFO  Loading Event: raw 
18:26:54.900 INFO  Loading Event: ready 
18:26:54.902 INFO  Loading Event: warn 
18:26:54.904 INFO  Loading Event: clickButton 
18:26:54.907 INFO  Loading Event: slashCreate 
18:26:54.909 INFO  Loading Event: channelDelete 
18:26:54.911 INFO  Loading Event: messageReactionAdd 
18:26:54.912 INFO  Loading Event: voiceStateUpdate 
18:26:54.914 INFO  Loading Event: shardDisconnect 
18:26:54.916 INFO  Loading Event: shardError 
18:26:54.917 INFO  Loading Event: shardReady 
18:26:54.918 INFO  Loading Event: shardReconnecting 
18:26:54.975 INFO  1 language(s) have loaded. (en-US) 
18:26:55.410 INFO  MongoDB successfully connected 
18:26:55.759 INFO  Shard: 0 has became ready with: 0 unavailable guilds. 
18:26:55.763 INFO  =-=-=-=-=-=-=- Loading Guild Specific Interaction(s) -=-=-=-=-=-=-= 
18:26:55.816 INFO  All guilds have been initialized. 
18:26:55.816 INFO  -=-=-=-=-=-=-=-=-=-=-=-=-=-=-=-=-=-=-=-=-=-=-=-=-=-=-=-= 
18:26:55.817 INFO  Friends#5108, ready to serve [1] users in [2] servers. 
18:26:55.817 INFO  -=-=-=-=-=-=-=-=-=-=-=-=-=-=-=-=-=-=-=-=-=-=-=-=-=-=-=-= 
18:26:55.880 INFO  Lavalink node: lava.link has connected. 
18:26:55.984 ERROR Failed to load interactions for guild: 709832515577184287 due to: Missing Access. 
18:26:56.002 ERROR Failed to load interactions for guild: 823543363688464455 due to: Missing Access. 
18:27:49.429 INFO  =-=-=-=-=-=-=- Loading shard(s) -=-=-=-=-=-=-= 
18:27:50.423 INFO  =-=-=-=-=-=-=- Loading commands -=-=-=-=-=-=-= 
18:27:50.434 INFO  Loading Command: help. 
18:27:50.436 INFO  Loading Command: ping. 
18:27:50.437 INFO  =-=-=-=-=-=-=- Loading events -=-=-=-=-=-=-= 
18:27:50.505 INFO  Loading Event: clickButton 
18:27:50.508 INFO  Loading Event: slashCreate 
18:27:50.509 INFO  Loading Event: debug 
18:27:50.511 INFO  Loading Event: error 
18:27:50.513 INFO  Loading Event: guildCreate 
18:27:50.516 INFO  Loading Event: guildDelete 
18:27:50.517 INFO  Loading Event: guildUnavailable 
18:27:50.519 INFO  Loading Event: interactionCreate 
18:27:50.523 INFO  Loading Event: messageCreate 
18:27:50.524 INFO  Loading Event: rateLimit 
18:27:50.525 INFO  Loading Event: raw 
18:27:50.527 INFO  Loading Event: ready 
18:27:50.529 INFO  Loading Event: warn 
18:27:50.531 INFO  Loading Event: shardDisconnect 
18:27:50.533 INFO  Loading Event: shardError 
18:27:50.534 INFO  Loading Event: shardReady 
18:27:50.535 INFO  Loading Event: shardReconnecting 
18:27:50.537 INFO  Loading Event: channelDelete 
18:27:50.539 INFO  Loading Event: messageReactionAdd 
18:27:50.541 INFO  Loading Event: voiceStateUpdate 
18:27:50.598 INFO  1 language(s) have loaded. (en-US) 
18:27:51.146 INFO  MongoDB successfully connected 
18:27:51.699 INFO  Shard: 0 has became ready with: 0 unavailable guilds. 
18:27:51.703 INFO  =-=-=-=-=-=-=- Loading Guild Specific Interaction(s) -=-=-=-=-=-=-= 
18:27:51.794 INFO  All guilds have been initialized. 
18:27:51.795 INFO  -=-=-=-=-=-=-=-=-=-=-=-=-=-=-=-=-=-=-=-=-=-=-=-=-=-=-=-= 
18:27:51.795 INFO  Friends#5108, ready to serve [1] users in [2] servers. 
18:27:51.795 INFO  -=-=-=-=-=-=-=-=-=-=-=-=-=-=-=-=-=-=-=-=-=-=-=-=-=-=-=-= 
18:27:51.892 ERROR Failed to load interactions for guild: 709832515577184287 due to: Missing Access. 
18:27:52.003 ERROR Failed to load interactions for guild: 823543363688464455 due to: Missing Access. 
18:28:19.687 INFO  =-=-=-=-=-=-=- Loading shard(s) -=-=-=-=-=-=-= 
18:28:20.730 INFO  =-=-=-=-=-=-=- Loading commands -=-=-=-=-=-=-= 
18:28:20.742 INFO  Loading Command: help. 
18:28:20.744 INFO  Loading Command: ping. 
18:28:20.745 INFO  =-=-=-=-=-=-=- Loading events -=-=-=-=-=-=-= 
18:28:20.813 INFO  Loading Event: clickButton 
18:28:20.815 INFO  Loading Event: slashCreate 
18:28:20.817 INFO  Loading Event: channelDelete 
18:28:20.819 INFO  Loading Event: messageReactionAdd 
18:28:20.820 INFO  Loading Event: voiceStateUpdate 
18:28:20.822 INFO  Loading Event: debug 
18:28:20.823 INFO  Loading Event: error 
18:28:20.826 INFO  Loading Event: guildCreate 
18:28:20.828 INFO  Loading Event: guildDelete 
18:28:20.830 INFO  Loading Event: guildUnavailable 
18:28:20.831 INFO  Loading Event: interactionCreate 
18:28:20.835 INFO  Loading Event: messageCreate 
18:28:20.836 INFO  Loading Event: rateLimit 
18:28:20.838 INFO  Loading Event: raw 
18:28:20.840 INFO  Loading Event: ready 
18:28:20.841 INFO  Loading Event: warn 
18:28:20.844 INFO  Loading Event: shardDisconnect 
18:28:20.845 INFO  Loading Event: shardError 
18:28:20.847 INFO  Loading Event: shardReady 
18:28:20.849 INFO  Loading Event: shardReconnecting 
18:28:20.911 INFO  1 language(s) have loaded. (en-US) 
18:28:21.759 INFO  Shard: 0 has became ready with: 0 unavailable guilds. 
18:28:21.762 INFO  =-=-=-=-=-=-=- Loading Guild Specific Interaction(s) -=-=-=-=-=-=-= 
18:28:31.774 ERROR Unhandled promise rejection: Operation `guilds.find()` buffering timed out after 10000ms. 
18:28:31.778 ERROR Unhandled promise rejection: Operation `guilds.findOne()` buffering timed out after 10000ms. 
18:28:31.779 ERROR Unhandled promise rejection: Operation `guilds.findOne()` buffering timed out after 10000ms. 
18:31:30.471 INFO  =-=-=-=-=-=-=- Loading shard(s) -=-=-=-=-=-=-= 
18:31:31.576 INFO  =-=-=-=-=-=-=- Loading commands -=-=-=-=-=-=-= 
18:31:31.579 INFO  =-=-=-=-=-=-=- Loading events -=-=-=-=-=-=-= 
18:31:31.650 INFO  Loading Command: help. 
18:31:31.652 INFO  Loading Command: ping. 
18:31:31.655 INFO  Loading Event: debug 
18:31:31.657 INFO  Loading Event: error 
18:31:31.659 INFO  Loading Event: guildCreate 
18:31:31.662 INFO  Loading Event: guildDelete 
18:31:31.663 INFO  Loading Event: guildUnavailable 
18:31:31.665 INFO  Loading Event: interactionCreate 
18:31:31.669 INFO  Loading Event: messageCreate 
18:31:31.670 INFO  Loading Event: rateLimit 
18:31:31.671 INFO  Loading Event: raw 
18:31:31.673 INFO  Loading Event: ready 
18:31:31.674 INFO  Loading Event: warn 
18:31:31.676 INFO  Loading Event: clickButton 
18:31:31.679 INFO  Loading Event: slashCreate 
18:31:31.681 INFO  Loading Event: channelDelete 
18:31:31.683 INFO  Loading Event: messageReactionAdd 
18:31:31.685 INFO  Loading Event: voiceStateUpdate 
18:31:31.687 INFO  Loading Event: shardDisconnect 
18:31:31.688 INFO  Loading Event: shardError 
18:31:31.690 INFO  Loading Event: shardReady 
18:31:31.691 INFO  Loading Event: shardReconnecting 
18:31:31.749 INFO  1 language(s) have loaded. (en-US) 
18:31:32.194 INFO  MongoDB successfully connected 
18:31:32.531 INFO  Shard: 0 has became ready with: 0 unavailable guilds. 
18:31:32.534 INFO  =-=-=-=-=-=-=- Loading Guild Specific Interaction(s) -=-=-=-=-=-=-= 
18:31:32.589 INFO  All guilds have been initialized. 
18:31:32.589 INFO  -=-=-=-=-=-=-=-=-=-=-=-=-=-=-=-=-=-=-=-=-=-=-=-=-=-=-=-= 
18:31:32.590 INFO  Friends#5108, ready to serve [1] users in [2] servers. 
18:31:32.590 INFO  -=-=-=-=-=-=-=-=-=-=-=-=-=-=-=-=-=-=-=-=-=-=-=-=-=-=-=-= 
18:31:32.726 ERROR Failed to load interactions for guild: 709832515577184287 due to: Missing Access. 
18:31:32.817 ERROR Failed to load interactions for guild: 823543363688464455 due to: Missing Access. 
18:34:00.351 INFO  =-=-=-=-=-=-=- Loading shard(s) -=-=-=-=-=-=-= 
18:34:01.316 INFO  =-=-=-=-=-=-=- Loading commands -=-=-=-=-=-=-= 
18:34:01.319 INFO  =-=-=-=-=-=-=- Loading events -=-=-=-=-=-=-= 
18:34:01.391 INFO  Loading Command: help. 
18:34:01.393 INFO  Loading Command: ping. 
18:34:01.396 INFO  Loading Event: debug 
18:34:01.398 INFO  Loading Event: error 
18:34:01.400 INFO  Loading Event: guildCreate 
18:34:01.402 INFO  Loading Event: guildDelete 
18:34:01.404 INFO  Loading Event: guildUnavailable 
18:34:01.405 INFO  Loading Event: interactionCreate 
18:34:01.409 INFO  Loading Event: messageCreate 
18:34:01.411 INFO  Loading Event: rateLimit 
18:34:01.412 INFO  Loading Event: raw 
18:34:01.414 INFO  Loading Event: ready 
18:34:01.415 INFO  Loading Event: warn 
18:34:01.418 INFO  Loading Event: clickButton 
18:34:01.420 INFO  Loading Event: slashCreate 
18:34:01.422 INFO  Loading Event: shardDisconnect 
18:34:01.424 INFO  Loading Event: shardError 
18:34:01.425 INFO  Loading Event: shardReady 
18:34:01.427 INFO  Loading Event: shardReconnecting 
18:34:01.429 INFO  Loading Event: channelDelete 
18:34:01.431 INFO  Loading Event: messageReactionAdd 
18:34:01.432 INFO  Loading Event: voiceStateUpdate 
18:34:01.495 INFO  1 language(s) have loaded. (en-US) 
18:34:02.499 INFO  Shard: 0 has became ready with: 0 unavailable guilds. 
18:34:02.502 INFO  =-=-=-=-=-=-=- Loading Guild Specific Interaction(s) -=-=-=-=-=-=-= 
18:34:02.614 INFO  MongoDB successfully connected 
18:34:02.708 INFO  All guilds have been initialized. 
18:34:02.708 INFO  -=-=-=-=-=-=-=-=-=-=-=-=-=-=-=-=-=-=-=-=-=-=-=-=-=-=-=-= 
18:34:02.709 INFO  Friends#5108, ready to serve [1] users in [2] servers. 
18:34:02.709 INFO  -=-=-=-=-=-=-=-=-=-=-=-=-=-=-=-=-=-=-=-=-=-=-=-=-=-=-=-= 
18:34:02.856 INFO  Loaded Interactions for guild: Friends 
18:34:02.881 ERROR Failed to load interactions for guild: 823543363688464455 due to: Missing Access. 
18:34:11.251 ERROR Unhandled promise rejection: guild.translate is not a function. 
18:35:08.923 INFO  =-=-=-=-=-=-=- Loading shard(s) -=-=-=-=-=-=-= 
18:35:09.847 INFO  =-=-=-=-=-=-=- Loading commands -=-=-=-=-=-=-= 
18:35:09.860 INFO  Loading Command: help. 
18:35:09.862 INFO  Loading Command: ping. 
18:35:09.863 INFO  =-=-=-=-=-=-=- Loading events -=-=-=-=-=-=-= 
18:35:09.926 INFO  Loading Event: debug 
18:35:09.927 INFO  Loading Event: error 
18:35:09.929 INFO  Loading Event: guildCreate 
18:35:09.932 INFO  Loading Event: guildDelete 
18:35:09.934 INFO  Loading Event: guildUnavailable 
18:35:09.935 INFO  Loading Event: interactionCreate 
18:35:09.939 INFO  Loading Event: messageCreate 
18:35:09.940 INFO  Loading Event: rateLimit 
18:35:09.942 INFO  Loading Event: raw 
18:35:09.944 INFO  Loading Event: ready 
18:35:09.945 INFO  Loading Event: warn 
18:35:09.948 INFO  Loading Event: clickButton 
18:35:09.950 INFO  Loading Event: slashCreate 
18:35:09.952 INFO  Loading Event: shardDisconnect 
18:35:09.953 INFO  Loading Event: shardError 
18:35:09.955 INFO  Loading Event: shardReady 
18:35:09.956 INFO  Loading Event: shardReconnecting 
18:35:09.958 INFO  Loading Event: channelDelete 
18:35:09.960 INFO  Loading Event: messageReactionAdd 
18:35:09.962 INFO  Loading Event: voiceStateUpdate 
18:35:10.021 INFO  1 language(s) have loaded. (en-US) 
18:35:10.485 INFO  MongoDB successfully connected 
18:35:10.875 INFO  Shard: 0 has became ready with: 0 unavailable guilds. 
18:35:10.878 INFO  =-=-=-=-=-=-=- Loading Guild Specific Interaction(s) -=-=-=-=-=-=-= 
18:35:10.953 INFO  All guilds have been initialized. 
18:35:10.953 INFO  -=-=-=-=-=-=-=-=-=-=-=-=-=-=-=-=-=-=-=-=-=-=-=-=-=-=-=-= 
18:35:10.954 INFO  Friends#5108, ready to serve [1] users in [2] servers. 
18:35:10.954 INFO  -=-=-=-=-=-=-=-=-=-=-=-=-=-=-=-=-=-=-=-=-=-=-=-=-=-=-=-= 
18:35:11.075 INFO  Loaded Interactions for guild: Friends 
18:35:11.101 ERROR Failed to load interactions for guild: 823543363688464455 due to: Missing Access. 
18:35:17.663 ERROR Error fetching logs channel 
18:35:17.665 ERROR Cannot read property 'send' of undefined
{}
TypeError: Cannot read property 'send' of undefined
    at guildDelete.run (D:\Bots\Discord Bots\Friends BOT\src\events\bot\guildDelete.js:33:15)
    at processTicksAndRejections (internal/process/task_queues.js:95:5) 
18:35:20.752 INFO  =-=-=-=-=-=-=- Loading shard(s) -=-=-=-=-=-=-= 
18:35:21.690 INFO  =-=-=-=-=-=-=- Loading commands -=-=-=-=-=-=-= 
18:35:21.703 INFO  Loading Command: help. 
18:35:21.705 INFO  Loading Command: ping. 
18:35:21.706 INFO  =-=-=-=-=-=-=- Loading events -=-=-=-=-=-=-= 
18:35:21.773 INFO  Loading Event: clickButton 
18:35:21.775 INFO  Loading Event: slashCreate 
18:35:21.777 INFO  Loading Event: debug 
18:35:21.779 INFO  Loading Event: error 
18:35:21.782 INFO  Loading Event: guildCreate 
18:35:21.784 INFO  Loading Event: guildDelete 
18:35:21.786 INFO  Loading Event: guildUnavailable 
18:35:21.787 INFO  Loading Event: interactionCreate 
18:35:21.792 INFO  Loading Event: messageCreate 
18:35:21.793 INFO  Loading Event: rateLimit 
18:35:21.795 INFO  Loading Event: raw 
18:35:21.797 INFO  Loading Event: ready 
18:35:21.798 INFO  Loading Event: warn 
18:35:21.800 INFO  Loading Event: shardDisconnect 
18:35:21.802 INFO  Loading Event: shardError 
18:35:21.803 INFO  Loading Event: shardReady 
18:35:21.804 INFO  Loading Event: shardReconnecting 
18:35:21.807 INFO  Loading Event: channelDelete 
18:35:21.809 INFO  Loading Event: messageReactionAdd 
18:35:21.810 INFO  Loading Event: voiceStateUpdate 
18:35:21.869 INFO  1 language(s) have loaded. (en-US) 
18:35:22.281 INFO  MongoDB successfully connected 
18:35:22.623 INFO  Shard: 0 has became ready with: 0 unavailable guilds. 
18:35:22.626 INFO  =-=-=-=-=-=-=- Loading Guild Specific Interaction(s) -=-=-=-=-=-=-= 
18:35:22.666 INFO  All guilds have been initialized. 
18:35:22.667 INFO  -=-=-=-=-=-=-=-=-=-=-=-=-=-=-=-=-=-=-=-=-=-=-=-=-=-=-=-= 
18:35:22.667 INFO  Friends#5108, ready to serve [1] users in [1] servers. 
18:35:22.667 INFO  -=-=-=-=-=-=-=-=-=-=-=-=-=-=-=-=-=-=-=-=-=-=-=-=-=-=-=-= 
18:35:22.801 INFO  Loaded Interactions for guild: Friends 
18:35:30.500 INFO  =-=-=-=-=-=-=- Loading shard(s) -=-=-=-=-=-=-= 
18:35:31.504 INFO  =-=-=-=-=-=-=- Loading commands -=-=-=-=-=-=-= 
18:35:31.516 INFO  Loading Command: help. 
18:35:31.519 INFO  Loading Command: ping. 
18:35:31.520 INFO  =-=-=-=-=-=-=- Loading events -=-=-=-=-=-=-= 
18:35:31.586 INFO  Loading Event: channelDelete 
18:35:31.588 INFO  Loading Event: messageReactionAdd 
18:35:31.589 INFO  Loading Event: voiceStateUpdate 
18:35:31.591 INFO  Loading Event: debug 
18:35:31.592 INFO  Loading Event: error 
18:35:31.595 INFO  Loading Event: guildCreate 
18:35:31.597 INFO  Loading Event: guildDelete 
18:35:31.599 INFO  Loading Event: guildUnavailable 
18:35:31.600 INFO  Loading Event: interactionCreate 
18:35:31.605 INFO  Loading Event: messageCreate 
18:35:31.606 INFO  Loading Event: rateLimit 
18:35:31.608 INFO  Loading Event: raw 
18:35:31.609 INFO  Loading Event: ready 
18:35:31.611 INFO  Loading Event: warn 
18:35:31.614 INFO  Loading Event: shardDisconnect 
18:35:31.616 INFO  Loading Event: shardError 
18:35:31.617 INFO  Loading Event: shardReady 
18:35:31.618 INFO  Loading Event: shardReconnecting 
18:35:31.620 INFO  Loading Event: clickButton 
18:35:31.623 INFO  Loading Event: slashCreate 
18:35:31.684 INFO  1 language(s) have loaded. (en-US) 
18:35:32.131 INFO  MongoDB successfully connected 
18:35:32.491 INFO  Shard: 0 has became ready with: 0 unavailable guilds. 
18:35:32.495 INFO  =-=-=-=-=-=-=- Loading Guild Specific Interaction(s) -=-=-=-=-=-=-= 
18:35:32.555 INFO  All guilds have been initialized. 
18:35:32.556 INFO  -=-=-=-=-=-=-=-=-=-=-=-=-=-=-=-=-=-=-=-=-=-=-=-=-=-=-=-= 
18:35:32.556 INFO  Friends#5108, ready to serve [1] users in [1] servers. 
18:35:32.556 INFO  -=-=-=-=-=-=-=-=-=-=-=-=-=-=-=-=-=-=-=-=-=-=-=-=-=-=-=-= 
18:36:11.758 INFO  Loaded Interactions for guild: Friends 
18:36:50.397 INFO  =-=-=-=-=-=-=- Loading shard(s) -=-=-=-=-=-=-= 
18:36:51.452 INFO  =-=-=-=-=-=-=- Loading commands -=-=-=-=-=-=-= 
18:36:51.456 INFO  =-=-=-=-=-=-=- Loading events -=-=-=-=-=-=-= 
18:36:51.530 INFO  Loading Command: help. 
18:36:51.532 INFO  Loading Command: ping. 
18:36:51.535 INFO  Loading Event: clickButton 
18:36:51.537 INFO  Loading Event: slashCreate 
18:36:51.539 INFO  Loading Event: debug 
18:36:51.541 INFO  Loading Event: error 
18:36:51.543 INFO  Loading Event: guildCreate 
18:36:51.545 INFO  Loading Event: guildDelete 
18:36:51.547 INFO  Loading Event: guildUnavailable 
18:36:51.548 INFO  Loading Event: interactionCreate 
18:36:51.552 INFO  Loading Event: messageCreate 
18:36:51.553 INFO  Loading Event: rateLimit 
18:36:51.554 INFO  Loading Event: raw 
18:36:51.556 INFO  Loading Event: ready 
18:36:51.558 INFO  Loading Event: warn 
18:36:51.560 INFO  Loading Event: shardDisconnect 
18:36:51.561 INFO  Loading Event: shardError 
18:36:51.563 INFO  Loading Event: shardReady 
18:36:51.564 INFO  Loading Event: shardReconnecting 
18:36:51.566 INFO  Loading Event: channelDelete 
18:36:51.569 INFO  Loading Event: messageReactionAdd 
18:36:51.571 INFO  Loading Event: voiceStateUpdate 
18:36:51.628 INFO  1 language(s) have loaded. (en-US) 
18:36:52.074 INFO  MongoDB successfully connected 
18:36:52.400 INFO  Shard: 0 has became ready with: 0 unavailable guilds. 
18:36:52.403 INFO  =-=-=-=-=-=-=- Loading Guild Specific Interaction(s) -=-=-=-=-=-=-= 
18:36:52.454 INFO  All guilds have been initialized. 
18:36:52.454 INFO  -=-=-=-=-=-=-=-=-=-=-=-=-=-=-=-=-=-=-=-=-=-=-=-=-=-=-=-= 
18:36:52.455 INFO  Friends#5108, ready to serve [1] users in [1] servers. 
18:36:52.455 INFO  -=-=-=-=-=-=-=-=-=-=-=-=-=-=-=-=-=-=-=-=-=-=-=-=-=-=-=-= 
18:36:52.591 INFO  Loaded Interactions for guild: Friends 
18:43:30.929 INFO  =-=-=-=-=-=-=- Loading shard(s) -=-=-=-=-=-=-= 
18:43:31.949 INFO  =-=-=-=-=-=-=- Loading commands -=-=-=-=-=-=-= 
18:43:31.960 INFO  Loading Command: help. 
18:43:31.962 INFO  Loading Command: ping. 
18:43:31.968 INFO  Loading Command: youtube. 
18:43:31.969 INFO  =-=-=-=-=-=-=- Loading events -=-=-=-=-=-=-= 
18:43:32.033 INFO  Loading Event: shardDisconnect 
18:43:32.034 INFO  Loading Event: shardError 
18:43:32.035 INFO  Loading Event: shardReady 
18:43:32.037 INFO  Loading Event: shardReconnecting 
18:43:32.039 INFO  Loading Event: clickButton 
18:43:32.041 INFO  Loading Event: slashCreate 
18:43:32.044 INFO  Loading Event: channelDelete 
18:43:32.046 INFO  Loading Event: messageReactionAdd 
18:43:32.048 INFO  Loading Event: voiceStateUpdate 
18:43:32.050 INFO  Loading Event: debug 
18:43:32.051 INFO  Loading Event: error 
18:43:32.054 INFO  Loading Event: guildCreate 
18:43:32.057 INFO  Loading Event: guildDelete 
18:43:32.059 INFO  Loading Event: guildUnavailable 
18:43:32.060 INFO  Loading Event: interactionCreate 
18:43:32.064 INFO  Loading Event: messageCreate 
18:43:32.066 INFO  Loading Event: rateLimit 
18:43:32.067 INFO  Loading Event: raw 
18:43:32.068 INFO  Loading Event: ready 
18:43:32.070 INFO  Loading Event: warn 
18:43:32.137 INFO  1 language(s) have loaded. (en-US) 
18:43:32.562 INFO  MongoDB successfully connected 
18:43:32.863 INFO  Shard: 0 has became ready with: 0 unavailable guilds. 
18:43:32.867 INFO  =-=-=-=-=-=-=- Loading Guild Specific Interaction(s) -=-=-=-=-=-=-= 
18:43:32.912 INFO  All guilds have been initialized. 
18:43:32.912 INFO  -=-=-=-=-=-=-=-=-=-=-=-=-=-=-=-=-=-=-=-=-=-=-=-=-=-=-=-= 
18:43:32.913 INFO  Friends#5108, ready to serve [1] users in [1] servers. 
18:43:32.913 INFO  -=-=-=-=-=-=-=-=-=-=-=-=-=-=-=-=-=-=-=-=-=-=-=-=-=-=-=-= 
18:43:33.075 INFO  Loaded Interactions for guild: Friends 
18:43:51.384 INFO  --- 
19:05:33.769 INFO  =-=-=-=-=-=-=- Loading shard(s) -=-=-=-=-=-=-= 
19:05:34.767 INFO  =-=-=-=-=-=-=- Loading commands -=-=-=-=-=-=-= 
19:05:34.781 INFO  Loading Command: help. 
19:05:34.782 INFO  Loading Command: ping. 
19:05:34.788 INFO  Loading Command: youtube. 
19:05:34.788 INFO  =-=-=-=-=-=-=- Loading events -=-=-=-=-=-=-= 
19:05:34.857 INFO  Loading Event: channelDelete 
19:05:34.859 INFO  Loading Event: messageReactionAdd 
19:05:34.861 INFO  Loading Event: voiceStateUpdate 
19:05:34.862 INFO  Loading Event: clickButton 
19:05:34.865 INFO  Loading Event: slashCreate 
19:05:34.867 INFO  Loading Event: debug 
19:05:34.869 INFO  Loading Event: error 
19:05:34.871 INFO  Loading Event: guildCreate 
19:05:34.874 INFO  Loading Event: guildDelete 
19:05:34.875 INFO  Loading Event: guildUnavailable 
19:05:34.876 INFO  Loading Event: interactionCreate 
19:05:34.883 INFO  Loading Event: messageCreate 
19:05:34.885 INFO  Loading Event: rateLimit 
19:05:34.887 INFO  Loading Event: raw 
19:05:34.889 INFO  Loading Event: ready 
19:05:34.892 INFO  Loading Event: warn 
19:05:34.895 INFO  Loading Event: shardDisconnect 
19:05:34.898 INFO  Loading Event: shardError 
19:05:34.900 INFO  Loading Event: shardReady 
19:05:34.902 INFO  Loading Event: shardReconnecting 
19:05:34.982 INFO  1 language(s) have loaded. (en-US) 
19:05:35.600 INFO  MongoDB successfully connected 
19:05:35.910 INFO  Shard: 0 has became ready with: 0 unavailable guilds. 
19:05:35.914 INFO  =-=-=-=-=-=-=- Loading Guild Specific Interaction(s) -=-=-=-=-=-=-= 
19:05:35.955 INFO  All guilds have been initialized. 
19:05:35.955 INFO  -=-=-=-=-=-=-=-=-=-=-=-=-=-=-=-=-=-=-=-=-=-=-=-=-=-=-=-= 
19:05:35.956 INFO  Friends#5108, ready to serve [1] users in [1] servers. 
19:05:35.956 INFO  -=-=-=-=-=-=-=-=-=-=-=-=-=-=-=-=-=-=-=-=-=-=-=-=-=-=-=-= 
19:05:36.096 INFO  Loaded Interactions for guild: Friends 
19:05:46.903 ERROR Unhandled promise rejection: interaction.guild.channels.cache.array.forEach is not a function. 
19:06:07.068 INFO  =-=-=-=-=-=-=- Loading shard(s) -=-=-=-=-=-=-= 
19:06:08.126 INFO  =-=-=-=-=-=-=- Loading commands -=-=-=-=-=-=-= 
19:06:08.138 INFO  Loading Command: help. 
19:06:08.140 INFO  Loading Command: ping. 
19:06:08.146 INFO  Loading Command: youtube. 
19:06:08.147 INFO  =-=-=-=-=-=-=- Loading events -=-=-=-=-=-=-= 
19:06:08.235 INFO  Loading Event: debug 
19:06:08.237 INFO  Loading Event: error 
19:06:08.239 INFO  Loading Event: guildCreate 
19:06:08.242 INFO  Loading Event: guildDelete 
19:06:08.243 INFO  Loading Event: guildUnavailable 
19:06:08.246 INFO  Loading Event: interactionCreate 
19:06:08.250 INFO  Loading Event: messageCreate 
19:06:08.251 INFO  Loading Event: rateLimit 
19:06:08.253 INFO  Loading Event: raw 
19:06:08.255 INFO  Loading Event: ready 
19:06:08.256 INFO  Loading Event: warn 
19:06:08.259 INFO  Loading Event: clickButton 
19:06:08.262 INFO  Loading Event: slashCreate 
19:06:08.265 INFO  Loading Event: shardDisconnect 
19:06:08.266 INFO  Loading Event: shardError 
19:06:08.268 INFO  Loading Event: shardReady 
19:06:08.269 INFO  Loading Event: shardReconnecting 
19:06:08.272 INFO  Loading Event: channelDelete 
19:06:08.274 INFO  Loading Event: messageReactionAdd 
19:06:08.277 INFO  Loading Event: voiceStateUpdate 
19:06:08.344 INFO  1 language(s) have loaded. (en-US) 
19:06:08.795 INFO  MongoDB successfully connected 
19:06:09.186 INFO  Shard: 0 has became ready with: 0 unavailable guilds. 
19:06:09.190 INFO  =-=-=-=-=-=-=- Loading Guild Specific Interaction(s) -=-=-=-=-=-=-= 
19:06:09.251 INFO  All guilds have been initialized. 
19:06:09.252 INFO  -=-=-=-=-=-=-=-=-=-=-=-=-=-=-=-=-=-=-=-=-=-=-=-=-=-=-=-= 
19:06:09.252 INFO  Friends#5108, ready to serve [1] users in [1] servers. 
19:06:09.253 INFO  -=-=-=-=-=-=-=-=-=-=-=-=-=-=-=-=-=-=-=-=-=-=-=-=-=-=-=-= 
19:06:09.375 INFO  Loaded Interactions for guild: Friends 
19:06:21.578 ERROR Unhandled promise rejection: An error occured while starting Youtube together !. 
19:07:29.976 INFO  =-=-=-=-=-=-=- Loading shard(s) -=-=-=-=-=-=-= 
19:07:31.139 INFO  =-=-=-=-=-=-=- Loading commands -=-=-=-=-=-=-= 
19:07:31.151 INFO  Loading Command: help. 
19:07:31.153 INFO  Loading Command: ping. 
19:07:31.159 INFO  Loading Command: youtube. 
19:07:31.159 INFO  =-=-=-=-=-=-=- Loading events -=-=-=-=-=-=-= 
19:07:31.232 INFO  Loading Event: debug 
19:07:31.233 INFO  Loading Event: error 
19:07:31.235 INFO  Loading Event: guildCreate 
19:07:31.238 INFO  Loading Event: guildDelete 
19:07:31.239 INFO  Loading Event: guildUnavailable 
19:07:31.240 INFO  Loading Event: interactionCreate 
19:07:31.245 INFO  Loading Event: messageCreate 
19:07:31.246 INFO  Loading Event: rateLimit 
19:07:31.248 INFO  Loading Event: raw 
19:07:31.250 INFO  Loading Event: ready 
19:07:31.251 INFO  Loading Event: warn 
19:07:31.254 INFO  Loading Event: clickButton 
19:07:31.257 INFO  Loading Event: slashCreate 
19:07:31.259 INFO  Loading Event: shardDisconnect 
19:07:31.261 INFO  Loading Event: shardError 
19:07:31.262 INFO  Loading Event: shardReady 
19:07:31.264 INFO  Loading Event: shardReconnecting 
19:07:31.266 INFO  Loading Event: channelDelete 
19:07:31.268 INFO  Loading Event: messageReactionAdd 
19:07:31.271 INFO  Loading Event: voiceStateUpdate 
19:07:31.332 INFO  1 language(s) have loaded. (en-US) 
19:07:31.878 INFO  MongoDB successfully connected 
19:07:32.275 INFO  Shard: 0 has became ready with: 0 unavailable guilds. 
19:07:32.278 INFO  =-=-=-=-=-=-=- Loading Guild Specific Interaction(s) -=-=-=-=-=-=-= 
19:07:32.335 INFO  All guilds have been initialized. 
19:07:32.336 INFO  -=-=-=-=-=-=-=-=-=-=-=-=-=-=-=-=-=-=-=-=-=-=-=-=-=-=-=-= 
19:07:32.336 INFO  Friends#5108, ready to serve [1] users in [1] servers. 
19:07:32.336 INFO  -=-=-=-=-=-=-=-=-=-=-=-=-=-=-=-=-=-=-=-=-=-=-=-=-=-=-=-= 
19:07:32.477 INFO  Loaded Interactions for guild: Friends 
19:08:44.836 ERROR Unhandled promise rejection: An error occured while starting Youtube together !. 
19:13:30.257 INFO  =-=-=-=-=-=-=- Loading shard(s) -=-=-=-=-=-=-= 
19:13:31.330 INFO  =-=-=-=-=-=-=- Loading commands -=-=-=-=-=-=-= 
19:13:31.342 INFO  Loading Command: help. 
19:13:31.344 INFO  Loading Command: ping. 
19:13:31.350 INFO  Loading Command: youtube. 
19:13:31.351 INFO  =-=-=-=-=-=-=- Loading events -=-=-=-=-=-=-= 
19:13:31.427 INFO  Loading Event: clickButton 
19:13:31.429 INFO  Loading Event: slashCreate 
19:13:31.432 INFO  Loading Event: channelDelete 
19:13:31.435 INFO  Loading Event: messageReactionAdd 
19:13:31.438 INFO  Loading Event: voiceStateUpdate 
19:13:31.441 INFO  Loading Event: debug 
19:13:31.442 INFO  Loading Event: error 
19:13:31.445 INFO  Loading Event: guildCreate 
19:13:31.448 INFO  Loading Event: guildDelete 
19:13:31.450 INFO  Loading Event: guildUnavailable 
19:13:31.451 INFO  Loading Event: interactionCreate 
19:13:31.456 INFO  Loading Event: messageCreate 
19:13:31.458 INFO  Loading Event: rateLimit 
19:13:31.460 INFO  Loading Event: raw 
19:13:31.462 INFO  Loading Event: ready 
19:13:31.464 INFO  Loading Event: warn 
19:13:31.468 INFO  Loading Event: shardDisconnect 
19:13:31.469 INFO  Loading Event: shardError 
19:13:31.471 INFO  Loading Event: shardReady 
19:13:31.473 INFO  Loading Event: shardReconnecting 
19:13:31.540 INFO  1 language(s) have loaded. (en-US) 
19:13:32.039 INFO  MongoDB successfully connected 
19:13:32.411 INFO  Shard: 0 has became ready with: 0 unavailable guilds. 
19:13:32.416 INFO  =-=-=-=-=-=-=- Loading Guild Specific Interaction(s) -=-=-=-=-=-=-= 
19:13:32.472 INFO  All guilds have been initialized. 
19:13:32.472 INFO  -=-=-=-=-=-=-=-=-=-=-=-=-=-=-=-=-=-=-=-=-=-=-=-=-=-=-=-= 
19:13:32.473 INFO  Friends#5108, ready to serve [1] users in [1] servers. 
19:13:32.473 INFO  -=-=-=-=-=-=-=-=-=-=-=-=-=-=-=-=-=-=-=-=-=-=-=-=-=-=-=-= 
19:13:32.636 INFO  Loaded Interactions for guild: Friends 
19:20:34.096 INFO  =-=-=-=-=-=-=- Loading shard(s) -=-=-=-=-=-=-= 
19:20:35.276 INFO  =-=-=-=-=-=-=- Loading commands -=-=-=-=-=-=-= 
19:20:35.279 INFO  =-=-=-=-=-=-=- Loading events -=-=-=-=-=-=-= 
19:20:35.366 INFO  Loading Command: help. 
19:20:35.368 INFO  Loading Command: ping. 
19:20:35.377 INFO  Loading Command: youtube. 
19:20:35.381 INFO  Loading Event: clickButton 
19:20:35.384 INFO  Loading Event: slashCreate 
19:20:35.388 INFO  Loading Event: channelDelete 
19:20:35.391 INFO  Loading Event: messageReactionAdd 
19:20:35.395 INFO  Loading Event: voiceStateUpdate 
19:20:35.397 INFO  Loading Event: debug 
19:20:35.399 INFO  Loading Event: error 
19:20:35.403 INFO  Loading Event: guildCreate 
19:20:35.407 INFO  Loading Event: guildDelete 
19:20:35.408 INFO  Loading Event: guildUnavailable 
19:20:35.410 INFO  Loading Event: interactionCreate 
19:20:35.418 INFO  Loading Event: messageCreate 
19:20:35.419 INFO  Loading Event: rateLimit 
19:20:35.421 INFO  Loading Event: raw 
19:20:35.423 INFO  Loading Event: ready 
19:20:35.424 INFO  Loading Event: warn 
19:20:35.428 INFO  Loading Event: shardDisconnect 
19:20:35.430 INFO  Loading Event: shardError 
19:20:35.432 INFO  Loading Event: shardReady 
19:20:35.434 INFO  Loading Event: shardReconnecting 
19:20:35.496 INFO  1 language(s) have loaded. (en-US) 
19:20:36.015 INFO  MongoDB successfully connected 
19:20:36.300 INFO  Shard: 0 has became ready with: 0 unavailable guilds. 
19:20:36.304 INFO  =-=-=-=-=-=-=- Loading Guild Specific Interaction(s) -=-=-=-=-=-=-= 
19:20:36.364 INFO  All guilds have been initialized. 
19:20:36.364 INFO  -=-=-=-=-=-=-=-=-=-=-=-=-=-=-=-=-=-=-=-=-=-=-=-=-=-=-=-= 
19:20:36.365 INFO  Friends#5108, ready to serve [1] users in [1] servers. 
19:20:36.365 INFO  -=-=-=-=-=-=-=-=-=-=-=-=-=-=-=-=-=-=-=-=-=-=-=-=-=-=-=-= 
19:20:36.512 INFO  Loaded Interactions for guild: Friends 
20:35:00.571 INFO  =-=-=-=-=-=-=- Loading shard(s) -=-=-=-=-=-=-= 
20:35:01.656 INFO  =-=-=-=-=-=-=- Loading commands -=-=-=-=-=-=-= 
20:35:01.670 INFO  Loading Command: help. 
20:35:01.672 INFO  Loading Command: ping. 
20:35:01.680 INFO  Loading Command: youtube. 
20:35:01.681 INFO  =-=-=-=-=-=-=- Loading events -=-=-=-=-=-=-= 
20:35:01.760 INFO  Loading Event: debug 
20:35:01.761 INFO  Loading Event: error 
20:35:01.764 INFO  Loading Event: guildCreate 
20:35:01.767 INFO  Loading Event: guildDelete 
20:35:01.769 INFO  Loading Event: guildUnavailable 
20:35:01.770 INFO  Loading Event: interactionCreate 
20:35:01.775 INFO  Loading Event: messageCreate 
20:35:01.776 INFO  Loading Event: rateLimit 
20:35:01.778 INFO  Loading Event: raw 
20:35:01.780 INFO  Loading Event: ready 
20:35:01.781 INFO  Loading Event: warn 
20:35:01.784 INFO  Loading Event: channelDelete 
20:35:01.786 INFO  Loading Event: messageReactionAdd 
20:35:01.789 INFO  Loading Event: voiceStateUpdate 
20:35:01.791 INFO  Loading Event: clickButton 
20:35:01.793 INFO  Loading Event: slashCreate 
20:35:01.795 INFO  Loading Event: shardDisconnect 
20:35:01.797 INFO  Loading Event: shardError 
20:35:01.799 INFO  Loading Event: shardReady 
20:35:01.800 INFO  Loading Event: shardReconnecting 
20:35:01.862 INFO  1 language(s) have loaded. (en-US) 
20:35:02.337 INFO  MongoDB successfully connected 
20:35:02.694 INFO  Shard: 0 has became ready with: 0 unavailable guilds. 
20:35:02.698 INFO  =-=-=-=-=-=-=- Loading Guild Specific Interaction(s) -=-=-=-=-=-=-= 
20:35:02.736 INFO  All guilds have been initialized. 
20:35:02.737 INFO  -=-=-=-=-=-=-=-=-=-=-=-=-=-=-=-=-=-=-=-=-=-=-=-=-=-=-=-= 
20:35:02.737 INFO  Friends#5108, ready to serve [3] users in [1] servers. 
20:35:02.737 INFO  -=-=-=-=-=-=-=-=-=-=-=-=-=-=-=-=-=-=-=-=-=-=-=-=-=-=-=-= 
20:35:02.869 INFO  Loaded Interactions for guild: Friends 
20:37:59.629 INFO  =-=-=-=-=-=-=- Loading shard(s) -=-=-=-=-=-=-= 
20:38:00.674 INFO  =-=-=-=-=-=-=- Loading commands -=-=-=-=-=-=-= 
20:38:00.686 INFO  Loading Command: help. 
20:38:00.689 INFO  Loading Command: ping. 
20:38:00.695 INFO  Loading Command: youtube. 
20:38:00.696 INFO  =-=-=-=-=-=-=- Loading events -=-=-=-=-=-=-= 
20:38:00.767 INFO  Loading Event: clickButton 
20:38:00.770 INFO  Loading Event: slashCreate 
20:38:00.772 INFO  Loading Event: channelDelete 
20:38:00.774 INFO  Loading Event: messageReactionAdd 
20:38:00.777 INFO  Loading Event: voiceStateUpdate 
20:38:00.779 INFO  Loading Event: shardDisconnect 
20:38:00.781 INFO  Loading Event: shardError 
20:38:00.782 INFO  Loading Event: shardReady 
20:38:00.783 INFO  Loading Event: shardReconnecting 
20:38:00.785 INFO  Loading Event: debug 
20:38:00.787 INFO  Loading Event: error 
20:38:00.790 INFO  Loading Event: guildCreate 
20:38:00.793 INFO  Loading Event: guildDelete 
20:38:00.794 INFO  Loading Event: guildUnavailable 
20:38:00.796 INFO  Loading Event: interactionCreate 
20:38:00.800 INFO  Loading Event: messageCreate 
20:38:00.801 INFO  Loading Event: rateLimit 
20:38:00.803 INFO  Loading Event: raw 
20:38:00.805 INFO  Loading Event: ready 
20:38:00.806 INFO  Loading Event: warn 
20:38:00.868 INFO  1 language(s) have loaded. (en-US) 
20:38:01.279 INFO  MongoDB successfully connected 
20:38:01.874 INFO  Shard: 0 has became ready with: 0 unavailable guilds. 
20:38:01.878 INFO  =-=-=-=-=-=-=- Loading Guild Specific Interaction(s) -=-=-=-=-=-=-= 
20:38:01.916 INFO  All guilds have been initialized. 
20:38:01.917 INFO  -=-=-=-=-=-=-=-=-=-=-=-=-=-=-=-=-=-=-=-=-=-=-=-=-=-=-=-= 
20:38:01.917 INFO  Friends#5108, ready to serve [3] users in [1] servers. 
20:38:01.917 INFO  -=-=-=-=-=-=-=-=-=-=-=-=-=-=-=-=-=-=-=-=-=-=-=-=-=-=-=-= 
20:38:02.073 INFO  Loaded Interactions for guild: Friends 
20:38:31.659 INFO  =-=-=-=-=-=-=- Loading shard(s) -=-=-=-=-=-=-= 
20:38:32.688 INFO  =-=-=-=-=-=-=- Loading commands -=-=-=-=-=-=-= 
20:38:32.691 INFO  =-=-=-=-=-=-=- Loading events -=-=-=-=-=-=-= 
20:38:32.770 INFO  Loading Command: help. 
20:38:32.772 INFO  Loading Command: ping. 
20:38:32.778 INFO  Loading Command: youtube. 
20:38:32.782 INFO  Loading Event: clickButton 
20:38:32.784 INFO  Loading Event: slashCreate 
20:38:32.786 INFO  Loading Event: channelDelete 
20:38:32.788 INFO  Loading Event: messageReactionAdd 
20:38:32.790 INFO  Loading Event: voiceStateUpdate 
20:38:32.792 INFO  Loading Event: debug 
20:38:32.793 INFO  Loading Event: error 
20:38:32.796 INFO  Loading Event: guildCreate 
20:38:32.798 INFO  Loading Event: guildDelete 
20:38:32.800 INFO  Loading Event: guildUnavailable 
20:38:32.801 INFO  Loading Event: interactionCreate 
20:38:32.805 INFO  Loading Event: messageCreate 
20:38:32.807 INFO  Loading Event: rateLimit 
20:38:32.809 INFO  Loading Event: raw 
20:38:32.810 INFO  Loading Event: ready 
20:38:32.812 INFO  Loading Event: warn 
20:38:32.814 INFO  Loading Event: shardDisconnect 
20:38:32.815 INFO  Loading Event: shardError 
20:38:32.817 INFO  Loading Event: shardReady 
20:38:32.818 INFO  Loading Event: shardReconnecting 
20:38:32.878 INFO  1 language(s) have loaded. (en-US) 
20:38:33.837 INFO  Shard: 0 has became ready with: 0 unavailable guilds. 
20:38:33.841 INFO  =-=-=-=-=-=-=- Loading Guild Specific Interaction(s) -=-=-=-=-=-=-= 
20:38:38.370 INFO  MongoDB successfully connected 
20:38:38.411 INFO  All guilds have been initialized. 
20:38:38.412 INFO  -=-=-=-=-=-=-=-=-=-=-=-=-=-=-=-=-=-=-=-=-=-=-=-=-=-=-=-= 
20:38:38.412 INFO  Friends#5108, ready to serve [3] users in [1] servers. 
20:38:38.413 INFO  -=-=-=-=-=-=-=-=-=-=-=-=-=-=-=-=-=-=-=-=-=-=-=-=-=-=-=-= 
20:38:38.584 INFO  Loaded Interactions for guild: Friends 
21:02:35.713 ERROR Unhandled promise rejection: Cannot read property 'type' of undefined. 
21:04:25.933 INFO  =-=-=-=-=-=-=- Loading shard(s) -=-=-=-=-=-=-= 
21:04:26.935 INFO  =-=-=-=-=-=-=- Loading commands -=-=-=-=-=-=-= 
21:04:26.947 INFO  Loading Command: help. 
21:04:26.948 INFO  Loading Command: ping. 
21:04:26.956 INFO  Loading Command: youtube. 
21:04:26.956 INFO  =-=-=-=-=-=-=- Loading events -=-=-=-=-=-=-= 
21:04:27.026 INFO  Loading Event: channelDelete 
21:04:27.028 INFO  Loading Event: messageReactionAdd 
21:04:27.030 INFO  Loading Event: voiceStateUpdate 
21:04:27.032 INFO  Loading Event: clickButton 
21:04:27.034 INFO  Loading Event: slashCreate 
21:04:27.036 INFO  Loading Event: debug 
21:04:27.038 INFO  Loading Event: error 
21:04:27.040 INFO  Loading Event: guildCreate 
21:04:27.042 INFO  Loading Event: guildDelete 
21:04:27.043 INFO  Loading Event: guildUnavailable 
21:04:27.045 INFO  Loading Event: interactionCreate 
21:04:27.049 INFO  Loading Event: messageCreate 
21:04:27.050 INFO  Loading Event: rateLimit 
21:04:27.051 INFO  Loading Event: raw 
21:04:27.053 INFO  Loading Event: ready 
21:04:27.055 INFO  Loading Event: warn 
21:04:27.057 INFO  Loading Event: shardDisconnect 
21:04:27.059 INFO  Loading Event: shardError 
21:04:27.061 INFO  Loading Event: shardReady 
21:04:27.062 INFO  Loading Event: shardReconnecting 
21:04:27.122 INFO  1 language(s) have loaded. (en-US) 
21:04:27.574 INFO  MongoDB successfully connected 
21:04:27.917 INFO  Shard: 0 has became ready with: 0 unavailable guilds. 
21:04:27.920 INFO  =-=-=-=-=-=-=- Loading Guild Specific Interaction(s) -=-=-=-=-=-=-= 
21:04:27.959 INFO  All guilds have been initialized. 
21:04:27.959 INFO  -=-=-=-=-=-=-=-=-=-=-=-=-=-=-=-=-=-=-=-=-=-=-=-=-=-=-=-= 
21:04:27.959 INFO  Friends#5108, ready to serve [4] users in [1] servers. 
21:04:27.960 INFO  -=-=-=-=-=-=-=-=-=-=-=-=-=-=-=-=-=-=-=-=-=-=-=-=-=-=-=-= 
21:04:28.109 INFO  Loaded Interactions for guild: Friends 
21:04:36.103 ERROR Unhandled promise rejection: Cannot read property 'type' of undefined. 
21:06:24.512 INFO  =-=-=-=-=-=-=- Loading shard(s) -=-=-=-=-=-=-= 
21:06:25.743 INFO  =-=-=-=-=-=-=- Loading commands -=-=-=-=-=-=-= 
21:06:25.756 INFO  Loading Command: help. 
21:06:25.759 INFO  Loading Command: ping. 
21:06:25.766 INFO  Loading Command: youtube. 
21:06:25.767 INFO  =-=-=-=-=-=-=- Loading events -=-=-=-=-=-=-= 
21:06:25.848 INFO  Loading Event: debug 
21:06:25.850 INFO  Loading Event: error 
21:06:25.852 INFO  Loading Event: guildCreate 
21:06:25.854 INFO  Loading Event: guildDelete 
21:06:25.855 INFO  Loading Event: guildUnavailable 
21:06:25.856 INFO  Loading Event: interactionCreate 
21:06:25.860 INFO  Loading Event: messageCreate 
21:06:25.862 INFO  Loading Event: rateLimit 
21:06:25.863 INFO  Loading Event: raw 
21:06:25.865 INFO  Loading Event: ready 
21:06:25.866 INFO  Loading Event: warn 
21:06:25.869 INFO  Loading Event: clickButton 
21:06:25.872 INFO  Loading Event: slashCreate 
21:06:25.874 INFO  Loading Event: shardDisconnect 
21:06:25.875 INFO  Loading Event: shardError 
21:06:25.876 INFO  Loading Event: shardReady 
21:06:25.877 INFO  Loading Event: shardReconnecting 
21:06:25.880 INFO  Loading Event: channelDelete 
21:06:25.882 INFO  Loading Event: messageReactionAdd 
21:06:25.884 INFO  Loading Event: voiceStateUpdate 
21:06:25.941 INFO  1 language(s) have loaded. (en-US) 
21:06:26.836 INFO  MongoDB successfully connected 
21:06:26.895 INFO  Shard: 0 has became ready with: 0 unavailable guilds. 
21:06:26.899 INFO  =-=-=-=-=-=-=- Loading Guild Specific Interaction(s) -=-=-=-=-=-=-= 
21:06:26.967 INFO  All guilds have been initialized. 
21:06:26.967 INFO  -=-=-=-=-=-=-=-=-=-=-=-=-=-=-=-=-=-=-=-=-=-=-=-=-=-=-=-= 
21:06:26.968 INFO  Friends#5108, ready to serve [4] users in [1] servers. 
21:06:26.968 INFO  -=-=-=-=-=-=-=-=-=-=-=-=-=-=-=-=-=-=-=-=-=-=-=-=-=-=-=-= 
21:06:27.126 INFO  Loaded Interactions for guild: Friends 
21:07:01.763 INFO  =-=-=-=-=-=-=- Loading shard(s) -=-=-=-=-=-=-= 
21:07:02.964 INFO  =-=-=-=-=-=-=- Loading commands -=-=-=-=-=-=-= 
21:07:02.978 INFO  Loading Command: help. 
21:07:02.981 INFO  Loading Command: ping. 
21:07:02.989 INFO  Loading Command: youtube. 
21:07:02.989 INFO  =-=-=-=-=-=-=- Loading events -=-=-=-=-=-=-= 
21:07:03.073 INFO  Loading Event: debug 
21:07:03.074 INFO  Loading Event: error 
21:07:03.076 INFO  Loading Event: guildCreate 
21:07:03.078 INFO  Loading Event: guildDelete 
21:07:03.080 INFO  Loading Event: guildUnavailable 
21:07:03.081 INFO  Loading Event: interactionCreate 
21:07:03.086 INFO  Loading Event: messageCreate 
21:07:03.087 INFO  Loading Event: rateLimit 
21:07:03.088 INFO  Loading Event: raw 
21:07:03.091 INFO  Loading Event: ready 
21:07:03.092 INFO  Loading Event: warn 
21:07:03.094 INFO  Loading Event: clickButton 
21:07:03.097 INFO  Loading Event: slashCreate 
21:07:03.099 INFO  Loading Event: shardDisconnect 
21:07:03.101 INFO  Loading Event: shardError 
21:07:03.102 INFO  Loading Event: shardReady 
21:07:03.104 INFO  Loading Event: shardReconnecting 
21:07:03.107 INFO  Loading Event: channelDelete 
21:07:03.109 INFO  Loading Event: messageReactionAdd 
21:07:03.111 INFO  Loading Event: voiceStateUpdate 
21:07:03.167 INFO  1 language(s) have loaded. (en-US) 
21:07:03.994 INFO  MongoDB successfully connected 
21:07:04.368 INFO  Shard: 0 has became ready with: 0 unavailable guilds. 
21:07:04.371 INFO  =-=-=-=-=-=-=- Loading Guild Specific Interaction(s) -=-=-=-=-=-=-= 
21:07:04.437 INFO  All guilds have been initialized. 
21:07:04.438 INFO  -=-=-=-=-=-=-=-=-=-=-=-=-=-=-=-=-=-=-=-=-=-=-=-=-=-=-=-= 
21:07:04.439 INFO  Friends#5108, ready to serve [4] users in [1] servers. 
21:07:04.439 INFO  -=-=-=-=-=-=-=-=-=-=-=-=-=-=-=-=-=-=-=-=-=-=-=-=-=-=-=-= 
21:07:04.562 INFO  Loaded Interactions for guild: Friends 
21:08:10.658 INFO  =-=-=-=-=-=-=- Loading shard(s) -=-=-=-=-=-=-= 
21:08:11.777 INFO  =-=-=-=-=-=-=- Loading commands -=-=-=-=-=-=-= 
21:08:11.781 INFO  =-=-=-=-=-=-=- Loading events -=-=-=-=-=-=-= 
21:08:11.855 INFO  Loading Command: help. 
21:08:11.859 INFO  Loading Command: ping. 
21:08:11.872 INFO  Loading Command: youtube. 
21:08:11.876 INFO  Loading Event: debug 
21:08:11.878 INFO  Loading Event: error 
21:08:11.882 INFO  Loading Event: guildCreate 
21:08:11.885 INFO  Loading Event: guildDelete 
21:08:11.887 INFO  Loading Event: guildUnavailable 
21:08:11.889 INFO  Loading Event: interactionCreate 
21:08:11.895 INFO  Loading Event: messageCreate 
21:08:11.896 INFO  Loading Event: rateLimit 
21:08:11.898 INFO  Loading Event: raw 
21:08:11.900 INFO  Loading Event: ready 
21:08:11.902 INFO  Loading Event: warn 
21:08:11.905 INFO  Loading Event: clickButton 
21:08:11.909 INFO  Loading Event: slashCreate 
21:08:11.912 INFO  Loading Event: channelDelete 
21:08:11.915 INFO  Loading Event: messageReactionAdd 
21:08:11.918 INFO  Loading Event: voiceStateUpdate 
21:08:11.921 INFO  Loading Event: shardDisconnect 
21:08:11.922 INFO  Loading Event: shardError 
21:08:11.923 INFO  Loading Event: shardReady 
21:08:11.925 INFO  Loading Event: shardReconnecting 
21:08:11.987 INFO  1 language(s) have loaded. (en-US) 
21:08:13.348 INFO  MongoDB successfully connected 
21:08:13.860 INFO  Shard: 0 has became ready with: 0 unavailable guilds. 
21:08:13.863 INFO  =-=-=-=-=-=-=- Loading Guild Specific Interaction(s) -=-=-=-=-=-=-= 
21:08:13.904 INFO  All guilds have been initialized. 
21:08:13.904 INFO  -=-=-=-=-=-=-=-=-=-=-=-=-=-=-=-=-=-=-=-=-=-=-=-=-=-=-=-= 
21:08:13.905 INFO  Friends#5108, ready to serve [4] users in [1] servers. 
21:08:13.905 INFO  -=-=-=-=-=-=-=-=-=-=-=-=-=-=-=-=-=-=-=-=-=-=-=-=-=-=-=-= 
21:08:14.049 INFO  Loaded Interactions for guild: Friends 
21:08:37.823 INFO  =-=-=-=-=-=-=- Loading shard(s) -=-=-=-=-=-=-= 
21:08:40.080 INFO  =-=-=-=-=-=-=- Loading commands -=-=-=-=-=-=-= 
21:08:40.093 INFO  Loading Command: help. 
21:08:40.095 INFO  Loading Command: ping. 
21:08:40.102 INFO  Loading Command: youtube. 
21:08:40.103 INFO  =-=-=-=-=-=-=- Loading events -=-=-=-=-=-=-= 
21:08:40.175 INFO  Loading Event: clickButton 
21:08:40.178 INFO  Loading Event: slashCreate 
21:08:40.180 INFO  Loading Event: debug 
21:08:40.181 INFO  Loading Event: error 
21:08:40.183 INFO  Loading Event: guildCreate 
21:08:40.186 INFO  Loading Event: guildDelete 
21:08:40.187 INFO  Loading Event: guildUnavailable 
21:08:40.189 INFO  Loading Event: interactionCreate 
21:08:40.193 INFO  Loading Event: messageCreate 
21:08:40.194 INFO  Loading Event: rateLimit 
21:08:40.195 INFO  Loading Event: raw 
21:08:40.197 INFO  Loading Event: ready 
21:08:40.199 INFO  Loading Event: warn 
21:08:40.202 INFO  Loading Event: shardDisconnect 
21:08:40.204 INFO  Loading Event: shardError 
21:08:40.205 INFO  Loading Event: shardReady 
21:08:40.207 INFO  Loading Event: shardReconnecting 
21:08:40.210 INFO  Loading Event: channelDelete 
21:08:40.213 INFO  Loading Event: messageReactionAdd 
21:08:40.215 INFO  Loading Event: voiceStateUpdate 
21:08:40.279 INFO  1 language(s) have loaded. (en-US) 
21:08:40.890 INFO  MongoDB successfully connected 
21:08:41.215 INFO  Shard: 0 has became ready with: 0 unavailable guilds. 
21:08:41.219 INFO  =-=-=-=-=-=-=- Loading Guild Specific Interaction(s) -=-=-=-=-=-=-= 
21:08:41.282 INFO  All guilds have been initialized. 
21:08:41.283 INFO  -=-=-=-=-=-=-=-=-=-=-=-=-=-=-=-=-=-=-=-=-=-=-=-=-=-=-=-= 
21:08:41.283 INFO  Friends#5108, ready to serve [4] users in [1] servers. 
21:08:41.283 INFO  -=-=-=-=-=-=-=-=-=-=-=-=-=-=-=-=-=-=-=-=-=-=-=-=-=-=-=-= 
21:08:41.421 INFO  Loaded Interactions for guild: Friends 
21:09:36.844 INFO  =-=-=-=-=-=-=- Loading shard(s) -=-=-=-=-=-=-= 
21:09:51.442 INFO  =-=-=-=-=-=-=- Loading shard(s) -=-=-=-=-=-=-= 
21:09:52.620 INFO  =-=-=-=-=-=-=- Loading commands -=-=-=-=-=-=-= 
21:09:52.636 INFO  Loading Command: help. 
21:09:52.639 INFO  Loading Command: ping. 
21:09:52.647 INFO  Loading Command: youtube. 
21:09:52.648 INFO  =-=-=-=-=-=-=- Loading events -=-=-=-=-=-=-= 
21:09:52.737 INFO  Loading Event: channelDelete 
21:09:52.740 INFO  Loading Event: messageReactionAdd 
21:09:52.743 INFO  Loading Event: voiceStateUpdate 
21:09:52.745 INFO  Loading Event: debug 
21:09:52.747 INFO  Loading Event: error 
21:09:52.750 INFO  Loading Event: guildCreate 
21:09:52.753 INFO  Loading Event: guildDelete 
21:09:52.754 INFO  Loading Event: guildUnavailable 
21:09:52.756 INFO  Loading Event: interactionCreate 
21:09:52.760 INFO  Loading Event: messageCreate 
21:09:52.762 INFO  Loading Event: rateLimit 
21:09:52.764 INFO  Loading Event: raw 
21:09:52.767 INFO  Loading Event: ready 
21:09:52.768 INFO  Loading Event: warn 
21:09:52.771 INFO  Loading Event: shardDisconnect 
21:09:52.773 INFO  Loading Event: shardError 
21:09:52.774 INFO  Loading Event: shardReady 
21:09:52.775 INFO  Loading Event: shardReconnecting 
21:09:52.777 INFO  Loading Event: clickButton 
21:09:52.781 INFO  Loading Event: slashCreate 
21:09:52.853 INFO  1 language(s) have loaded. (en-US) 
21:09:53.480 INFO  MongoDB successfully connected 
21:09:53.921 INFO  Shard: 0 has became ready with: 0 unavailable guilds. 
21:09:53.924 INFO  =-=-=-=-=-=-=- Loading Guild Specific Interaction(s) -=-=-=-=-=-=-= 
21:09:54.002 INFO  All guilds have been initialized. 
21:09:54.003 INFO  -=-=-=-=-=-=-=-=-=-=-=-=-=-=-=-=-=-=-=-=-=-=-=-=-=-=-=-= 
21:09:54.003 INFO  Friends#5108, ready to serve [4] users in [1] servers. 
21:09:54.003 INFO  -=-=-=-=-=-=-=-=-=-=-=-=-=-=-=-=-=-=-=-=-=-=-=-=-=-=-=-= 
21:09:54.159 INFO  Loaded Interactions for guild: Friends 
21:09:56.922 ERROR Unhandled promise rejection: msg.args[0].join is not a function. 
21:10:11.618 INFO  =-=-=-=-=-=-=- Loading shard(s) -=-=-=-=-=-=-= 
21:10:12.734 INFO  =-=-=-=-=-=-=- Loading commands -=-=-=-=-=-=-= 
21:10:12.738 INFO  =-=-=-=-=-=-=- Loading events -=-=-=-=-=-=-= 
21:10:12.821 INFO  Loading Command: help. 
21:10:12.823 INFO  Loading Command: ping. 
21:10:12.830 INFO  Loading Command: youtube. 
21:10:12.836 INFO  Loading Event: channelDelete 
21:10:12.839 INFO  Loading Event: messageReactionAdd 
21:10:12.841 INFO  Loading Event: voiceStateUpdate 
21:10:12.843 INFO  Loading Event: debug 
21:10:12.845 INFO  Loading Event: error 
21:10:12.848 INFO  Loading Event: guildCreate 
21:10:12.851 INFO  Loading Event: guildDelete 
21:10:12.853 INFO  Loading Event: guildUnavailable 
21:10:12.854 INFO  Loading Event: interactionCreate 
21:10:12.858 INFO  Loading Event: messageCreate 
21:10:12.860 INFO  Loading Event: rateLimit 
21:10:12.861 INFO  Loading Event: raw 
21:10:12.864 INFO  Loading Event: ready 
21:10:12.865 INFO  Loading Event: warn 
21:10:12.869 INFO  Loading Event: shardDisconnect 
21:10:12.871 INFO  Loading Event: shardError 
21:10:12.872 INFO  Loading Event: shardReady 
21:10:12.874 INFO  Loading Event: shardReconnecting 
21:10:12.876 INFO  Loading Event: clickButton 
21:10:12.880 INFO  Loading Event: slashCreate 
21:10:12.947 INFO  1 language(s) have loaded. (en-US) 
21:10:13.413 INFO  MongoDB successfully connected 
21:10:14.267 INFO  Shard: 0 has became ready with: 0 unavailable guilds. 
21:10:14.271 INFO  =-=-=-=-=-=-=- Loading Guild Specific Interaction(s) -=-=-=-=-=-=-= 
21:10:14.342 INFO  All guilds have been initialized. 
21:10:14.342 INFO  -=-=-=-=-=-=-=-=-=-=-=-=-=-=-=-=-=-=-=-=-=-=-=-=-=-=-=-= 
21:10:14.342 INFO  Friends#5108, ready to serve [4] users in [1] servers. 
21:10:14.343 INFO  -=-=-=-=-=-=-=-=-=-=-=-=-=-=-=-=-=-=-=-=-=-=-=-=-=-=-=-= 
21:10:14.774 INFO  Loaded Interactions for guild: Friends 
21:10:30.351 INFO  =-=-=-=-=-=-=- Loading shard(s) -=-=-=-=-=-=-= 
21:10:31.504 INFO  =-=-=-=-=-=-=- Loading commands -=-=-=-=-=-=-= 
21:10:31.516 INFO  Loading Command: help. 
21:10:31.518 INFO  Loading Command: ping. 
21:10:31.526 INFO  Loading Command: youtube. 
21:10:31.527 INFO  =-=-=-=-=-=-=- Loading events -=-=-=-=-=-=-= 
21:10:31.601 INFO  Loading Event: debug 
21:10:31.603 INFO  Loading Event: error 
21:10:31.606 INFO  Loading Event: guildCreate 
21:10:31.609 INFO  Loading Event: guildDelete 
21:10:31.611 INFO  Loading Event: guildUnavailable 
21:10:31.612 INFO  Loading Event: interactionCreate 
21:10:31.616 INFO  Loading Event: messageCreate 
21:10:31.618 INFO  Loading Event: rateLimit 
21:10:31.620 INFO  Loading Event: raw 
21:10:31.623 INFO  Loading Event: ready 
21:10:31.624 INFO  Loading Event: warn 
21:10:31.628 INFO  Loading Event: channelDelete 
21:10:31.631 INFO  Loading Event: messageReactionAdd 
21:10:31.633 INFO  Loading Event: voiceStateUpdate 
21:10:31.636 INFO  Loading Event: clickButton 
21:10:31.639 INFO  Loading Event: slashCreate 
21:10:31.642 INFO  Loading Event: shardDisconnect 
21:10:31.643 INFO  Loading Event: shardError 
21:10:31.645 INFO  Loading Event: shardReady 
21:10:31.646 INFO  Loading Event: shardReconnecting 
21:10:31.717 INFO  1 language(s) have loaded. (en-US) 
21:10:32.309 INFO  MongoDB successfully connected 
21:10:32.893 INFO  Shard: 0 has became ready with: 0 unavailable guilds. 
21:10:32.897 INFO  =-=-=-=-=-=-=- Loading Guild Specific Interaction(s) -=-=-=-=-=-=-= 
21:10:33.198 INFO  All guilds have been initialized. 
21:10:33.199 INFO  -=-=-=-=-=-=-=-=-=-=-=-=-=-=-=-=-=-=-=-=-=-=-=-=-=-=-=-= 
21:10:33.199 INFO  Friends#5108, ready to serve [4] users in [1] servers. 
21:10:33.200 INFO  -=-=-=-=-=-=-=-=-=-=-=-=-=-=-=-=-=-=-=-=-=-=-=-=-=-=-=-= 
21:10:54.837 INFO  Loaded Interactions for guild: Friends 
21:10:55.927 INFO  =-=-=-=-=-=-=- Loading shard(s) -=-=-=-=-=-=-= 
21:10:56.954 INFO  =-=-=-=-=-=-=- Loading commands -=-=-=-=-=-=-= 
21:10:56.957 INFO  =-=-=-=-=-=-=- Loading events -=-=-=-=-=-=-= 
21:10:57.030 INFO  Loading Command: help. 
21:10:57.032 INFO  Loading Command: ping. 
21:10:57.038 INFO  Loading Command: youtube. 
21:11:23.524 INFO  =-=-=-=-=-=-=- Loading shard(s) -=-=-=-=-=-=-= 
21:11:24.634 INFO  =-=-=-=-=-=-=- Loading commands -=-=-=-=-=-=-= 
21:11:24.647 INFO  Loading Command: help. 
21:11:24.649 INFO  Loading Command: ping. 
21:11:24.650 ERROR Unable to load command youtube.js: SyntaxError: Identifier 'channel' has already been declared 
21:11:24.651 INFO  =-=-=-=-=-=-=- Loading events -=-=-=-=-=-=-= 
21:11:24.716 INFO  Loading Event: clickButton 
21:11:24.718 INFO  Loading Event: slashCreate 
21:11:24.720 INFO  Loading Event: debug 
21:11:24.721 INFO  Loading Event: error 
21:11:24.724 INFO  Loading Event: guildCreate 
21:11:24.726 INFO  Loading Event: guildDelete 
21:11:24.729 INFO  Loading Event: guildUnavailable 
21:11:24.730 INFO  Loading Event: interactionCreate 
21:11:24.734 INFO  Loading Event: messageCreate 
21:11:24.736 INFO  Loading Event: rateLimit 
21:11:24.737 INFO  Loading Event: raw 
21:11:24.739 INFO  Loading Event: ready 
21:11:24.741 INFO  Loading Event: warn 
21:11:24.743 INFO  Loading Event: channelDelete 
21:11:24.746 INFO  Loading Event: messageReactionAdd 
21:11:24.748 INFO  Loading Event: voiceStateUpdate 
21:11:24.750 INFO  Loading Event: shardDisconnect 
21:11:24.752 INFO  Loading Event: shardError 
21:11:24.753 INFO  Loading Event: shardReady 
21:11:24.755 INFO  Loading Event: shardReconnecting 
21:11:24.819 INFO  1 language(s) have loaded. (en-US) 
21:11:25.434 INFO  MongoDB successfully connected 
21:11:25.958 INFO  Shard: 0 has became ready with: 0 unavailable guilds. 
21:11:25.962 INFO  =-=-=-=-=-=-=- Loading Guild Specific Interaction(s) -=-=-=-=-=-=-= 
21:11:26.023 INFO  All guilds have been initialized. 
21:11:26.023 INFO  -=-=-=-=-=-=-=-=-=-=-=-=-=-=-=-=-=-=-=-=-=-=-=-=-=-=-=-= 
21:11:26.024 INFO  Friends#5108, ready to serve [4] users in [1] servers. 
21:11:26.024 INFO  -=-=-=-=-=-=-=-=-=-=-=-=-=-=-=-=-=-=-=-=-=-=-=-=-=-=-=-= 
21:11:26.246 INFO  Loaded Interactions for guild: Friends 
21:11:49.135 INFO  =-=-=-=-=-=-=- Loading shard(s) -=-=-=-=-=-=-= 
21:11:50.201 INFO  =-=-=-=-=-=-=- Loading commands -=-=-=-=-=-=-= 
21:11:50.213 INFO  Loading Command: help. 
21:11:50.215 INFO  Loading Command: ping. 
21:11:50.217 ERROR Unable to load command youtube.js: SyntaxError: Identifier 'channel' has already been declared 
21:11:50.217 INFO  =-=-=-=-=-=-=- Loading events -=-=-=-=-=-=-= 
21:11:50.284 INFO  Loading Event: debug 
21:11:50.286 INFO  Loading Event: error 
21:11:50.288 INFO  Loading Event: guildCreate 
21:11:50.291 INFO  Loading Event: guildDelete 
21:11:50.292 INFO  Loading Event: guildUnavailable 
21:11:50.294 INFO  Loading Event: interactionCreate 
21:11:50.297 INFO  Loading Event: messageCreate 
21:11:50.299 INFO  Loading Event: rateLimit 
21:11:50.300 INFO  Loading Event: raw 
21:11:50.302 INFO  Loading Event: ready 
21:11:50.304 INFO  Loading Event: warn 
21:11:50.306 INFO  Loading Event: clickButton 
21:11:50.308 INFO  Loading Event: slashCreate 
21:11:50.311 INFO  Loading Event: channelDelete 
21:11:50.313 INFO  Loading Event: messageReactionAdd 
21:11:50.315 INFO  Loading Event: voiceStateUpdate 
21:11:50.317 INFO  Loading Event: shardDisconnect 
21:11:50.318 INFO  Loading Event: shardError 
21:11:50.320 INFO  Loading Event: shardReady 
21:11:50.321 INFO  Loading Event: shardReconnecting 
21:11:50.386 INFO  1 language(s) have loaded. (en-US) 
21:11:50.939 INFO  MongoDB successfully connected 
21:11:51.264 INFO  Shard: 0 has became ready with: 0 unavailable guilds. 
21:11:51.267 INFO  =-=-=-=-=-=-=- Loading Guild Specific Interaction(s) -=-=-=-=-=-=-= 
21:11:51.355 INFO  All guilds have been initialized. 
21:11:51.355 INFO  -=-=-=-=-=-=-=-=-=-=-=-=-=-=-=-=-=-=-=-=-=-=-=-=-=-=-=-= 
21:11:51.356 INFO  Friends#5108, ready to serve [4] users in [1] servers. 
21:11:51.356 INFO  -=-=-=-=-=-=-=-=-=-=-=-=-=-=-=-=-=-=-=-=-=-=-=-=-=-=-=-= 
21:11:55.459 INFO  Loaded Interactions for guild: Friends 
21:41:52.025 INFO  =-=-=-=-=-=-=- Loading shard(s) -=-=-=-=-=-=-= 
21:41:53.504 INFO  =-=-=-=-=-=-=- Loading commands -=-=-=-=-=-=-= 
21:41:53.533 INFO  Loading Command: help. 
21:41:53.537 INFO  Loading Command: ping. 
21:41:53.544 ERROR Unable to load command youtube.js: SyntaxError: Identifier 'channel' has already been declared 
21:41:53.548 INFO  =-=-=-=-=-=-=- Loading events -=-=-=-=-=-=-= 
21:41:53.670 INFO  Loading Event: channelDelete 
21:41:53.675 INFO  Loading Event: messageReactionAdd 
21:41:53.677 INFO  Loading Event: voiceStateUpdate 
21:41:53.685 INFO  Loading Event: debug 
21:41:53.687 INFO  Loading Event: error 
21:41:53.700 INFO  Loading Event: guildCreate 
21:41:53.707 INFO  Loading Event: guildDelete 
21:41:53.709 INFO  Loading Event: guildUnavailable 
21:41:53.724 INFO  Loading Event: interactionCreate 
21:41:53.739 INFO  Loading Event: messageCreate 
21:41:53.741 INFO  Loading Event: rateLimit 
21:41:53.744 INFO  Loading Event: raw 
21:41:53.747 INFO  Loading Event: ready 
21:41:53.751 INFO  Loading Event: warn 
21:41:53.755 INFO  Loading Event: clickButton 
21:41:53.759 INFO  Loading Event: slashCreate 
21:41:53.763 INFO  Loading Event: shardDisconnect 
21:41:53.766 INFO  Loading Event: shardError 
21:41:53.768 INFO  Loading Event: shardReady 
21:41:53.772 INFO  Loading Event: shardReconnecting 
21:41:53.942 INFO  1 language(s) have loaded. (en-US) 
21:41:54.840 INFO  MongoDB successfully connected 
21:41:55.252 INFO  Shard: 0 has became ready with: 0 unavailable guilds. 
21:41:55.268 INFO  =-=-=-=-=-=-=- Loading Guild Specific Interaction(s) -=-=-=-=-=-=-= 
21:41:55.340 INFO  All guilds have been initialized. 
21:41:55.341 INFO  -=-=-=-=-=-=-=-=-=-=-=-=-=-=-=-=-=-=-=-=-=-=-=-=-=-=-=-= 
21:41:55.341 INFO  Friends#5108, ready to serve [5] users in [1] servers. 
21:41:55.342 INFO  -=-=-=-=-=-=-=-=-=-=-=-=-=-=-=-=-=-=-=-=-=-=-=-=-=-=-=-= 
21:41:55.487 INFO  Loaded Interactions for guild: Friends 
21:42:59.377 INFO  =-=-=-=-=-=-=- Loading shard(s) -=-=-=-=-=-=-= 
21:43:00.580 INFO  =-=-=-=-=-=-=- Loading commands -=-=-=-=-=-=-= 
21:43:00.595 INFO  Loading Command: help. 
21:43:00.597 INFO  Loading Command: ping. 
21:43:00.598 ERROR Unable to load command youtube.js: SyntaxError: Identifier 'channel' has already been declared 
21:43:00.599 INFO  =-=-=-=-=-=-=- Loading events -=-=-=-=-=-=-= 
21:43:00.673 INFO  Loading Event: clickButton 
21:43:00.676 INFO  Loading Event: slashCreate 
21:43:00.678 INFO  Loading Event: channelDelete 
21:43:00.680 INFO  Loading Event: messageReactionAdd 
21:43:00.682 INFO  Loading Event: voiceStateUpdate 
21:43:00.685 INFO  Loading Event: shardDisconnect 
21:43:00.686 INFO  Loading Event: shardError 
21:43:00.687 INFO  Loading Event: shardReady 
21:43:00.688 INFO  Loading Event: shardReconnecting 
21:43:00.690 INFO  Loading Event: debug 
21:43:00.692 INFO  Loading Event: error 
21:43:00.695 INFO  Loading Event: guildCreate 
21:43:00.697 INFO  Loading Event: guildDelete 
21:43:00.699 INFO  Loading Event: guildUnavailable 
21:43:00.700 INFO  Loading Event: interactionCreate 
21:43:00.705 INFO  Loading Event: messageCreate 
21:43:00.706 INFO  Loading Event: rateLimit 
21:43:00.707 INFO  Loading Event: raw 
21:43:00.709 INFO  Loading Event: ready 
21:43:00.710 INFO  Loading Event: warn 
21:43:00.771 INFO  1 language(s) have loaded. (en-US) 
21:43:01.261 INFO  MongoDB successfully connected 
21:43:01.684 INFO  Shard: 0 has became ready with: 0 unavailable guilds. 
21:43:01.688 INFO  =-=-=-=-=-=-=- Loading Guild Specific Interaction(s) -=-=-=-=-=-=-= 
21:43:01.744 INFO  All guilds have been initialized. 
21:43:01.745 INFO  -=-=-=-=-=-=-=-=-=-=-=-=-=-=-=-=-=-=-=-=-=-=-=-=-=-=-=-= 
21:43:01.745 INFO  Friends#5108, ready to serve [5] users in [1] servers. 
21:43:01.746 INFO  -=-=-=-=-=-=-=-=-=-=-=-=-=-=-=-=-=-=-=-=-=-=-=-=-=-=-=-= 
21:43:01.866 INFO  Loaded Interactions for guild: Friends 
21:43:14.217 INFO  =-=-=-=-=-=-=- Loading shard(s) -=-=-=-=-=-=-= 
21:43:15.361 INFO  =-=-=-=-=-=-=- Loading commands -=-=-=-=-=-=-= 
21:43:15.375 INFO  Loading Command: help. 
21:43:15.378 INFO  Loading Command: ping. 
21:43:15.387 INFO  Loading Command: youtube. 
21:43:15.388 INFO  =-=-=-=-=-=-=- Loading events -=-=-=-=-=-=-= 
21:43:15.470 INFO  Loading Event: clickButton 
21:43:15.472 INFO  Loading Event: slashCreate 
21:43:15.475 INFO  Loading Event: channelDelete 
21:43:15.478 INFO  Loading Event: messageReactionAdd 
21:43:15.480 INFO  Loading Event: voiceStateUpdate 
21:43:15.483 INFO  Loading Event: debug 
21:43:15.484 INFO  Loading Event: error 
21:43:15.487 INFO  Loading Event: guildCreate 
21:43:15.490 INFO  Loading Event: guildDelete 
21:43:15.491 INFO  Loading Event: guildUnavailable 
21:43:15.494 INFO  Loading Event: interactionCreate 
21:43:15.499 INFO  Loading Event: messageCreate 
21:43:15.500 INFO  Loading Event: rateLimit 
21:43:15.502 INFO  Loading Event: raw 
21:43:15.505 INFO  Loading Event: ready 
21:43:15.506 INFO  Loading Event: warn 
21:43:15.508 INFO  Loading Event: shardDisconnect 
21:43:15.510 INFO  Loading Event: shardError 
21:43:15.512 INFO  Loading Event: shardReady 
21:43:15.513 INFO  Loading Event: shardReconnecting 
21:43:15.582 INFO  1 language(s) have loaded. (en-US) 
21:43:16.085 INFO  MongoDB successfully connected 
21:43:16.441 INFO  Shard: 0 has became ready with: 0 unavailable guilds. 
21:43:16.445 INFO  =-=-=-=-=-=-=- Loading Guild Specific Interaction(s) -=-=-=-=-=-=-= 
21:43:16.498 INFO  All guilds have been initialized. 
21:43:16.499 INFO  -=-=-=-=-=-=-=-=-=-=-=-=-=-=-=-=-=-=-=-=-=-=-=-=-=-=-=-= 
21:43:16.499 INFO  Friends#5108, ready to serve [5] users in [1] servers. 
21:43:16.499 INFO  -=-=-=-=-=-=-=-=-=-=-=-=-=-=-=-=-=-=-=-=-=-=-=-=-=-=-=-= 
21:43:16.733 INFO  Loaded Interactions for guild: Friends 
21:44:09.410 INFO  =-=-=-=-=-=-=- Loading shard(s) -=-=-=-=-=-=-= 
21:44:10.372 INFO  =-=-=-=-=-=-=- Loading commands -=-=-=-=-=-=-= 
21:44:10.376 INFO  =-=-=-=-=-=-=- Loading events -=-=-=-=-=-=-= 
21:44:10.449 INFO  Loading Command: help. 
21:44:10.451 INFO  Loading Command: ping. 
21:44:10.457 INFO  Loading Command: youtube. 
21:44:10.461 INFO  Loading Event: channelDelete 
21:44:10.463 INFO  Loading Event: messageReactionAdd 
21:44:10.466 INFO  Loading Event: voiceStateUpdate 
21:44:10.468 INFO  Loading Event: debug 
21:44:10.469 INFO  Loading Event: error 
21:44:10.472 INFO  Loading Event: guildCreate 
21:44:10.474 INFO  Loading Event: guildDelete 
21:44:10.475 INFO  Loading Event: guildUnavailable 
21:44:10.476 INFO  Loading Event: interactionCreate 
21:44:10.482 INFO  Loading Event: messageCreate 
21:44:10.483 INFO  Loading Event: rateLimit 
21:44:10.484 INFO  Loading Event: raw 
21:44:10.486 INFO  Loading Event: ready 
21:44:10.487 INFO  Loading Event: warn 
21:44:10.490 INFO  Loading Event: shardDisconnect 
21:44:10.492 INFO  Loading Event: shardError 
21:44:10.493 INFO  Loading Event: shardReady 
21:44:10.495 INFO  Loading Event: shardReconnecting 
21:44:10.497 INFO  Loading Event: clickButton 
21:44:10.499 INFO  Loading Event: slashCreate 
21:44:10.559 INFO  1 language(s) have loaded. (en-US) 
21:44:10.982 INFO  MongoDB successfully connected 
21:44:11.379 INFO  Shard: 0 has became ready with: 0 unavailable guilds. 
21:44:11.383 INFO  =-=-=-=-=-=-=- Loading Guild Specific Interaction(s) -=-=-=-=-=-=-= 
21:44:11.430 INFO  All guilds have been initialized. 
21:44:11.430 INFO  -=-=-=-=-=-=-=-=-=-=-=-=-=-=-=-=-=-=-=-=-=-=-=-=-=-=-=-= 
21:44:11.430 INFO  Friends#5108, ready to serve [5] users in [1] servers. 
21:44:11.431 INFO  -=-=-=-=-=-=-=-=-=-=-=-=-=-=-=-=-=-=-=-=-=-=-=-=-=-=-=-= 
21:44:11.585 INFO  Loaded Interactions for guild: Friends 
21:44:23.062 ERROR Unhandled promise rejection: Invalid Form Body
channel_id: Value "let" is not snowflake.. 
21:44:45.097 INFO  =-=-=-=-=-=-=- Loading shard(s) -=-=-=-=-=-=-= 
21:44:46.206 INFO  =-=-=-=-=-=-=- Loading commands -=-=-=-=-=-=-= 
21:44:46.219 INFO  Loading Command: help. 
21:44:46.222 INFO  Loading Command: ping. 
21:44:46.229 INFO  Loading Command: youtube. 
21:44:46.230 INFO  =-=-=-=-=-=-=- Loading events -=-=-=-=-=-=-= 
21:44:46.304 INFO  Loading Event: debug 
21:44:46.306 INFO  Loading Event: error 
21:44:46.309 INFO  Loading Event: guildCreate 
21:44:46.312 INFO  Loading Event: guildDelete 
21:44:46.314 INFO  Loading Event: guildUnavailable 
21:44:46.315 INFO  Loading Event: interactionCreate 
21:44:46.321 INFO  Loading Event: messageCreate 
21:44:46.323 INFO  Loading Event: rateLimit 
21:44:46.325 INFO  Loading Event: raw 
21:44:46.327 INFO  Loading Event: ready 
21:44:46.329 INFO  Loading Event: warn 
21:44:46.333 INFO  Loading Event: clickButton 
21:44:46.335 INFO  Loading Event: slashCreate 
21:44:46.338 INFO  Loading Event: channelDelete 
21:44:46.340 INFO  Loading Event: messageReactionAdd 
21:44:46.344 INFO  Loading Event: voiceStateUpdate 
21:44:46.347 INFO  Loading Event: shardDisconnect 
21:44:46.348 INFO  Loading Event: shardError 
21:44:46.350 INFO  Loading Event: shardReady 
21:44:46.352 INFO  Loading Event: shardReconnecting 
21:44:46.422 INFO  1 language(s) have loaded. (en-US) 
21:44:46.934 INFO  MongoDB successfully connected 
21:44:47.340 INFO  Shard: 0 has became ready with: 0 unavailable guilds. 
21:44:47.344 INFO  =-=-=-=-=-=-=- Loading Guild Specific Interaction(s) -=-=-=-=-=-=-= 
21:44:47.382 INFO  All guilds have been initialized. 
21:44:47.383 INFO  -=-=-=-=-=-=-=-=-=-=-=-=-=-=-=-=-=-=-=-=-=-=-=-=-=-=-=-= 
21:44:47.383 INFO  Friends#5108, ready to serve [5] users in [1] servers. 
21:44:47.384 INFO  -=-=-=-=-=-=-=-=-=-=-=-=-=-=-=-=-=-=-=-=-=-=-=-=-=-=-=-= 
21:44:47.518 INFO  Loaded Interactions for guild: Friends 
21:44:52.539 ERROR Unhandled promise rejection: Invalid Form Body
channel_id: Value "let" is not snowflake.. 
21:45:20.339 ERROR Unhandled promise rejection: guild is not defined. 
21:45:46.665 INFO  =-=-=-=-=-=-=- Loading shard(s) -=-=-=-=-=-=-= 
21:45:47.665 INFO  =-=-=-=-=-=-=- Loading commands -=-=-=-=-=-=-= 
21:45:47.677 INFO  Loading Command: help. 
21:45:47.679 INFO  Loading Command: ping. 
21:45:47.686 INFO  Loading Command: youtube. 
21:45:47.686 INFO  =-=-=-=-=-=-=- Loading events -=-=-=-=-=-=-= 
21:45:47.755 INFO  Loading Event: shardDisconnect 
21:45:47.756 INFO  Loading Event: shardError 
21:45:47.757 INFO  Loading Event: shardReady 
21:45:47.758 INFO  Loading Event: shardReconnecting 
21:45:47.760 INFO  Loading Event: clickButton 
21:45:47.763 INFO  Loading Event: slashCreate 
21:45:47.765 INFO  Loading Event: channelDelete 
21:45:47.766 INFO  Loading Event: messageReactionAdd 
21:45:47.768 INFO  Loading Event: voiceStateUpdate 
21:45:47.770 INFO  Loading Event: debug 
21:45:47.771 INFO  Loading Event: error 
21:45:47.774 INFO  Loading Event: guildCreate 
21:45:47.776 INFO  Loading Event: guildDelete 
21:45:47.777 INFO  Loading Event: guildUnavailable 
21:45:47.778 INFO  Loading Event: interactionCreate 
21:45:47.782 INFO  Loading Event: messageCreate 
21:45:47.784 INFO  Loading Event: rateLimit 
21:45:47.785 INFO  Loading Event: raw 
21:45:47.786 INFO  Loading Event: ready 
21:45:47.788 INFO  Loading Event: warn 
21:45:47.843 INFO  1 language(s) have loaded. (en-US) 
21:45:48.311 INFO  MongoDB successfully connected 
21:45:48.643 INFO  Shard: 0 has became ready with: 0 unavailable guilds. 
21:45:48.647 INFO  =-=-=-=-=-=-=- Loading Guild Specific Interaction(s) -=-=-=-=-=-=-= 
21:45:48.700 INFO  All guilds have been initialized. 
21:45:48.701 INFO  -=-=-=-=-=-=-=-=-=-=-=-=-=-=-=-=-=-=-=-=-=-=-=-=-=-=-=-= 
21:45:48.701 INFO  Friends#5108, ready to serve [5] users in [1] servers. 
21:45:48.702 INFO  -=-=-=-=-=-=-=-=-=-=-=-=-=-=-=-=-=-=-=-=-=-=-=-=-=-=-=-= 
21:45:48.871 INFO  Loaded Interactions for guild: Friends 
21:47:32.790 INFO  =-=-=-=-=-=-=- Loading shard(s) -=-=-=-=-=-=-= 
21:47:33.828 INFO  =-=-=-=-=-=-=- Loading commands -=-=-=-=-=-=-= 
21:47:33.839 INFO  Loading Command: help. 
21:47:33.841 INFO  Loading Command: ping. 
21:47:33.843 ERROR Unable to load command youtube.js: SyntaxError: await is only valid in async function 
21:47:33.844 INFO  =-=-=-=-=-=-=- Loading events -=-=-=-=-=-=-= 
21:47:33.910 INFO  Loading Event: debug 
21:47:33.911 INFO  Loading Event: error 
21:47:33.914 INFO  Loading Event: guildCreate 
21:47:33.916 INFO  Loading Event: guildDelete 
21:47:33.918 INFO  Loading Event: guildUnavailable 
21:47:33.919 INFO  Loading Event: interactionCreate 
21:47:33.923 INFO  Loading Event: messageCreate 
21:47:33.925 INFO  Loading Event: rateLimit 
21:47:33.926 INFO  Loading Event: raw 
21:47:33.928 INFO  Loading Event: ready 
21:47:33.929 INFO  Loading Event: warn 
21:47:33.931 INFO  Loading Event: channelDelete 
21:47:33.933 INFO  Loading Event: messageReactionAdd 
21:47:33.935 INFO  Loading Event: voiceStateUpdate 
21:47:33.937 INFO  Loading Event: clickButton 
21:47:33.939 INFO  Loading Event: slashCreate 
21:47:33.942 INFO  Loading Event: shardDisconnect 
21:47:33.943 INFO  Loading Event: shardError 
21:47:33.945 INFO  Loading Event: shardReady 
21:47:33.946 INFO  Loading Event: shardReconnecting 
21:47:34.027 INFO  1 language(s) have loaded. (en-US) 
21:47:34.652 INFO  MongoDB successfully connected 
21:47:35.008 INFO  Shard: 0 has became ready with: 0 unavailable guilds. 
21:47:35.012 INFO  =-=-=-=-=-=-=- Loading Guild Specific Interaction(s) -=-=-=-=-=-=-= 
21:47:35.059 INFO  All guilds have been initialized. 
21:47:35.059 INFO  -=-=-=-=-=-=-=-=-=-=-=-=-=-=-=-=-=-=-=-=-=-=-=-=-=-=-=-= 
21:47:35.059 INFO  Friends#5108, ready to serve [6] users in [1] servers. 
21:47:35.059 INFO  -=-=-=-=-=-=-=-=-=-=-=-=-=-=-=-=-=-=-=-=-=-=-=-=-=-=-=-= 
21:47:35.229 INFO  Loaded Interactions for guild: Friends 
21:47:43.359 INFO  =-=-=-=-=-=-=- Loading shard(s) -=-=-=-=-=-=-= 
21:47:44.619 INFO  =-=-=-=-=-=-=- Loading commands -=-=-=-=-=-=-= 
21:47:44.632 INFO  Loading Command: help. 
21:47:44.635 INFO  Loading Command: ping. 
21:47:44.636 ERROR Unable to load command youtube.js: SyntaxError: await is only valid in async function 
21:47:44.637 INFO  =-=-=-=-=-=-=- Loading events -=-=-=-=-=-=-= 
21:47:44.712 INFO  Loading Event: channelDelete 
21:47:44.714 INFO  Loading Event: messageReactionAdd 
21:47:44.715 INFO  Loading Event: voiceStateUpdate 
21:47:44.718 INFO  Loading Event: debug 
21:47:44.719 INFO  Loading Event: error 
21:47:44.722 INFO  Loading Event: guildCreate 
21:47:44.725 INFO  Loading Event: guildDelete 
21:47:44.727 INFO  Loading Event: guildUnavailable 
21:47:44.728 INFO  Loading Event: interactionCreate 
21:47:44.732 INFO  Loading Event: messageCreate 
21:47:44.734 INFO  Loading Event: rateLimit 
21:47:44.735 INFO  Loading Event: raw 
21:47:44.737 INFO  Loading Event: ready 
21:47:44.739 INFO  Loading Event: warn 
21:47:44.741 INFO  Loading Event: clickButton 
21:47:44.744 INFO  Loading Event: slashCreate 
21:47:44.745 INFO  Loading Event: shardDisconnect 
21:47:44.747 INFO  Loading Event: shardError 
21:47:44.748 INFO  Loading Event: shardReady 
21:47:44.749 INFO  Loading Event: shardReconnecting 
21:47:44.810 INFO  1 language(s) have loaded. (en-US) 
21:47:45.301 INFO  MongoDB successfully connected 
21:47:45.613 INFO  Shard: 0 has became ready with: 0 unavailable guilds. 
21:47:45.616 INFO  =-=-=-=-=-=-=- Loading Guild Specific Interaction(s) -=-=-=-=-=-=-= 
21:47:45.671 INFO  All guilds have been initialized. 
21:47:45.671 INFO  -=-=-=-=-=-=-=-=-=-=-=-=-=-=-=-=-=-=-=-=-=-=-=-=-=-=-=-= 
21:47:45.671 INFO  Friends#5108, ready to serve [6] users in [1] servers. 
21:47:45.672 INFO  -=-=-=-=-=-=-=-=-=-=-=-=-=-=-=-=-=-=-=-=-=-=-=-=-=-=-=-= 
21:47:45.810 INFO  Loaded Interactions for guild: Friends 
21:48:29.122 INFO  =-=-=-=-=-=-=- Loading shard(s) -=-=-=-=-=-=-= 
21:48:30.300 INFO  =-=-=-=-=-=-=- Loading commands -=-=-=-=-=-=-= 
21:48:30.315 INFO  Loading Command: help. 
21:48:30.317 INFO  Loading Command: ping. 
21:48:30.325 INFO  Loading Command: youtube. 
21:48:30.326 INFO  =-=-=-=-=-=-=- Loading events -=-=-=-=-=-=-= 
21:48:30.401 INFO  Loading Event: shardDisconnect 
21:48:30.403 INFO  Loading Event: shardError 
21:48:30.405 INFO  Loading Event: shardReady 
21:48:30.406 INFO  Loading Event: shardReconnecting 
21:48:30.409 INFO  Loading Event: channelDelete 
21:48:30.411 INFO  Loading Event: messageReactionAdd 
21:48:30.414 INFO  Loading Event: voiceStateUpdate 
21:48:30.416 INFO  Loading Event: debug 
21:48:30.418 INFO  Loading Event: error 
21:48:30.420 INFO  Loading Event: guildCreate 
21:48:30.424 INFO  Loading Event: guildDelete 
21:48:30.425 INFO  Loading Event: guildUnavailable 
21:48:30.427 INFO  Loading Event: interactionCreate 
21:48:30.431 INFO  Loading Event: messageCreate 
21:48:30.433 INFO  Loading Event: rateLimit 
21:48:30.435 INFO  Loading Event: raw 
21:48:30.437 INFO  Loading Event: ready 
21:48:30.438 INFO  Loading Event: warn 
21:48:30.442 INFO  Loading Event: clickButton 
21:48:30.445 INFO  Loading Event: slashCreate 
21:48:30.512 INFO  1 language(s) have loaded. (en-US) 
21:48:31.038 INFO  MongoDB successfully connected 
21:48:31.365 INFO  Shard: 0 has became ready with: 0 unavailable guilds. 
21:48:31.370 INFO  =-=-=-=-=-=-=- Loading Guild Specific Interaction(s) -=-=-=-=-=-=-= 
21:48:31.421 INFO  All guilds have been initialized. 
21:48:31.421 INFO  -=-=-=-=-=-=-=-=-=-=-=-=-=-=-=-=-=-=-=-=-=-=-=-=-=-=-=-= 
21:48:31.421 INFO  Friends#5108, ready to serve [6] users in [1] servers. 
21:48:31.422 INFO  -=-=-=-=-=-=-=-=-=-=-=-=-=-=-=-=-=-=-=-=-=-=-=-=-=-=-=-= 
21:48:35.885 INFO  Loaded Interactions for guild: Friends 
21:48:43.724 ERROR Unhandled promise rejection: t is not defined. 
21:48:58.231 INFO  =-=-=-=-=-=-=- Loading shard(s) -=-=-=-=-=-=-= 
21:48:59.451 INFO  =-=-=-=-=-=-=- Loading commands -=-=-=-=-=-=-= 
21:48:59.454 INFO  =-=-=-=-=-=-=- Loading events -=-=-=-=-=-=-= 
21:48:59.535 INFO  Loading Command: help. 
21:48:59.537 INFO  Loading Command: ping. 
21:48:59.545 INFO  Loading Command: youtube. 
21:48:59.549 INFO  Loading Event: debug 
21:48:59.551 INFO  Loading Event: error 
21:48:59.553 INFO  Loading Event: guildCreate 
21:48:59.556 INFO  Loading Event: guildDelete 
21:48:59.558 INFO  Loading Event: guildUnavailable 
21:48:59.559 INFO  Loading Event: interactionCreate 
21:48:59.565 INFO  Loading Event: messageCreate 
21:48:59.567 INFO  Loading Event: rateLimit 
21:48:59.568 INFO  Loading Event: raw 
21:48:59.571 INFO  Loading Event: ready 
21:48:59.573 INFO  Loading Event: warn 
21:48:59.576 INFO  Loading Event: clickButton 
21:48:59.579 INFO  Loading Event: slashCreate 
21:48:59.582 INFO  Loading Event: channelDelete 
21:48:59.585 INFO  Loading Event: messageReactionAdd 
21:48:59.587 INFO  Loading Event: voiceStateUpdate 
21:48:59.590 INFO  Loading Event: shardDisconnect 
21:48:59.591 INFO  Loading Event: shardError 
21:48:59.593 INFO  Loading Event: shardReady 
21:48:59.595 INFO  Loading Event: shardReconnecting 
21:48:59.660 INFO  1 language(s) have loaded. (en-US) 
21:49:00.176 INFO  MongoDB successfully connected 
21:49:00.600 INFO  Shard: 0 has became ready with: 0 unavailable guilds. 
21:49:00.604 INFO  =-=-=-=-=-=-=- Loading Guild Specific Interaction(s) -=-=-=-=-=-=-= 
21:49:00.655 INFO  All guilds have been initialized. 
21:49:00.656 INFO  -=-=-=-=-=-=-=-=-=-=-=-=-=-=-=-=-=-=-=-=-=-=-=-=-=-=-=-= 
21:49:00.656 INFO  Friends#5108, ready to serve [6] users in [1] servers. 
21:49:00.656 INFO  -=-=-=-=-=-=-=-=-=-=-=-=-=-=-=-=-=-=-=-=-=-=-=-=-=-=-=-= 
21:49:00.810 INFO  Loaded Interactions for guild: Friends 
21:50:22.131 INFO  =-=-=-=-=-=-=- Loading shard(s) -=-=-=-=-=-=-= 
21:50:23.170 INFO  =-=-=-=-=-=-=- Loading commands -=-=-=-=-=-=-= 
21:50:23.182 INFO  Loading Command: help. 
21:50:23.185 INFO  Loading Command: ping. 
21:50:23.191 INFO  Loading Command: youtube. 
21:50:23.192 INFO  =-=-=-=-=-=-=- Loading events -=-=-=-=-=-=-= 
21:50:23.258 INFO  Loading Event: clickButton 
21:50:23.260 INFO  Loading Event: slashCreate 
21:50:23.263 INFO  Loading Event: channelDelete 
21:50:23.265 INFO  Loading Event: messageReactionAdd 
21:50:23.267 INFO  Loading Event: voiceStateUpdate 
21:50:23.270 INFO  Loading Event: debug 
21:50:23.271 INFO  Loading Event: error 
21:50:23.273 INFO  Loading Event: guildCreate 
21:50:23.276 INFO  Loading Event: guildDelete 
21:50:23.277 INFO  Loading Event: guildUnavailable 
21:50:23.278 INFO  Loading Event: interactionCreate 
21:50:23.283 INFO  Loading Event: messageCreate 
21:50:23.284 INFO  Loading Event: rateLimit 
21:50:23.286 INFO  Loading Event: raw 
21:50:23.287 INFO  Loading Event: ready 
21:50:23.289 INFO  Loading Event: warn 
21:50:23.291 INFO  Loading Event: shardDisconnect 
21:50:23.293 INFO  Loading Event: shardError 
21:50:23.294 INFO  Loading Event: shardReady 
21:50:23.295 INFO  Loading Event: shardReconnecting 
21:50:23.358 INFO  1 language(s) have loaded. (en-US) 
21:50:23.791 INFO  MongoDB successfully connected 
21:50:24.110 INFO  Shard: 0 has became ready with: 0 unavailable guilds. 
21:50:24.114 INFO  =-=-=-=-=-=-=- Loading Guild Specific Interaction(s) -=-=-=-=-=-=-= 
21:50:24.153 INFO  All guilds have been initialized. 
21:50:24.154 INFO  -=-=-=-=-=-=-=-=-=-=-=-=-=-=-=-=-=-=-=-=-=-=-=-=-=-=-=-= 
21:50:24.154 INFO  Friends#5108, ready to serve [6] users in [1] servers. 
21:50:24.154 INFO  -=-=-=-=-=-=-=-=-=-=-=-=-=-=-=-=-=-=-=-=-=-=-=-=-=-=-=-= 
21:50:24.311 INFO  Loaded Interactions for guild: Friends 
21:51:39.411 INFO  =-=-=-=-=-=-=- Loading shard(s) -=-=-=-=-=-=-= 
21:51:40.555 INFO  =-=-=-=-=-=-=- Loading commands -=-=-=-=-=-=-= 
21:51:40.568 INFO  Loading Command: help. 
21:51:40.571 INFO  Loading Command: ping. 
21:51:40.579 INFO  Loading Command: youtube. 
21:51:40.580 INFO  =-=-=-=-=-=-=- Loading events -=-=-=-=-=-=-= 
21:51:40.671 INFO  Loading Event: clickButton 
21:51:40.674 INFO  Loading Event: slashCreate 
21:51:40.677 INFO  Loading Event: channelDelete 
21:51:40.680 INFO  Loading Event: messageReactionAdd 
21:51:40.683 INFO  Loading Event: voiceStateUpdate 
21:51:40.685 INFO  Loading Event: debug 
21:51:40.687 INFO  Loading Event: error 
21:51:40.690 INFO  Loading Event: guildCreate 
21:51:40.693 INFO  Loading Event: guildDelete 
21:51:40.695 INFO  Loading Event: guildUnavailable 
21:51:40.697 INFO  Loading Event: interactionCreate 
21:51:40.701 INFO  Loading Event: messageCreate 
21:51:40.703 INFO  Loading Event: rateLimit 
21:51:40.705 INFO  Loading Event: raw 
21:51:40.707 INFO  Loading Event: ready 
21:51:40.708 INFO  Loading Event: warn 
21:51:40.710 INFO  Loading Event: shardDisconnect 
21:51:40.712 INFO  Loading Event: shardError 
21:51:40.714 INFO  Loading Event: shardReady 
21:51:40.715 INFO  Loading Event: shardReconnecting 
21:51:40.785 INFO  1 language(s) have loaded. (en-US) 
21:51:41.263 INFO  MongoDB successfully connected 
21:51:41.758 INFO  Shard: 0 has became ready with: 0 unavailable guilds. 
21:51:41.762 INFO  =-=-=-=-=-=-=- Loading Guild Specific Interaction(s) -=-=-=-=-=-=-= 
21:51:41.812 INFO  All guilds have been initialized. 
21:51:41.812 INFO  -=-=-=-=-=-=-=-=-=-=-=-=-=-=-=-=-=-=-=-=-=-=-=-=-=-=-=-= 
21:51:41.813 INFO  Friends#5108, ready to serve [6] users in [1] servers. 
21:51:41.813 INFO  -=-=-=-=-=-=-=-=-=-=-=-=-=-=-=-=-=-=-=-=-=-=-=-=-=-=-=-= 
21:51:41.943 INFO  Loaded Interactions for guild: Friends 
21:51:57.912 ERROR Unhandled promise rejection: Cannot read property 'deleteReply' of undefined. 
21:52:09.882 INFO  =-=-=-=-=-=-=- Loading shard(s) -=-=-=-=-=-=-= 
21:52:11.033 INFO  =-=-=-=-=-=-=- Loading commands -=-=-=-=-=-=-= 
21:52:11.045 INFO  Loading Command: help. 
21:52:11.047 INFO  Loading Command: ping. 
21:52:11.054 INFO  Loading Command: youtube. 
21:52:11.055 INFO  =-=-=-=-=-=-=- Loading events -=-=-=-=-=-=-= 
21:52:11.128 INFO  Loading Event: debug 
21:52:11.129 INFO  Loading Event: error 
21:52:11.132 INFO  Loading Event: guildCreate 
21:52:11.134 INFO  Loading Event: guildDelete 
21:52:11.136 INFO  Loading Event: guildUnavailable 
21:52:11.137 INFO  Loading Event: interactionCreate 
21:52:11.141 INFO  Loading Event: messageCreate 
21:52:11.143 INFO  Loading Event: rateLimit 
21:52:11.144 INFO  Loading Event: raw 
21:52:11.146 INFO  Loading Event: ready 
21:52:11.147 INFO  Loading Event: warn 
21:52:11.149 INFO  Loading Event: clickButton 
21:52:11.152 INFO  Loading Event: slashCreate 
21:52:11.155 INFO  Loading Event: channelDelete 
21:52:11.157 INFO  Loading Event: messageReactionAdd 
21:52:11.159 INFO  Loading Event: voiceStateUpdate 
21:52:11.162 INFO  Loading Event: shardDisconnect 
21:52:11.164 INFO  Loading Event: shardError 
21:52:11.165 INFO  Loading Event: shardReady 
21:52:11.166 INFO  Loading Event: shardReconnecting 
21:52:11.223 INFO  1 language(s) have loaded. (en-US) 
21:52:11.625 INFO  MongoDB successfully connected 
21:52:12.034 INFO  Shard: 0 has became ready with: 0 unavailable guilds. 
21:52:12.037 INFO  =-=-=-=-=-=-=- Loading Guild Specific Interaction(s) -=-=-=-=-=-=-= 
21:52:12.075 INFO  All guilds have been initialized. 
21:52:12.075 INFO  -=-=-=-=-=-=-=-=-=-=-=-=-=-=-=-=-=-=-=-=-=-=-=-=-=-=-=-= 
21:52:12.075 INFO  Friends#5108, ready to serve [6] users in [1] servers. 
21:52:12.076 INFO  -=-=-=-=-=-=-=-=-=-=-=-=-=-=-=-=-=-=-=-=-=-=-=-=-=-=-=-= 
21:52:12.275 INFO  Loaded Interactions for guild: Friends 
